{"/Users/shawwalters/eliza/packages/autonomous-starter/src/plugin-env/generation.ts": {"path":"/Users/shawwalters/eliza/packages/autonomous-starter/src/plugin-env/generation.ts","all":false,"statementMap":{"0":{"start":{"line":1,"column":0},"end":{"line":1,"column":39}},"6":{"start":{"line":7,"column":0},"end":{"line":7,"column":36}},"7":{"start":{"line":8,"column":0},"end":{"line":8,"column":16}},"8":{"start":{"line":9,"column":0},"end":{"line":9,"column":10}},"28":{"start":{"line":29,"column":0},"end":{"line":29,"column":14}},"46":{"start":{"line":47,"column":0},"end":{"line":47,"column":4}},"48":{"start":{"line":49,"column":0},"end":{"line":49,"column":11}},"49":{"start":{"line":50,"column":0},"end":{"line":50,"column":11}},"60":{"start":{"line":61,"column":0},"end":{"line":61,"column":13}},"71":{"start":{"line":72,"column":0},"end":{"line":72,"column":16}},"82":{"start":{"line":83,"column":0},"end":{"line":83,"column":17}},"94":{"start":{"line":95,"column":0},"end":{"line":95,"column":4}},"96":{"start":{"line":97,"column":0},"end":{"line":97,"column":11}},"97":{"start":{"line":98,"column":0},"end":{"line":98,"column":11}},"103":{"start":{"line":104,"column":0},"end":{"line":104,"column":20}},"117":{"start":{"line":118,"column":0},"end":{"line":118,"column":4}},"118":{"start":{"line":119,"column":0},"end":{"line":119,"column":2}},"123":{"start":{"line":124,"column":0},"end":{"line":124,"column":39}},"124":{"start":{"line":125,"column":0},"end":{"line":125,"column":40}},"125":{"start":{"line":126,"column":0},"end":{"line":126,"column":11}},"126":{"start":{"line":127,"column":0},"end":{"line":127,"column":19}},"127":{"start":{"line":128,"column":0},"end":{"line":128,"column":15}},"128":{"start":{"line":129,"column":0},"end":{"line":129,"column":18}},"129":{"start":{"line":130,"column":0},"end":{"line":130,"column":19}},"130":{"start":{"line":131,"column":0},"end":{"line":131,"column":4}},"131":{"start":{"line":132,"column":0},"end":{"line":132,"column":11}},"132":{"start":{"line":133,"column":0},"end":{"line":133,"column":13}},"133":{"start":{"line":134,"column":0},"end":{"line":134,"column":22}},"134":{"start":{"line":135,"column":0},"end":{"line":135,"column":4}},"135":{"start":{"line":136,"column":0},"end":{"line":136,"column":2}},"140":{"start":{"line":141,"column":0},"end":{"line":141,"column":97}},"141":{"start":{"line":142,"column":0},"end":{"line":142,"column":42}},"142":{"start":{"line":143,"column":0},"end":{"line":143,"column":53}},"145":{"start":{"line":146,"column":0},"end":{"line":146,"column":6}},"146":{"start":{"line":147,"column":0},"end":{"line":147,"column":29}},"147":{"start":{"line":148,"column":0},"end":{"line":148,"column":40}},"148":{"start":{"line":149,"column":0},"end":{"line":149,"column":37}},"149":{"start":{"line":150,"column":0},"end":{"line":150,"column":5}},"150":{"start":{"line":151,"column":0},"end":{"line":151,"column":16}},"151":{"start":{"line":152,"column":0},"end":{"line":152,"column":3}},"154":{"start":{"line":155,"column":0},"end":{"line":155,"column":87}},"156":{"start":{"line":157,"column":0},"end":{"line":157,"column":73}},"157":{"start":{"line":158,"column":0},"end":{"line":158,"column":19}},"158":{"start":{"line":159,"column":0},"end":{"line":159,"column":5}},"159":{"start":{"line":160,"column":0},"end":{"line":160,"column":16}},"160":{"start":{"line":161,"column":0},"end":{"line":161,"column":3}},"163":{"start":{"line":164,"column":0},"end":{"line":164,"column":26}},"164":{"start":{"line":165,"column":0},"end":{"line":165,"column":76}},"165":{"start":{"line":166,"column":0},"end":{"line":166,"column":18}},"166":{"start":{"line":167,"column":0},"end":{"line":167,"column":5}},"167":{"start":{"line":168,"column":0},"end":{"line":168,"column":3}},"170":{"start":{"line":171,"column":0},"end":{"line":171,"column":63}},"171":{"start":{"line":172,"column":0},"end":{"line":172,"column":16}},"172":{"start":{"line":173,"column":0},"end":{"line":173,"column":3}},"174":{"start":{"line":175,"column":0},"end":{"line":175,"column":15}},"175":{"start":{"line":176,"column":0},"end":{"line":176,"column":1}},"180":{"start":{"line":181,"column":0},"end":{"line":181,"column":31}},"181":{"start":{"line":182,"column":0},"end":{"line":182,"column":18}},"182":{"start":{"line":183,"column":0},"end":{"line":183,"column":15}},"183":{"start":{"line":184,"column":0},"end":{"line":184,"column":21}},"184":{"start":{"line":185,"column":0},"end":{"line":185,"column":22}},"185":{"start":{"line":186,"column":0},"end":{"line":186,"column":28}},"186":{"start":{"line":187,"column":0},"end":{"line":187,"column":42}},"187":{"start":{"line":188,"column":0},"end":{"line":188,"column":53}},"189":{"start":{"line":190,"column":0},"end":{"line":190,"column":35}},"190":{"start":{"line":191,"column":0},"end":{"line":191,"column":34}},"193":{"start":{"line":194,"column":0},"end":{"line":194,"column":68}},"194":{"start":{"line":195,"column":0},"end":{"line":195,"column":73}},"195":{"start":{"line":196,"column":0},"end":{"line":196,"column":55}},"196":{"start":{"line":197,"column":0},"end":{"line":197,"column":12}},"197":{"start":{"line":198,"column":0},"end":{"line":198,"column":69}},"198":{"start":{"line":199,"column":0},"end":{"line":199,"column":5}},"199":{"start":{"line":200,"column":0},"end":{"line":200,"column":54}},"200":{"start":{"line":201,"column":0},"end":{"line":201,"column":70}},"201":{"start":{"line":202,"column":0},"end":{"line":202,"column":45}},"202":{"start":{"line":203,"column":0},"end":{"line":203,"column":54}},"203":{"start":{"line":204,"column":0},"end":{"line":204,"column":73}},"204":{"start":{"line":205,"column":0},"end":{"line":205,"column":51}},"205":{"start":{"line":206,"column":0},"end":{"line":206,"column":60}},"206":{"start":{"line":207,"column":0},"end":{"line":207,"column":65}},"207":{"start":{"line":208,"column":0},"end":{"line":208,"column":71}},"208":{"start":{"line":209,"column":0},"end":{"line":209,"column":52}},"209":{"start":{"line":210,"column":0},"end":{"line":210,"column":12}},"210":{"start":{"line":211,"column":0},"end":{"line":211,"column":67}},"211":{"start":{"line":212,"column":0},"end":{"line":212,"column":5}},"212":{"start":{"line":213,"column":0},"end":{"line":213,"column":56}},"213":{"start":{"line":214,"column":0},"end":{"line":214,"column":42}},"214":{"start":{"line":215,"column":0},"end":{"line":215,"column":45}},"215":{"start":{"line":216,"column":0},"end":{"line":216,"column":54}},"216":{"start":{"line":217,"column":0},"end":{"line":217,"column":76}},"217":{"start":{"line":218,"column":0},"end":{"line":218,"column":54}},"218":{"start":{"line":219,"column":0},"end":{"line":219,"column":63}},"219":{"start":{"line":220,"column":0},"end":{"line":220,"column":3}},"221":{"start":{"line":222,"column":0},"end":{"line":222,"column":16}},"222":{"start":{"line":223,"column":0},"end":{"line":223,"column":81}},"223":{"start":{"line":224,"column":0},"end":{"line":224,"column":16}},"224":{"start":{"line":225,"column":0},"end":{"line":225,"column":3}},"226":{"start":{"line":227,"column":0},"end":{"line":227,"column":10}},"227":{"start":{"line":228,"column":0},"end":{"line":228,"column":26}},"228":{"start":{"line":229,"column":0},"end":{"line":229,"column":15}},"229":{"start":{"line":230,"column":0},"end":{"line":230,"column":26}},"230":{"start":{"line":231,"column":0},"end":{"line":231,"column":17}},"231":{"start":{"line":232,"column":0},"end":{"line":232,"column":16}},"232":{"start":{"line":233,"column":0},"end":{"line":233,"column":22}},"233":{"start":{"line":234,"column":0},"end":{"line":234,"column":26}},"234":{"start":{"line":235,"column":0},"end":{"line":235,"column":4}},"235":{"start":{"line":236,"column":0},"end":{"line":236,"column":1}},"240":{"start":{"line":241,"column":0},"end":{"line":241,"column":81}},"241":{"start":{"line":242,"column":0},"end":{"line":242,"column":42}},"243":{"start":{"line":244,"column":0},"end":{"line":244,"column":68}},"244":{"start":{"line":245,"column":0},"end":{"line":245,"column":40}},"245":{"start":{"line":246,"column":0},"end":{"line":246,"column":79}},"246":{"start":{"line":247,"column":0},"end":{"line":247,"column":12}},"247":{"start":{"line":248,"column":0},"end":{"line":248,"column":75}},"248":{"start":{"line":249,"column":0},"end":{"line":249,"column":5}},"249":{"start":{"line":250,"column":0},"end":{"line":250,"column":42}},"250":{"start":{"line":251,"column":0},"end":{"line":251,"column":65}},"251":{"start":{"line":252,"column":0},"end":{"line":252,"column":73}},"252":{"start":{"line":253,"column":0},"end":{"line":253,"column":60}},"253":{"start":{"line":254,"column":0},"end":{"line":254,"column":65}},"254":{"start":{"line":255,"column":0},"end":{"line":255,"column":63}},"255":{"start":{"line":256,"column":0},"end":{"line":256,"column":42}},"256":{"start":{"line":257,"column":0},"end":{"line":257,"column":63}},"257":{"start":{"line":258,"column":0},"end":{"line":258,"column":76}},"258":{"start":{"line":259,"column":0},"end":{"line":259,"column":45}},"259":{"start":{"line":260,"column":0},"end":{"line":260,"column":3}},"261":{"start":{"line":262,"column":0},"end":{"line":262,"column":58}},"262":{"start":{"line":263,"column":0},"end":{"line":263,"column":1}}},"s":{"0":0,"6":1,"7":1,"8":1,"28":1,"46":1,"48":1,"49":1,"60":1,"71":1,"82":1,"94":1,"96":1,"97":1,"103":1,"117":1,"118":1,"123":1,"124":1,"125":1,"126":1,"127":1,"128":1,"129":1,"130":1,"131":1,"132":1,"133":1,"134":1,"135":1,"140":1,"141":24,"142":24,"145":24,"146":24,"147":21,"148":19,"149":24,"150":6,"151":6,"154":24,"156":7,"157":4,"158":4,"159":3,"160":3,"163":23,"164":9,"165":3,"166":3,"167":9,"170":24,"171":3,"172":3,"174":5,"175":5,"180":1,"181":10,"182":10,"183":10,"184":10,"185":10,"186":10,"187":10,"189":10,"190":10,"193":10,"194":2,"195":1,"196":1,"197":1,"198":1,"199":2,"200":10,"201":1,"202":1,"203":8,"204":1,"205":1,"206":7,"207":3,"208":1,"209":3,"210":2,"211":2,"212":3,"213":3,"214":1,"215":1,"216":3,"217":1,"218":1,"219":1,"221":10,"222":1,"223":1,"224":1,"226":9,"227":9,"228":9,"229":9,"230":9,"231":9,"232":9,"233":9,"234":9,"235":9,"240":1,"241":8,"243":8,"244":2,"245":1,"246":1,"247":1,"248":1,"249":8,"250":1,"251":6,"252":1,"253":5,"254":1,"255":4,"256":1,"257":3,"258":1,"259":1,"261":1,"262":1},"branchMap":{"0":{"type":"branch","line":1,"loc":{"start":{"line":1,"column":0},"end":{"line":1,"column":39}},"locations":[{"start":{"line":1,"column":0},"end":{"line":1,"column":39}}]},"1":{"type":"branch","line":1,"loc":{"start":{"line":1,"column":0},"end":{"line":1,"column":39}},"locations":[{"start":{"line":1,"column":0},"end":{"line":1,"column":39}}]},"2":{"type":"branch","line":141,"loc":{"start":{"line":141,"column":7},"end":{"line":176,"column":1}},"locations":[{"start":{"line":141,"column":7},"end":{"line":176,"column":1}}]},"3":{"type":"branch","line":143,"loc":{"start":{"line":143,"column":20},"end":{"line":143,"column":45}},"locations":[{"start":{"line":143,"column":20},"end":{"line":143,"column":45}}]},"4":{"type":"branch","line":143,"loc":{"start":{"line":143,"column":45},"end":{"line":143,"column":53}},"locations":[{"start":{"line":143,"column":45},"end":{"line":143,"column":53}}]},"5":{"type":"branch","line":147,"loc":{"start":{"line":147,"column":13},"end":{"line":148,"column":40}},"locations":[{"start":{"line":147,"column":13},"end":{"line":148,"column":40}}]},"6":{"type":"branch","line":148,"loc":{"start":{"line":148,"column":36},"end":{"line":149,"column":37}},"locations":[{"start":{"line":148,"column":36},"end":{"line":149,"column":37}}]},"7":{"type":"branch","line":150,"loc":{"start":{"line":150,"column":4},"end":{"line":152,"column":3}},"locations":[{"start":{"line":150,"column":4},"end":{"line":152,"column":3}}]},"8":{"type":"branch","line":152,"loc":{"start":{"line":152,"column":2},"end":{"line":155,"column":27}},"locations":[{"start":{"line":152,"column":2},"end":{"line":155,"column":27}}]},"9":{"type":"branch","line":155,"loc":{"start":{"line":155,"column":15},"end":{"line":155,"column":59}},"locations":[{"start":{"line":155,"column":15},"end":{"line":155,"column":59}}]},"10":{"type":"branch","line":155,"loc":{"start":{"line":155,"column":54},"end":{"line":155,"column":86}},"locations":[{"start":{"line":155,"column":54},"end":{"line":155,"column":86}}]},"11":{"type":"branch","line":155,"loc":{"start":{"line":155,"column":86},"end":{"line":161,"column":3}},"locations":[{"start":{"line":155,"column":86},"end":{"line":161,"column":3}}]},"12":{"type":"branch","line":157,"loc":{"start":{"line":157,"column":36},"end":{"line":157,"column":72}},"locations":[{"start":{"line":157,"column":36},"end":{"line":157,"column":72}}]},"13":{"type":"branch","line":157,"loc":{"start":{"line":157,"column":72},"end":{"line":161,"column":3}},"locations":[{"start":{"line":157,"column":72},"end":{"line":161,"column":3}}]},"14":{"type":"branch","line":159,"loc":{"start":{"line":159,"column":4},"end":{"line":161,"column":3}},"locations":[{"start":{"line":159,"column":4},"end":{"line":161,"column":3}}]},"15":{"type":"branch","line":161,"loc":{"start":{"line":161,"column":2},"end":{"line":171,"column":62}},"locations":[{"start":{"line":161,"column":2},"end":{"line":171,"column":62}}]},"16":{"type":"branch","line":161,"loc":{"start":{"line":161,"column":2},"end":{"line":164,"column":25}},"locations":[{"start":{"line":161,"column":2},"end":{"line":164,"column":25}}]},"17":{"type":"branch","line":164,"loc":{"start":{"line":164,"column":25},"end":{"line":168,"column":3}},"locations":[{"start":{"line":164,"column":25},"end":{"line":168,"column":3}}]},"18":{"type":"branch","line":165,"loc":{"start":{"line":165,"column":33},"end":{"line":165,"column":75}},"locations":[{"start":{"line":165,"column":33},"end":{"line":165,"column":75}}]},"19":{"type":"branch","line":165,"loc":{"start":{"line":165,"column":75},"end":{"line":167,"column":5}},"locations":[{"start":{"line":165,"column":75},"end":{"line":167,"column":5}}]},"20":{"type":"branch","line":168,"loc":{"start":{"line":168,"column":2},"end":{"line":171,"column":36}},"locations":[{"start":{"line":168,"column":2},"end":{"line":171,"column":36}}]},"21":{"type":"branch","line":171,"loc":{"start":{"line":171,"column":31},"end":{"line":171,"column":62}},"locations":[{"start":{"line":171,"column":31},"end":{"line":171,"column":62}}]},"22":{"type":"branch","line":171,"loc":{"start":{"line":171,"column":62},"end":{"line":173,"column":3}},"locations":[{"start":{"line":171,"column":62},"end":{"line":173,"column":3}}]},"23":{"type":"branch","line":173,"loc":{"start":{"line":173,"column":2},"end":{"line":176,"column":1}},"locations":[{"start":{"line":173,"column":2},"end":{"line":176,"column":1}}]},"24":{"type":"branch","line":181,"loc":{"start":{"line":181,"column":7},"end":{"line":236,"column":1}},"locations":[{"start":{"line":181,"column":7},"end":{"line":236,"column":1}}]},"25":{"type":"branch","line":188,"loc":{"start":{"line":188,"column":20},"end":{"line":188,"column":45}},"locations":[{"start":{"line":188,"column":20},"end":{"line":188,"column":45}}]},"26":{"type":"branch","line":188,"loc":{"start":{"line":188,"column":45},"end":{"line":188,"column":53}},"locations":[{"start":{"line":188,"column":45},"end":{"line":188,"column":53}}]},"27":{"type":"branch","line":194,"loc":{"start":{"line":194,"column":15},"end":{"line":194,"column":67}},"locations":[{"start":{"line":194,"column":15},"end":{"line":194,"column":67}}]},"28":{"type":"branch","line":194,"loc":{"start":{"line":194,"column":67},"end":{"line":201,"column":13}},"locations":[{"start":{"line":194,"column":67},"end":{"line":201,"column":13}}]},"29":{"type":"branch","line":195,"loc":{"start":{"line":195,"column":36},"end":{"line":195,"column":72}},"locations":[{"start":{"line":195,"column":36},"end":{"line":195,"column":72}}]},"30":{"type":"branch","line":195,"loc":{"start":{"line":195,"column":72},"end":{"line":199,"column":5}},"locations":[{"start":{"line":195,"column":72},"end":{"line":199,"column":5}}]},"31":{"type":"branch","line":201,"loc":{"start":{"line":201,"column":2},"end":{"line":220,"column":3}},"locations":[{"start":{"line":201,"column":2},"end":{"line":220,"column":3}}]},"32":{"type":"branch","line":201,"loc":{"start":{"line":201,"column":38},"end":{"line":201,"column":69}},"locations":[{"start":{"line":201,"column":38},"end":{"line":201,"column":69}}]},"33":{"type":"branch","line":201,"loc":{"start":{"line":201,"column":69},"end":{"line":204,"column":13}},"locations":[{"start":{"line":201,"column":69},"end":{"line":204,"column":13}}]},"34":{"type":"branch","line":204,"loc":{"start":{"line":204,"column":2},"end":{"line":220,"column":3}},"locations":[{"start":{"line":204,"column":2},"end":{"line":220,"column":3}}]},"35":{"type":"branch","line":204,"loc":{"start":{"line":204,"column":37},"end":{"line":204,"column":72}},"locations":[{"start":{"line":204,"column":37},"end":{"line":204,"column":72}}]},"36":{"type":"branch","line":204,"loc":{"start":{"line":204,"column":72},"end":{"line":207,"column":13}},"locations":[{"start":{"line":204,"column":72},"end":{"line":207,"column":13}}]},"37":{"type":"branch","line":207,"loc":{"start":{"line":207,"column":2},"end":{"line":220,"column":3}},"locations":[{"start":{"line":207,"column":2},"end":{"line":220,"column":3}}]},"38":{"type":"branch","line":207,"loc":{"start":{"line":207,"column":22},"end":{"line":207,"column":64}},"locations":[{"start":{"line":207,"column":22},"end":{"line":207,"column":64}}]},"39":{"type":"branch","line":207,"loc":{"start":{"line":207,"column":64},"end":{"line":220,"column":3}},"locations":[{"start":{"line":207,"column":64},"end":{"line":220,"column":3}}]},"40":{"type":"branch","line":208,"loc":{"start":{"line":208,"column":35},"end":{"line":208,"column":70}},"locations":[{"start":{"line":208,"column":35},"end":{"line":208,"column":70}}]},"41":{"type":"branch","line":208,"loc":{"start":{"line":208,"column":70},"end":{"line":210,"column":11}},"locations":[{"start":{"line":208,"column":70},"end":{"line":210,"column":11}}]},"42":{"type":"branch","line":210,"loc":{"start":{"line":210,"column":4},"end":{"line":212,"column":5}},"locations":[{"start":{"line":210,"column":4},"end":{"line":212,"column":5}}]},"43":{"type":"branch","line":214,"loc":{"start":{"line":214,"column":41},"end":{"line":217,"column":13}},"locations":[{"start":{"line":214,"column":41},"end":{"line":217,"column":13}}]},"44":{"type":"branch","line":217,"loc":{"start":{"line":217,"column":2},"end":{"line":220,"column":3}},"locations":[{"start":{"line":217,"column":2},"end":{"line":220,"column":3}}]},"45":{"type":"branch","line":217,"loc":{"start":{"line":217,"column":42},"end":{"line":217,"column":75}},"locations":[{"start":{"line":217,"column":42},"end":{"line":217,"column":75}}]},"46":{"type":"branch","line":217,"loc":{"start":{"line":217,"column":75},"end":{"line":220,"column":3}},"locations":[{"start":{"line":217,"column":75},"end":{"line":220,"column":3}}]},"47":{"type":"branch","line":222,"loc":{"start":{"line":222,"column":15},"end":{"line":225,"column":3}},"locations":[{"start":{"line":222,"column":15},"end":{"line":225,"column":3}}]},"48":{"type":"branch","line":225,"loc":{"start":{"line":225,"column":2},"end":{"line":236,"column":1}},"locations":[{"start":{"line":225,"column":2},"end":{"line":236,"column":1}}]},"49":{"type":"branch","line":241,"loc":{"start":{"line":241,"column":7},"end":{"line":263,"column":1}},"locations":[{"start":{"line":241,"column":7},"end":{"line":263,"column":1}}]},"50":{"type":"branch","line":244,"loc":{"start":{"line":244,"column":15},"end":{"line":244,"column":67}},"locations":[{"start":{"line":244,"column":15},"end":{"line":244,"column":67}}]},"51":{"type":"branch","line":244,"loc":{"start":{"line":244,"column":67},"end":{"line":250,"column":13}},"locations":[{"start":{"line":244,"column":67},"end":{"line":250,"column":13}}]},"52":{"type":"branch","line":245,"loc":{"start":{"line":245,"column":39},"end":{"line":249,"column":5}},"locations":[{"start":{"line":245,"column":39},"end":{"line":249,"column":5}}]},"53":{"type":"branch","line":250,"loc":{"start":{"line":250,"column":2},"end":{"line":260,"column":3}},"locations":[{"start":{"line":250,"column":2},"end":{"line":260,"column":3}}]},"54":{"type":"branch","line":250,"loc":{"start":{"line":250,"column":41},"end":{"line":252,"column":13}},"locations":[{"start":{"line":250,"column":41},"end":{"line":252,"column":13}}]},"55":{"type":"branch","line":252,"loc":{"start":{"line":252,"column":2},"end":{"line":260,"column":3}},"locations":[{"start":{"line":252,"column":2},"end":{"line":260,"column":3}}]},"56":{"type":"branch","line":252,"loc":{"start":{"line":252,"column":37},"end":{"line":252,"column":72}},"locations":[{"start":{"line":252,"column":37},"end":{"line":252,"column":72}}]},"57":{"type":"branch","line":252,"loc":{"start":{"line":252,"column":72},"end":{"line":254,"column":13}},"locations":[{"start":{"line":252,"column":72},"end":{"line":254,"column":13}}]},"58":{"type":"branch","line":254,"loc":{"start":{"line":254,"column":2},"end":{"line":260,"column":3}},"locations":[{"start":{"line":254,"column":2},"end":{"line":260,"column":3}}]},"59":{"type":"branch","line":254,"loc":{"start":{"line":254,"column":22},"end":{"line":254,"column":64}},"locations":[{"start":{"line":254,"column":22},"end":{"line":254,"column":64}}]},"60":{"type":"branch","line":254,"loc":{"start":{"line":254,"column":64},"end":{"line":256,"column":13}},"locations":[{"start":{"line":254,"column":64},"end":{"line":256,"column":13}}]},"61":{"type":"branch","line":256,"loc":{"start":{"line":256,"column":2},"end":{"line":260,"column":3}},"locations":[{"start":{"line":256,"column":2},"end":{"line":260,"column":3}}]},"62":{"type":"branch","line":256,"loc":{"start":{"line":256,"column":41},"end":{"line":258,"column":13}},"locations":[{"start":{"line":256,"column":41},"end":{"line":258,"column":13}}]},"63":{"type":"branch","line":258,"loc":{"start":{"line":258,"column":2},"end":{"line":260,"column":3}},"locations":[{"start":{"line":258,"column":2},"end":{"line":260,"column":3}}]},"64":{"type":"branch","line":258,"loc":{"start":{"line":258,"column":42},"end":{"line":258,"column":75}},"locations":[{"start":{"line":258,"column":42},"end":{"line":258,"column":75}}]},"65":{"type":"branch","line":258,"loc":{"start":{"line":258,"column":75},"end":{"line":260,"column":3}},"locations":[{"start":{"line":258,"column":75},"end":{"line":260,"column":3}}]},"66":{"type":"branch","line":260,"loc":{"start":{"line":260,"column":2},"end":{"line":263,"column":1}},"locations":[{"start":{"line":260,"column":2},"end":{"line":263,"column":1}}]}},"b":{"0":[9],"1":[0],"2":[24],"3":[3],"4":[21],"5":[21],"6":[19],"7":[6],"8":[18],"9":[12],"10":[12],"11":[7],"12":[4],"13":[4],"14":[3],"15":[23],"16":[11],"17":[9],"18":[7],"19":[3],"20":[8],"21":[7],"22":[3],"23":[5],"24":[10],"25":[2],"26":[8],"27":[8],"28":[2],"29":[1],"30":[1],"31":[8],"32":[7],"33":[1],"34":[7],"35":[1],"36":[1],"37":[6],"38":[3],"39":[3],"40":[2],"41":[1],"42":[2],"43":[1],"44":[2],"45":[1],"46":[1],"47":[1],"48":[9],"49":[8],"50":[6],"51":[2],"52":[1],"53":[6],"54":[1],"55":[5],"56":[1],"57":[1],"58":[4],"59":[3],"60":[1],"61":[3],"62":[1],"63":[2],"64":[1],"65":[1],"66":[1]},"fnMap":{"0":{"name":"get","decl":{"start":{"line":1,"column":0},"end":{"line":1,"column":39}},"loc":{"start":{"line":1,"column":0},"end":{"line":1,"column":39}},"line":1},"1":{"name":"canGenerateEnvVar","decl":{"start":{"line":141,"column":7},"end":{"line":176,"column":1}},"loc":{"start":{"line":141,"column":7},"end":{"line":176,"column":1}},"line":141},"2":{"name":"generateScript","decl":{"start":{"line":181,"column":7},"end":{"line":236,"column":1}},"loc":{"start":{"line":181,"column":7},"end":{"line":236,"column":1}},"line":181},"3":{"name":"getGenerationDescription","decl":{"start":{"line":241,"column":7},"end":{"line":263,"column":1}},"loc":{"start":{"line":241,"column":7},"end":{"line":263,"column":1}},"line":241}},"f":{"0":9,"1":24,"2":10,"3":8}}
,"/Users/shawwalters/eliza/packages/autonomous-starter/src/plugin-env/index.ts": {"path":"/Users/shawwalters/eliza/packages/autonomous-starter/src/plugin-env/index.ts","all":false,"statementMap":{"0":{"start":{"line":1,"column":0},"end":{"line":1,"column":44}},"1":{"start":{"line":2,"column":0},"end":{"line":2,"column":46}},"2":{"start":{"line":3,"column":0},"end":{"line":3,"column":58}},"3":{"start":{"line":4,"column":0},"end":{"line":4,"column":54}},"4":{"start":{"line":5,"column":0},"end":{"line":5,"column":64}},"16":{"start":{"line":17,"column":0},"end":{"line":17,"column":34}},"17":{"start":{"line":18,"column":0},"end":{"line":18,"column":21}},"18":{"start":{"line":19,"column":0},"end":{"line":19,"column":98}},"20":{"start":{"line":21,"column":0},"end":{"line":21,"column":32}},"22":{"start":{"line":23,"column":0},"end":{"line":23,"column":33}},"24":{"start":{"line":25,"column":0},"end":{"line":25,"column":51}},"26":{"start":{"line":27,"column":0},"end":{"line":27,"column":36}},"32":{"start":{"line":33,"column":0},"end":{"line":33,"column":4}},"33":{"start":{"line":34,"column":0},"end":{"line":34,"column":2}},"35":{"start":{"line":36,"column":0},"end":{"line":36,"column":25}},"48":{"start":{"line":49,"column":0},"end":{"line":49,"column":91}},"50":{"start":{"line":51,"column":0},"end":{"line":51,"column":68}},"53":{"start":{"line":54,"column":0},"end":{"line":54,"column":46}}},"s":{"0":0,"1":1,"2":1,"3":1,"4":1,"16":1,"17":1,"18":1,"20":1,"22":1,"24":1,"26":1,"32":0,"33":1,"35":1,"48":1,"50":1,"53":1},"branchMap":{"0":{"type":"branch","line":1,"loc":{"start":{"line":1,"column":0},"end":{"line":1,"column":44}},"locations":[{"start":{"line":1,"column":0},"end":{"line":1,"column":44}}]},"1":{"type":"branch","line":1,"loc":{"start":{"line":1,"column":0},"end":{"line":1,"column":44}},"locations":[{"start":{"line":1,"column":0},"end":{"line":1,"column":44}}]}},"b":{"0":[13],"1":[0]},"fnMap":{"0":{"name":"get","decl":{"start":{"line":1,"column":0},"end":{"line":1,"column":44}},"loc":{"start":{"line":1,"column":0},"end":{"line":1,"column":44}},"line":1},"1":{"name":"init","decl":{"start":{"line":27,"column":8},"end":{"line":33,"column":4}},"loc":{"start":{"line":27,"column":8},"end":{"line":33,"column":4}},"line":27}},"f":{"0":13,"1":0}}
,"/Users/shawwalters/eliza/packages/autonomous-starter/src/plugin-env/service.ts": {"path":"/Users/shawwalters/eliza/packages/autonomous-starter/src/plugin-env/service.ts","all":false,"statementMap":{"0":{"start":{"line":1,"column":0},"end":{"line":1,"column":79}},"2":{"start":{"line":3,"column":0},"end":{"line":3,"column":49}},"8":{"start":{"line":9,"column":0},"end":{"line":9,"column":48}},"9":{"start":{"line":10,"column":0},"end":{"line":10,"column":37}},"10":{"start":{"line":11,"column":0},"end":{"line":11,"column":25}},"11":{"start":{"line":12,"column":0},"end":{"line":12,"column":103}},"16":{"start":{"line":17,"column":0},"end":{"line":17,"column":74}},"17":{"start":{"line":18,"column":0},"end":{"line":18,"column":51}},"18":{"start":{"line":19,"column":0},"end":{"line":19,"column":31}},"19":{"start":{"line":20,"column":0},"end":{"line":20,"column":19}},"20":{"start":{"line":21,"column":0},"end":{"line":21,"column":3}},"25":{"start":{"line":26,"column":0},"end":{"line":26,"column":37}},"26":{"start":{"line":27,"column":0},"end":{"line":27,"column":73}},"27":{"start":{"line":28,"column":0},"end":{"line":28,"column":40}},"28":{"start":{"line":29,"column":0},"end":{"line":29,"column":3}},"33":{"start":{"line":34,"column":0},"end":{"line":34,"column":49}},"34":{"start":{"line":35,"column":0},"end":{"line":35,"column":9}},"35":{"start":{"line":36,"column":0},"end":{"line":36,"column":66}},"36":{"start":{"line":37,"column":0},"end":{"line":37,"column":21}},"37":{"start":{"line":38,"column":0},"end":{"line":38,"column":87}},"38":{"start":{"line":39,"column":0},"end":{"line":39,"column":15}},"39":{"start":{"line":40,"column":0},"end":{"line":40,"column":7}},"41":{"start":{"line":42,"column":0},"end":{"line":42,"column":57}},"42":{"start":{"line":43,"column":0},"end":{"line":43,"column":19}},"43":{"start":{"line":44,"column":0},"end":{"line":44,"column":85}},"44":{"start":{"line":45,"column":0},"end":{"line":45,"column":15}},"45":{"start":{"line":46,"column":0},"end":{"line":46,"column":7}},"48":{"start":{"line":49,"column":0},"end":{"line":49,"column":28}},"49":{"start":{"line":50,"column":0},"end":{"line":50,"column":28}},"50":{"start":{"line":51,"column":0},"end":{"line":51,"column":7}},"51":{"start":{"line":52,"column":0},"end":{"line":52,"column":36}},"52":{"start":{"line":53,"column":0},"end":{"line":53,"column":54}},"53":{"start":{"line":54,"column":0},"end":{"line":54,"column":7}},"54":{"start":{"line":55,"column":0},"end":{"line":55,"column":46}},"55":{"start":{"line":56,"column":0},"end":{"line":56,"column":74}},"56":{"start":{"line":57,"column":0},"end":{"line":57,"column":7}},"59":{"start":{"line":60,"column":0},"end":{"line":60,"column":47}},"60":{"start":{"line":61,"column":0},"end":{"line":61,"column":40}},"61":{"start":{"line":62,"column":0},"end":{"line":62,"column":40}},"62":{"start":{"line":63,"column":0},"end":{"line":63,"column":37}},"63":{"start":{"line":64,"column":0},"end":{"line":64,"column":50}},"64":{"start":{"line":65,"column":0},"end":{"line":65,"column":10}},"65":{"start":{"line":66,"column":0},"end":{"line":66,"column":7}},"68":{"start":{"line":69,"column":0},"end":{"line":69,"column":77}},"71":{"start":{"line":72,"column":0},"end":{"line":72,"column":44}},"73":{"start":{"line":74,"column":0},"end":{"line":74,"column":69}},"74":{"start":{"line":75,"column":0},"end":{"line":75,"column":21}},"75":{"start":{"line":76,"column":0},"end":{"line":76,"column":78}},"76":{"start":{"line":77,"column":0},"end":{"line":77,"column":5}},"77":{"start":{"line":78,"column":0},"end":{"line":78,"column":3}},"82":{"start":{"line":83,"column":0},"end":{"line":83,"column":37}},"83":{"start":{"line":84,"column":0},"end":{"line":84,"column":33}},"84":{"start":{"line":85,"column":0},"end":{"line":85,"column":27}},"85":{"start":{"line":86,"column":0},"end":{"line":86,"column":20}},"86":{"start":{"line":87,"column":0},"end":{"line":87,"column":57}},"87":{"start":{"line":88,"column":0},"end":{"line":88,"column":34}},"88":{"start":{"line":89,"column":0},"end":{"line":89,"column":34}},"89":{"start":{"line":90,"column":0},"end":{"line":90,"column":7}},"91":{"start":{"line":92,"column":0},"end":{"line":92,"column":39}},"92":{"start":{"line":93,"column":0},"end":{"line":93,"column":38}},"93":{"start":{"line":94,"column":0},"end":{"line":94,"column":44}},"94":{"start":{"line":95,"column":0},"end":{"line":95,"column":25}},"95":{"start":{"line":96,"column":0},"end":{"line":96,"column":51}},"96":{"start":{"line":97,"column":0},"end":{"line":97,"column":75}},"97":{"start":{"line":98,"column":0},"end":{"line":98,"column":46}},"98":{"start":{"line":99,"column":0},"end":{"line":99,"column":22}},"99":{"start":{"line":100,"column":0},"end":{"line":100,"column":30}},"100":{"start":{"line":101,"column":0},"end":{"line":101,"column":32}},"101":{"start":{"line":102,"column":0},"end":{"line":102,"column":10}},"103":{"start":{"line":104,"column":0},"end":{"line":104,"column":20}},"104":{"start":{"line":105,"column":0},"end":{"line":105,"column":31}},"105":{"start":{"line":106,"column":0},"end":{"line":106,"column":42}},"106":{"start":{"line":107,"column":0},"end":{"line":107,"column":9}},"108":{"start":{"line":109,"column":0},"end":{"line":109,"column":43}},"109":{"start":{"line":110,"column":0},"end":{"line":110,"column":7}},"110":{"start":{"line":111,"column":0},"end":{"line":111,"column":5}},"111":{"start":{"line":112,"column":0},"end":{"line":112,"column":3}},"116":{"start":{"line":117,"column":0},"end":{"line":117,"column":75}},"117":{"start":{"line":118,"column":0},"end":{"line":118,"column":98}},"119":{"start":{"line":120,"column":0},"end":{"line":120,"column":32}},"120":{"start":{"line":121,"column":0},"end":{"line":121,"column":69}},"121":{"start":{"line":122,"column":0},"end":{"line":122,"column":13}},"122":{"start":{"line":123,"column":0},"end":{"line":123,"column":5}},"124":{"start":{"line":125,"column":0},"end":{"line":125,"column":56}},"125":{"start":{"line":126,"column":0},"end":{"line":126,"column":70}},"127":{"start":{"line":128,"column":0},"end":{"line":128,"column":73}},"132":{"start":{"line":133,"column":0},"end":{"line":133,"column":21}},"133":{"start":{"line":134,"column":0},"end":{"line":134,"column":94}},"134":{"start":{"line":135,"column":0},"end":{"line":135,"column":44}},"135":{"start":{"line":136,"column":0},"end":{"line":136,"column":44}},"136":{"start":{"line":137,"column":0},"end":{"line":137,"column":9}},"138":{"start":{"line":139,"column":0},"end":{"line":139,"column":72}},"139":{"start":{"line":140,"column":0},"end":{"line":140,"column":55}},"140":{"start":{"line":141,"column":0},"end":{"line":141,"column":82}},"141":{"start":{"line":142,"column":0},"end":{"line":142,"column":85}},"143":{"start":{"line":144,"column":0},"end":{"line":144,"column":53}},"144":{"start":{"line":145,"column":0},"end":{"line":145,"column":33}},"145":{"start":{"line":146,"column":0},"end":{"line":146,"column":89}},"146":{"start":{"line":147,"column":0},"end":{"line":147,"column":94}},"147":{"start":{"line":148,"column":0},"end":{"line":148,"column":26}},"148":{"start":{"line":149,"column":0},"end":{"line":149,"column":53}},"149":{"start":{"line":150,"column":0},"end":{"line":150,"column":43}},"150":{"start":{"line":151,"column":0},"end":{"line":151,"column":86}},"151":{"start":{"line":152,"column":0},"end":{"line":152,"column":57}},"152":{"start":{"line":153,"column":0},"end":{"line":153,"column":26}},"153":{"start":{"line":154,"column":0},"end":{"line":154,"column":42}},"154":{"start":{"line":155,"column":0},"end":{"line":155,"column":36}},"155":{"start":{"line":156,"column":0},"end":{"line":156,"column":34}},"156":{"start":{"line":157,"column":0},"end":{"line":157,"column":65}},"157":{"start":{"line":158,"column":0},"end":{"line":158,"column":61}},"159":{"start":{"line":160,"column":0},"end":{"line":160,"column":35}},"160":{"start":{"line":161,"column":0},"end":{"line":161,"column":14}},"161":{"start":{"line":162,"column":0},"end":{"line":162,"column":25}},"162":{"start":{"line":163,"column":0},"end":{"line":163,"column":94}},"163":{"start":{"line":164,"column":0},"end":{"line":164,"column":14}},"164":{"start":{"line":165,"column":0},"end":{"line":165,"column":11}},"165":{"start":{"line":166,"column":0},"end":{"line":166,"column":9}},"166":{"start":{"line":167,"column":0},"end":{"line":167,"column":7}},"167":{"start":{"line":168,"column":0},"end":{"line":168,"column":5}},"168":{"start":{"line":169,"column":0},"end":{"line":169,"column":3}},"173":{"start":{"line":174,"column":0},"end":{"line":174,"column":68}},"174":{"start":{"line":175,"column":0},"end":{"line":175,"column":44}},"176":{"start":{"line":177,"column":0},"end":{"line":177,"column":71}},"177":{"start":{"line":178,"column":0},"end":{"line":178,"column":23}},"178":{"start":{"line":179,"column":0},"end":{"line":179,"column":51}},"179":{"start":{"line":180,"column":0},"end":{"line":180,"column":27}},"180":{"start":{"line":181,"column":0},"end":{"line":181,"column":50}},"181":{"start":{"line":182,"column":0},"end":{"line":182,"column":26}},"182":{"start":{"line":183,"column":0},"end":{"line":183,"column":77}},"183":{"start":{"line":184,"column":0},"end":{"line":184,"column":19}},"184":{"start":{"line":185,"column":0},"end":{"line":185,"column":75}},"185":{"start":{"line":186,"column":0},"end":{"line":186,"column":22}},"186":{"start":{"line":187,"column":0},"end":{"line":187,"column":12}},"187":{"start":{"line":188,"column":0},"end":{"line":188,"column":22}},"188":{"start":{"line":189,"column":0},"end":{"line":189,"column":5}},"189":{"start":{"line":190,"column":0},"end":{"line":190,"column":3}},"194":{"start":{"line":195,"column":0},"end":{"line":195,"column":95}},"195":{"start":{"line":196,"column":0},"end":{"line":196,"column":9}},"196":{"start":{"line":197,"column":0},"end":{"line":197,"column":66}},"197":{"start":{"line":198,"column":0},"end":{"line":198,"column":32}},"199":{"start":{"line":200,"column":0},"end":{"line":200,"column":57}},"200":{"start":{"line":201,"column":0},"end":{"line":201,"column":49}},"202":{"start":{"line":203,"column":0},"end":{"line":203,"column":63}},"203":{"start":{"line":204,"column":0},"end":{"line":204,"column":41}},"204":{"start":{"line":205,"column":0},"end":{"line":205,"column":21}},"205":{"start":{"line":206,"column":0},"end":{"line":206,"column":91}},"206":{"start":{"line":207,"column":0},"end":{"line":207,"column":18}},"207":{"start":{"line":208,"column":0},"end":{"line":208,"column":5}},"208":{"start":{"line":209,"column":0},"end":{"line":209,"column":3}},"213":{"start":{"line":214,"column":0},"end":{"line":214,"column":57}},"214":{"start":{"line":215,"column":0},"end":{"line":215,"column":9}},"215":{"start":{"line":216,"column":0},"end":{"line":216,"column":66}},"216":{"start":{"line":217,"column":0},"end":{"line":217,"column":32}},"218":{"start":{"line":219,"column":0},"end":{"line":219,"column":57}},"219":{"start":{"line":220,"column":0},"end":{"line":220,"column":66}},"220":{"start":{"line":221,"column":0},"end":{"line":221,"column":21}},"221":{"start":{"line":222,"column":0},"end":{"line":222,"column":70}},"222":{"start":{"line":223,"column":0},"end":{"line":223,"column":18}},"223":{"start":{"line":224,"column":0},"end":{"line":224,"column":5}},"224":{"start":{"line":225,"column":0},"end":{"line":225,"column":3}},"229":{"start":{"line":230,"column":0},"end":{"line":230,"column":21}},"230":{"start":{"line":231,"column":0},"end":{"line":231,"column":23}},"231":{"start":{"line":232,"column":0},"end":{"line":232,"column":20}},"232":{"start":{"line":233,"column":0},"end":{"line":233,"column":34}},"233":{"start":{"line":234,"column":0},"end":{"line":234,"column":23}},"234":{"start":{"line":235,"column":0},"end":{"line":235,"column":9}},"235":{"start":{"line":236,"column":0},"end":{"line":236,"column":66}},"236":{"start":{"line":237,"column":0},"end":{"line":237,"column":33}},"238":{"start":{"line":239,"column":0},"end":{"line":239,"column":57}},"239":{"start":{"line":240,"column":0},"end":{"line":240,"column":31}},"242":{"start":{"line":243,"column":0},"end":{"line":243,"column":47}},"243":{"start":{"line":244,"column":0},"end":{"line":244,"column":81}},"245":{"start":{"line":246,"column":0},"end":{"line":246,"column":63}},"246":{"start":{"line":247,"column":0},"end":{"line":247,"column":57}},"249":{"start":{"line":250,"column":0},"end":{"line":250,"column":61}},"250":{"start":{"line":251,"column":0},"end":{"line":251,"column":32}},"251":{"start":{"line":252,"column":0},"end":{"line":252,"column":24}},"252":{"start":{"line":253,"column":0},"end":{"line":253,"column":24}},"253":{"start":{"line":254,"column":0},"end":{"line":254,"column":27}},"254":{"start":{"line":255,"column":0},"end":{"line":255,"column":35}},"255":{"start":{"line":256,"column":0},"end":{"line":256,"column":20}},"256":{"start":{"line":257,"column":0},"end":{"line":257,"column":27}},"257":{"start":{"line":258,"column":0},"end":{"line":258,"column":30}},"258":{"start":{"line":259,"column":0},"end":{"line":259,"column":8}},"260":{"start":{"line":261,"column":0},"end":{"line":261,"column":38}},"261":{"start":{"line":262,"column":0},"end":{"line":262,"column":25}},"262":{"start":{"line":263,"column":0},"end":{"line":263,"column":19}},"263":{"start":{"line":264,"column":0},"end":{"line":264,"column":8}},"266":{"start":{"line":267,"column":0},"end":{"line":267,"column":44}},"269":{"start":{"line":270,"column":0},"end":{"line":270,"column":40}},"270":{"start":{"line":271,"column":0},"end":{"line":271,"column":45}},"271":{"start":{"line":272,"column":0},"end":{"line":272,"column":20}},"272":{"start":{"line":273,"column":0},"end":{"line":273,"column":89}},"273":{"start":{"line":274,"column":0},"end":{"line":274,"column":10}},"274":{"start":{"line":275,"column":0},"end":{"line":275,"column":7}},"276":{"start":{"line":277,"column":0},"end":{"line":277,"column":18}},"277":{"start":{"line":278,"column":0},"end":{"line":278,"column":21}},"278":{"start":{"line":279,"column":0},"end":{"line":279,"column":77}},"279":{"start":{"line":280,"column":0},"end":{"line":280,"column":19}},"280":{"start":{"line":281,"column":0},"end":{"line":281,"column":5}},"281":{"start":{"line":282,"column":0},"end":{"line":282,"column":3}},"286":{"start":{"line":287,"column":0},"end":{"line":287,"column":47}},"287":{"start":{"line":288,"column":0},"end":{"line":288,"column":47}},"288":{"start":{"line":289,"column":0},"end":{"line":289,"column":31}},"290":{"start":{"line":291,"column":0},"end":{"line":291,"column":50}},"291":{"start":{"line":292,"column":0},"end":{"line":292,"column":51}},"292":{"start":{"line":293,"column":0},"end":{"line":293,"column":61}},"293":{"start":{"line":294,"column":0},"end":{"line":294,"column":22}},"294":{"start":{"line":295,"column":0},"end":{"line":295,"column":9}},"295":{"start":{"line":296,"column":0},"end":{"line":296,"column":7}},"296":{"start":{"line":297,"column":0},"end":{"line":297,"column":5}},"297":{"start":{"line":298,"column":0},"end":{"line":298,"column":17}},"298":{"start":{"line":299,"column":0},"end":{"line":299,"column":3}},"303":{"start":{"line":304,"column":0},"end":{"line":304,"column":37}},"305":{"start":{"line":306,"column":0},"end":{"line":306,"column":5}},"306":{"start":{"line":307,"column":0},"end":{"line":307,"column":47}},"307":{"start":{"line":308,"column":0},"end":{"line":308,"column":28}},"309":{"start":{"line":310,"column":0},"end":{"line":310,"column":89}},"311":{"start":{"line":312,"column":0},"end":{"line":312,"column":65}},"312":{"start":{"line":313,"column":0},"end":{"line":313,"column":63}},"313":{"start":{"line":314,"column":0},"end":{"line":314,"column":61}},"314":{"start":{"line":315,"column":0},"end":{"line":315,"column":64}},"315":{"start":{"line":316,"column":0},"end":{"line":316,"column":9}},"316":{"start":{"line":317,"column":0},"end":{"line":317,"column":7}},"317":{"start":{"line":318,"column":0},"end":{"line":318,"column":5}},"319":{"start":{"line":320,"column":0},"end":{"line":320,"column":19}},"320":{"start":{"line":321,"column":0},"end":{"line":321,"column":3}},"325":{"start":{"line":326,"column":0},"end":{"line":326,"column":41}},"327":{"start":{"line":328,"column":0},"end":{"line":328,"column":5}},"328":{"start":{"line":329,"column":0},"end":{"line":329,"column":51}},"329":{"start":{"line":330,"column":0},"end":{"line":330,"column":62}},"330":{"start":{"line":331,"column":0},"end":{"line":331,"column":3}},"335":{"start":{"line":336,"column":0},"end":{"line":336,"column":31}},"336":{"start":{"line":337,"column":0},"end":{"line":337,"column":68}},"337":{"start":{"line":338,"column":0},"end":{"line":338,"column":3}},"342":{"start":{"line":343,"column":0},"end":{"line":343,"column":60}},"343":{"start":{"line":344,"column":0},"end":{"line":344,"column":54}},"344":{"start":{"line":345,"column":0},"end":{"line":345,"column":18}},"345":{"start":{"line":346,"column":0},"end":{"line":346,"column":27}},"346":{"start":{"line":347,"column":0},"end":{"line":347,"column":5}},"347":{"start":{"line":348,"column":0},"end":{"line":348,"column":3}},"348":{"start":{"line":349,"column":0},"end":{"line":349,"column":1}}},"s":{"0":0,"2":1,"8":1,"9":1,"10":1,"11":22,"16":1,"17":0,"18":0,"19":0,"20":0,"25":1,"26":1,"27":1,"28":1,"33":1,"34":6,"35":6,"36":6,"37":2,"38":2,"39":2,"41":4,"42":6,"43":1,"44":1,"45":1,"48":6,"49":0,"50":0,"51":6,"52":1,"53":1,"54":6,"55":1,"56":1,"59":3,"60":6,"61":3,"62":3,"63":3,"64":3,"65":3,"68":3,"71":3,"73":3,"74":6,"75":0,"76":0,"77":6,"82":1,"83":3,"84":3,"85":3,"86":3,"87":1,"88":1,"89":1,"91":1,"92":1,"93":1,"94":1,"95":1,"96":1,"97":1,"98":1,"99":1,"100":1,"101":1,"103":1,"104":1,"105":1,"106":1,"108":1,"109":1,"110":1,"111":3,"116":1,"117":3,"119":3,"120":0,"121":0,"122":0,"124":3,"125":1,"127":1,"132":1,"133":1,"134":1,"135":1,"136":1,"138":1,"139":1,"140":1,"141":1,"143":1,"144":1,"145":1,"146":1,"147":1,"148":1,"149":0,"150":1,"151":1,"152":1,"153":1,"154":1,"155":1,"156":1,"157":1,"159":1,"160":1,"161":1,"162":1,"163":1,"164":1,"165":1,"166":1,"167":1,"168":3,"173":1,"174":3,"176":3,"177":2,"178":3,"179":0,"180":1,"181":0,"182":1,"183":0,"184":1,"185":0,"186":1,"187":1,"188":1,"189":3,"194":1,"195":3,"196":3,"197":3,"199":2,"200":3,"202":1,"203":3,"204":3,"205":0,"206":0,"207":0,"208":3,"213":1,"214":0,"215":0,"216":0,"218":0,"219":0,"220":0,"221":0,"222":0,"223":0,"224":0,"229":1,"230":4,"231":4,"232":4,"233":4,"234":4,"235":4,"236":4,"238":3,"239":4,"242":4,"243":4,"245":2,"246":2,"249":2,"250":2,"251":2,"252":2,"253":2,"254":2,"255":2,"256":2,"257":2,"258":2,"260":4,"261":4,"262":4,"263":4,"266":4,"269":1,"270":1,"271":1,"272":1,"273":1,"274":1,"276":1,"277":1,"278":1,"279":1,"280":1,"281":4,"286":1,"287":3,"288":3,"290":2,"291":2,"292":3,"293":1,"294":1,"295":3,"296":1,"297":1,"298":3,"303":1,"305":3,"306":3,"307":3,"309":2,"311":2,"312":2,"313":4,"314":2,"315":2,"316":4,"317":2,"319":2,"320":3,"325":1,"327":2,"328":2,"329":2,"330":2,"335":1,"336":0,"337":0,"342":1,"343":0,"344":0,"345":0,"346":0,"347":0,"348":1},"branchMap":{"0":{"type":"branch","line":1,"loc":{"start":{"line":1,"column":0},"end":{"line":1,"column":79}},"locations":[{"start":{"line":1,"column":0},"end":{"line":1,"column":79}}]},"1":{"type":"branch","line":1,"loc":{"start":{"line":1,"column":0},"end":{"line":1,"column":79}},"locations":[{"start":{"line":1,"column":0},"end":{"line":1,"column":79}}]},"2":{"type":"branch","line":10,"loc":{"start":{"line":10,"column":2},"end":{"line":10,"column":37}},"locations":[{"start":{"line":10,"column":2},"end":{"line":10,"column":37}}]},"3":{"type":"branch","line":11,"loc":{"start":{"line":11,"column":2},"end":{"line":12,"column":103}},"locations":[{"start":{"line":11,"column":2},"end":{"line":12,"column":103}}]},"4":{"type":"branch","line":26,"loc":{"start":{"line":26,"column":2},"end":{"line":29,"column":3}},"locations":[{"start":{"line":26,"column":2},"end":{"line":29,"column":3}}]},"5":{"type":"branch","line":34,"loc":{"start":{"line":34,"column":2},"end":{"line":78,"column":3}},"locations":[{"start":{"line":34,"column":2},"end":{"line":78,"column":3}}]},"6":{"type":"branch","line":37,"loc":{"start":{"line":37,"column":20},"end":{"line":40,"column":7}},"locations":[{"start":{"line":37,"column":20},"end":{"line":40,"column":7}}]},"7":{"type":"branch","line":40,"loc":{"start":{"line":40,"column":6},"end":{"line":43,"column":18}},"locations":[{"start":{"line":40,"column":6},"end":{"line":43,"column":18}}]},"8":{"type":"branch","line":43,"loc":{"start":{"line":43,"column":18},"end":{"line":46,"column":7}},"locations":[{"start":{"line":43,"column":18},"end":{"line":46,"column":7}}]},"9":{"type":"branch","line":46,"loc":{"start":{"line":46,"column":6},"end":{"line":49,"column":27}},"locations":[{"start":{"line":46,"column":6},"end":{"line":49,"column":27}}]},"10":{"type":"branch","line":49,"loc":{"start":{"line":49,"column":27},"end":{"line":51,"column":7}},"locations":[{"start":{"line":49,"column":27},"end":{"line":51,"column":7}}]},"11":{"type":"branch","line":51,"loc":{"start":{"line":51,"column":6},"end":{"line":52,"column":35}},"locations":[{"start":{"line":51,"column":6},"end":{"line":52,"column":35}}]},"12":{"type":"branch","line":52,"loc":{"start":{"line":52,"column":35},"end":{"line":54,"column":7}},"locations":[{"start":{"line":52,"column":35},"end":{"line":54,"column":7}}]},"13":{"type":"branch","line":54,"loc":{"start":{"line":54,"column":6},"end":{"line":55,"column":45}},"locations":[{"start":{"line":54,"column":6},"end":{"line":55,"column":45}}]},"14":{"type":"branch","line":55,"loc":{"start":{"line":55,"column":45},"end":{"line":57,"column":7}},"locations":[{"start":{"line":55,"column":45},"end":{"line":57,"column":7}}]},"15":{"type":"branch","line":57,"loc":{"start":{"line":57,"column":6},"end":{"line":61,"column":39}},"locations":[{"start":{"line":57,"column":6},"end":{"line":61,"column":39}}]},"16":{"type":"branch","line":61,"loc":{"start":{"line":61,"column":39},"end":{"line":75,"column":13}},"locations":[{"start":{"line":61,"column":39},"end":{"line":75,"column":13}}]},"17":{"type":"branch","line":75,"loc":{"start":{"line":75,"column":4},"end":{"line":77,"column":5}},"locations":[{"start":{"line":75,"column":4},"end":{"line":77,"column":5}}]},"18":{"type":"branch","line":83,"loc":{"start":{"line":83,"column":2},"end":{"line":112,"column":3}},"locations":[{"start":{"line":83,"column":2},"end":{"line":112,"column":3}}]},"19":{"type":"branch","line":87,"loc":{"start":{"line":87,"column":56},"end":{"line":111,"column":5}},"locations":[{"start":{"line":87,"column":56},"end":{"line":111,"column":5}}]},"20":{"type":"branch","line":98,"loc":{"start":{"line":98,"column":26},"end":{"line":98,"column":46}},"locations":[{"start":{"line":98,"column":26},"end":{"line":98,"column":46}}]},"21":{"type":"branch","line":117,"loc":{"start":{"line":117,"column":2},"end":{"line":169,"column":3}},"locations":[{"start":{"line":117,"column":2},"end":{"line":169,"column":3}}]},"22":{"type":"branch","line":120,"loc":{"start":{"line":120,"column":31},"end":{"line":123,"column":5}},"locations":[{"start":{"line":120,"column":31},"end":{"line":123,"column":5}}]},"23":{"type":"branch","line":125,"loc":{"start":{"line":125,"column":55},"end":{"line":168,"column":5}},"locations":[{"start":{"line":125,"column":55},"end":{"line":168,"column":5}}]},"24":{"type":"branch","line":126,"loc":{"start":{"line":126,"column":48},"end":{"line":126,"column":70}},"locations":[{"start":{"line":126,"column":48},"end":{"line":126,"column":70}}]},"25":{"type":"branch","line":146,"loc":{"start":{"line":146,"column":73},"end":{"line":146,"column":89}},"locations":[{"start":{"line":146,"column":73},"end":{"line":146,"column":89}}]},"26":{"type":"branch","line":147,"loc":{"start":{"line":147,"column":39},"end":{"line":147,"column":94}},"locations":[{"start":{"line":147,"column":39},"end":{"line":147,"column":94}}]},"27":{"type":"branch","line":149,"loc":{"start":{"line":149,"column":44},"end":{"line":150,"column":43}},"locations":[{"start":{"line":149,"column":44},"end":{"line":150,"column":43}}]},"28":{"type":"branch","line":152,"loc":{"start":{"line":152,"column":22},"end":{"line":152,"column":47}},"locations":[{"start":{"line":152,"column":22},"end":{"line":152,"column":47}}]},"29":{"type":"branch","line":157,"loc":{"start":{"line":157,"column":27},"end":{"line":157,"column":55}},"locations":[{"start":{"line":157,"column":27},"end":{"line":157,"column":55}}]},"30":{"type":"branch","line":174,"loc":{"start":{"line":174,"column":10},"end":{"line":190,"column":3}},"locations":[{"start":{"line":174,"column":10},"end":{"line":190,"column":3}}]},"31":{"type":"branch","line":177,"loc":{"start":{"line":177,"column":36},"end":{"line":177,"column":70}},"locations":[{"start":{"line":177,"column":36},"end":{"line":177,"column":70}}]},"32":{"type":"branch","line":177,"loc":{"start":{"line":177,"column":70},"end":{"line":179,"column":15}},"locations":[{"start":{"line":177,"column":70},"end":{"line":179,"column":15}}]},"33":{"type":"branch","line":179,"loc":{"start":{"line":179,"column":4},"end":{"line":189,"column":5}},"locations":[{"start":{"line":179,"column":4},"end":{"line":189,"column":5}}]},"34":{"type":"branch","line":179,"loc":{"start":{"line":179,"column":50},"end":{"line":181,"column":15}},"locations":[{"start":{"line":179,"column":50},"end":{"line":181,"column":15}}]},"35":{"type":"branch","line":181,"loc":{"start":{"line":181,"column":49},"end":{"line":183,"column":15}},"locations":[{"start":{"line":181,"column":49},"end":{"line":183,"column":15}}]},"36":{"type":"branch","line":183,"loc":{"start":{"line":183,"column":76},"end":{"line":185,"column":15}},"locations":[{"start":{"line":183,"column":76},"end":{"line":185,"column":15}}]},"37":{"type":"branch","line":185,"loc":{"start":{"line":185,"column":74},"end":{"line":187,"column":11}},"locations":[{"start":{"line":185,"column":74},"end":{"line":187,"column":11}}]},"38":{"type":"branch","line":195,"loc":{"start":{"line":195,"column":2},"end":{"line":209,"column":3}},"locations":[{"start":{"line":195,"column":2},"end":{"line":209,"column":3}}]},"39":{"type":"branch","line":198,"loc":{"start":{"line":198,"column":20},"end":{"line":198,"column":32}},"locations":[{"start":{"line":198,"column":20},"end":{"line":198,"column":32}}]},"40":{"type":"branch","line":198,"loc":{"start":{"line":198,"column":27},"end":{"line":201,"column":18}},"locations":[{"start":{"line":198,"column":27},"end":{"line":201,"column":18}}]},"41":{"type":"branch","line":201,"loc":{"start":{"line":201,"column":11},"end":{"line":201,"column":37}},"locations":[{"start":{"line":201,"column":11},"end":{"line":201,"column":37}}]},"42":{"type":"branch","line":201,"loc":{"start":{"line":201,"column":37},"end":{"line":204,"column":36}},"locations":[{"start":{"line":201,"column":37},"end":{"line":204,"column":36}}]},"43":{"type":"branch","line":204,"loc":{"start":{"line":204,"column":31},"end":{"line":204,"column":41}},"locations":[{"start":{"line":204,"column":31},"end":{"line":204,"column":41}}]},"44":{"type":"branch","line":205,"loc":{"start":{"line":205,"column":4},"end":{"line":208,"column":5}},"locations":[{"start":{"line":205,"column":4},"end":{"line":208,"column":5}}]},"45":{"type":"branch","line":230,"loc":{"start":{"line":230,"column":2},"end":{"line":282,"column":3}},"locations":[{"start":{"line":230,"column":2},"end":{"line":282,"column":3}}]},"46":{"type":"branch","line":237,"loc":{"start":{"line":237,"column":20},"end":{"line":237,"column":33}},"locations":[{"start":{"line":237,"column":20},"end":{"line":237,"column":33}}]},"47":{"type":"branch","line":237,"loc":{"start":{"line":237,"column":27},"end":{"line":240,"column":25}},"locations":[{"start":{"line":237,"column":27},"end":{"line":240,"column":25}}]},"48":{"type":"branch","line":240,"loc":{"start":{"line":240,"column":18},"end":{"line":240,"column":31}},"locations":[{"start":{"line":240,"column":18},"end":{"line":240,"column":31}}]},"49":{"type":"branch","line":240,"loc":{"start":{"line":240,"column":25},"end":{"line":243,"column":33}},"locations":[{"start":{"line":240,"column":25},"end":{"line":243,"column":33}}]},"50":{"type":"branch","line":243,"loc":{"start":{"line":243,"column":27},"end":{"line":243,"column":47}},"locations":[{"start":{"line":243,"column":27},"end":{"line":243,"column":47}}]},"51":{"type":"branch","line":243,"loc":{"start":{"line":243,"column":45},"end":{"line":244,"column":41}},"locations":[{"start":{"line":243,"column":45},"end":{"line":244,"column":41}}]},"52":{"type":"branch","line":244,"loc":{"start":{"line":244,"column":35},"end":{"line":244,"column":81}},"locations":[{"start":{"line":244,"column":35},"end":{"line":244,"column":81}}]},"53":{"type":"branch","line":244,"loc":{"start":{"line":244,"column":61},"end":{"line":259,"column":8}},"locations":[{"start":{"line":244,"column":61},"end":{"line":259,"column":8}}]},"54":{"type":"branch","line":267,"loc":{"start":{"line":267,"column":42},"end":{"line":281,"column":5}},"locations":[{"start":{"line":267,"column":42},"end":{"line":281,"column":5}}]},"55":{"type":"branch","line":287,"loc":{"start":{"line":287,"column":2},"end":{"line":299,"column":3}},"locations":[{"start":{"line":287,"column":2},"end":{"line":299,"column":3}}]},"56":{"type":"branch","line":289,"loc":{"start":{"line":289,"column":18},"end":{"line":289,"column":31}},"locations":[{"start":{"line":289,"column":18},"end":{"line":289,"column":31}}]},"57":{"type":"branch","line":289,"loc":{"start":{"line":289,"column":25},"end":{"line":297,"column":5}},"locations":[{"start":{"line":289,"column":25},"end":{"line":297,"column":5}}]},"58":{"type":"branch","line":292,"loc":{"start":{"line":292,"column":50},"end":{"line":296,"column":7}},"locations":[{"start":{"line":292,"column":50},"end":{"line":296,"column":7}}]},"59":{"type":"branch","line":293,"loc":{"start":{"line":293,"column":19},"end":{"line":293,"column":60}},"locations":[{"start":{"line":293,"column":19},"end":{"line":293,"column":60}}]},"60":{"type":"branch","line":293,"loc":{"start":{"line":293,"column":60},"end":{"line":295,"column":9}},"locations":[{"start":{"line":293,"column":60},"end":{"line":295,"column":9}}]},"61":{"type":"branch","line":296,"loc":{"start":{"line":296,"column":6},"end":{"line":297,"column":5}},"locations":[{"start":{"line":296,"column":6},"end":{"line":297,"column":5}}]},"62":{"type":"branch","line":297,"loc":{"start":{"line":297,"column":4},"end":{"line":298,"column":17}},"locations":[{"start":{"line":297,"column":4},"end":{"line":298,"column":17}}]},"63":{"type":"branch","line":304,"loc":{"start":{"line":304,"column":2},"end":{"line":321,"column":3}},"locations":[{"start":{"line":304,"column":2},"end":{"line":321,"column":3}}]},"64":{"type":"branch","line":308,"loc":{"start":{"line":308,"column":18},"end":{"line":308,"column":28}},"locations":[{"start":{"line":308,"column":18},"end":{"line":308,"column":28}}]},"65":{"type":"branch","line":308,"loc":{"start":{"line":308,"column":26},"end":{"line":320,"column":19}},"locations":[{"start":{"line":308,"column":26},"end":{"line":320,"column":19}}]},"66":{"type":"branch","line":313,"loc":{"start":{"line":313,"column":62},"end":{"line":317,"column":7}},"locations":[{"start":{"line":313,"column":62},"end":{"line":317,"column":7}}]},"67":{"type":"branch","line":314,"loc":{"start":{"line":314,"column":19},"end":{"line":314,"column":60}},"locations":[{"start":{"line":314,"column":19},"end":{"line":314,"column":60}}]},"68":{"type":"branch","line":314,"loc":{"start":{"line":314,"column":60},"end":{"line":316,"column":9}},"locations":[{"start":{"line":314,"column":60},"end":{"line":316,"column":9}}]},"69":{"type":"branch","line":326,"loc":{"start":{"line":326,"column":2},"end":{"line":331,"column":3}},"locations":[{"start":{"line":326,"column":2},"end":{"line":331,"column":3}}]},"70":{"type":"branch","line":330,"loc":{"start":{"line":330,"column":26},"end":{"line":330,"column":60}},"locations":[{"start":{"line":330,"column":26},"end":{"line":330,"column":60}}]}},"b":{"0":[26],"1":[0],"2":[2],"3":[22],"4":[1],"5":[6],"6":[2],"7":[4],"8":[1],"9":[3],"10":[0],"11":[3],"12":[1],"13":[3],"14":[1],"15":[3],"16":[3],"17":[0],"18":[3],"19":[1],"20":[0],"21":[3],"22":[0],"23":[1],"24":[0],"25":[0],"26":[0],"27":[0],"28":[0],"29":[0],"30":[3],"31":[1],"32":[2],"33":[1],"34":[0],"35":[0],"36":[0],"37":[0],"38":[3],"39":[1],"40":[2],"41":[1],"42":[1],"43":[0],"44":[0],"45":[4],"46":[1],"47":[3],"48":[1],"49":[2],"50":[0],"51":[2],"52":[0],"53":[2],"54":[1],"55":[3],"56":[1],"57":[2],"58":[3],"59":[2],"60":[1],"61":[1],"62":[1],"63":[3],"64":[1],"65":[2],"66":[4],"67":[3],"68":[2],"69":[2],"70":[2]},"fnMap":{"0":{"name":"get","decl":{"start":{"line":1,"column":0},"end":{"line":1,"column":79}},"loc":{"start":{"line":1,"column":0},"end":{"line":1,"column":79}},"line":1},"1":{"name":"<static_initializer>","decl":{"start":{"line":10,"column":2},"end":{"line":10,"column":37}},"loc":{"start":{"line":10,"column":2},"end":{"line":10,"column":37}},"line":10},"2":{"name":"<instance_members_initializer>","decl":{"start":{"line":11,"column":2},"end":{"line":12,"column":103}},"loc":{"start":{"line":11,"column":2},"end":{"line":12,"column":103}},"line":11},"3":{"name":"start","decl":{"start":{"line":17,"column":2},"end":{"line":21,"column":3}},"loc":{"start":{"line":17,"column":2},"end":{"line":21,"column":3}},"line":17},"4":{"name":"initialize","decl":{"start":{"line":26,"column":2},"end":{"line":29,"column":3}},"loc":{"start":{"line":26,"column":2},"end":{"line":29,"column":3}},"line":26},"5":{"name":"scanPluginRequirements","decl":{"start":{"line":34,"column":2},"end":{"line":78,"column":3}},"loc":{"start":{"line":34,"column":2},"end":{"line":78,"column":3}},"line":34},"6":{"name":"scanCharacterSecrets","decl":{"start":{"line":83,"column":2},"end":{"line":112,"column":3}},"loc":{"start":{"line":83,"column":2},"end":{"line":112,"column":3}},"line":83},"7":{"name":"scanLoadedPlugins","decl":{"start":{"line":117,"column":2},"end":{"line":169,"column":3}},"loc":{"start":{"line":117,"column":2},"end":{"line":169,"column":3}},"line":117},"8":{"name":"inferVariableType","decl":{"start":{"line":174,"column":10},"end":{"line":190,"column":3}},"loc":{"start":{"line":174,"column":10},"end":{"line":190,"column":3}},"line":174},"9":{"name":"getEnvVarsForPlugin","decl":{"start":{"line":195,"column":2},"end":{"line":209,"column":3}},"loc":{"start":{"line":195,"column":2},"end":{"line":209,"column":3}},"line":195},"10":{"name":"getAllEnvVars","decl":{"start":{"line":214,"column":2},"end":{"line":225,"column":3}},"loc":{"start":{"line":214,"column":2},"end":{"line":225,"column":3}},"line":214},"11":{"name":"updateEnvVar","decl":{"start":{"line":230,"column":2},"end":{"line":282,"column":3}},"loc":{"start":{"line":230,"column":2},"end":{"line":282,"column":3}},"line":230},"12":{"name":"hasMissingEnvVars","decl":{"start":{"line":287,"column":2},"end":{"line":299,"column":3}},"loc":{"start":{"line":287,"column":2},"end":{"line":299,"column":3}},"line":287},"13":{"name":"getMissingEnvVars","decl":{"start":{"line":304,"column":2},"end":{"line":321,"column":3}},"loc":{"start":{"line":304,"column":2},"end":{"line":321,"column":3}},"line":304},"14":{"name":"getGeneratableEnvVars","decl":{"start":{"line":326,"column":2},"end":{"line":331,"column":3}},"loc":{"start":{"line":326,"column":2},"end":{"line":331,"column":3}},"line":326},"15":{"name":"stop","decl":{"start":{"line":336,"column":2},"end":{"line":338,"column":3}},"loc":{"start":{"line":336,"column":2},"end":{"line":338,"column":3}},"line":336},"16":{"name":"stop","decl":{"start":{"line":343,"column":2},"end":{"line":348,"column":3}},"loc":{"start":{"line":343,"column":2},"end":{"line":348,"column":3}},"line":343}},"f":{"0":26,"1":2,"2":22,"3":0,"4":1,"5":6,"6":3,"7":3,"8":3,"9":3,"10":0,"11":4,"12":3,"13":3,"14":2,"15":0,"16":0}}
,"/Users/shawwalters/eliza/packages/autonomous-starter/src/plugin-env/types.ts": {"path":"/Users/shawwalters/eliza/packages/autonomous-starter/src/plugin-env/types.ts","all":true,"statementMap":{},"s":{},"branchMap":{"0":{"type":"branch","line":1,"loc":{"start":{"line":1,"column":1072},"end":{"line":48,"column":1}},"locations":[{"start":{"line":1,"column":1072},"end":{"line":48,"column":1}}]}},"b":{"0":[1]},"fnMap":{"0":{"name":"(empty-report)","decl":{"start":{"line":1,"column":1072},"end":{"line":48,"column":1}},"loc":{"start":{"line":1,"column":1072},"end":{"line":48,"column":1}},"line":1}},"f":{"0":1}}
,"/Users/shawwalters/eliza/packages/autonomous-starter/src/plugin-env/validation.ts": {"path":"/Users/shawwalters/eliza/packages/autonomous-starter/src/plugin-env/validation.ts","all":false,"statementMap":{"0":{"start":{"line":1,"column":0},"end":{"line":1,"column":39}},"6":{"start":{"line":7,"column":0},"end":{"line":7,"column":37}},"7":{"start":{"line":8,"column":0},"end":{"line":8,"column":12}},"8":{"start":{"line":9,"column":0},"end":{"line":9,"column":63}},"9":{"start":{"line":10,"column":0},"end":{"line":10,"column":11}},"10":{"start":{"line":11,"column":0},"end":{"line":11,"column":74}},"11":{"start":{"line":12,"column":0},"end":{"line":12,"column":20}},"12":{"start":{"line":13,"column":0},"end":{"line":13,"column":43}},"13":{"start":{"line":14,"column":0},"end":{"line":14,"column":47}},"14":{"start":{"line":15,"column":0},"end":{"line":15,"column":12}},"15":{"start":{"line":16,"column":0},"end":{"line":16,"column":11}},"17":{"start":{"line":18,"column":0},"end":{"line":18,"column":26}},"18":{"start":{"line":19,"column":0},"end":{"line":19,"column":85}},"19":{"start":{"line":20,"column":0},"end":{"line":20,"column":16}},"20":{"start":{"line":21,"column":0},"end":{"line":21,"column":46}},"21":{"start":{"line":22,"column":0},"end":{"line":22,"column":18}},"22":{"start":{"line":23,"column":0},"end":{"line":23,"column":27}},"23":{"start":{"line":24,"column":0},"end":{"line":24,"column":70}},"24":{"start":{"line":25,"column":0},"end":{"line":25,"column":27}},"25":{"start":{"line":26,"column":0},"end":{"line":26,"column":12}},"26":{"start":{"line":27,"column":0},"end":{"line":27,"column":9}},"27":{"start":{"line":28,"column":0},"end":{"line":28,"column":23}},"28":{"start":{"line":29,"column":0},"end":{"line":29,"column":16}},"29":{"start":{"line":30,"column":0},"end":{"line":30,"column":25}},"30":{"start":{"line":31,"column":0},"end":{"line":31,"column":53}},"31":{"start":{"line":32,"column":0},"end":{"line":32,"column":76}},"32":{"start":{"line":33,"column":0},"end":{"line":33,"column":10}},"33":{"start":{"line":34,"column":0},"end":{"line":34,"column":7}},"34":{"start":{"line":35,"column":0},"end":{"line":35,"column":6}},"36":{"start":{"line":37,"column":0},"end":{"line":37,"column":61}},"37":{"start":{"line":38,"column":0},"end":{"line":38,"column":11}},"38":{"start":{"line":39,"column":0},"end":{"line":39,"column":79}},"39":{"start":{"line":40,"column":0},"end":{"line":40,"column":20}},"40":{"start":{"line":41,"column":0},"end":{"line":41,"column":43}},"41":{"start":{"line":42,"column":0},"end":{"line":42,"column":47}},"42":{"start":{"line":43,"column":0},"end":{"line":43,"column":12}},"43":{"start":{"line":44,"column":0},"end":{"line":44,"column":11}},"45":{"start":{"line":46,"column":0},"end":{"line":46,"column":26}},"46":{"start":{"line":47,"column":0},"end":{"line":47,"column":83}},"47":{"start":{"line":48,"column":0},"end":{"line":48,"column":16}},"48":{"start":{"line":49,"column":0},"end":{"line":49,"column":18}},"49":{"start":{"line":50,"column":0},"end":{"line":50,"column":27}},"50":{"start":{"line":51,"column":0},"end":{"line":51,"column":68}},"51":{"start":{"line":52,"column":0},"end":{"line":52,"column":12}},"52":{"start":{"line":53,"column":0},"end":{"line":53,"column":9}},"53":{"start":{"line":54,"column":0},"end":{"line":54,"column":23}},"54":{"start":{"line":55,"column":0},"end":{"line":55,"column":16}},"55":{"start":{"line":56,"column":0},"end":{"line":56,"column":25}},"56":{"start":{"line":57,"column":0},"end":{"line":57,"column":51}},"57":{"start":{"line":58,"column":0},"end":{"line":58,"column":76}},"58":{"start":{"line":59,"column":0},"end":{"line":59,"column":10}},"59":{"start":{"line":60,"column":0},"end":{"line":60,"column":7}},"60":{"start":{"line":61,"column":0},"end":{"line":61,"column":6}},"62":{"start":{"line":63,"column":0},"end":{"line":63,"column":66}},"63":{"start":{"line":64,"column":0},"end":{"line":64,"column":11}},"64":{"start":{"line":65,"column":0},"end":{"line":65,"column":79}},"65":{"start":{"line":66,"column":0},"end":{"line":66,"column":25}},"66":{"start":{"line":67,"column":0},"end":{"line":67,"column":20}},"67":{"start":{"line":68,"column":0},"end":{"line":68,"column":29}},"68":{"start":{"line":69,"column":0},"end":{"line":69,"column":47}},"69":{"start":{"line":70,"column":0},"end":{"line":70,"column":46}},"70":{"start":{"line":71,"column":0},"end":{"line":71,"column":12}},"71":{"start":{"line":72,"column":0},"end":{"line":72,"column":32}},"72":{"start":{"line":73,"column":0},"end":{"line":73,"column":45}},"73":{"start":{"line":74,"column":0},"end":{"line":74,"column":26}},"74":{"start":{"line":75,"column":0},"end":{"line":75,"column":58}},"75":{"start":{"line":76,"column":0},"end":{"line":76,"column":13}},"76":{"start":{"line":77,"column":0},"end":{"line":77,"column":11}},"78":{"start":{"line":79,"column":0},"end":{"line":79,"column":53}},"80":{"start":{"line":81,"column":0},"end":{"line":81,"column":88}},"81":{"start":{"line":82,"column":0},"end":{"line":82,"column":16}},"82":{"start":{"line":83,"column":0},"end":{"line":83,"column":18}},"83":{"start":{"line":84,"column":0},"end":{"line":84,"column":27}},"84":{"start":{"line":85,"column":0},"end":{"line":85,"column":73}},"85":{"start":{"line":86,"column":0},"end":{"line":86,"column":12}},"86":{"start":{"line":87,"column":0},"end":{"line":87,"column":9}},"87":{"start":{"line":88,"column":0},"end":{"line":88,"column":23}},"88":{"start":{"line":89,"column":0},"end":{"line":89,"column":16}},"89":{"start":{"line":90,"column":0},"end":{"line":90,"column":25}},"90":{"start":{"line":91,"column":0},"end":{"line":91,"column":56}},"91":{"start":{"line":92,"column":0},"end":{"line":92,"column":76}},"92":{"start":{"line":93,"column":0},"end":{"line":93,"column":10}},"93":{"start":{"line":94,"column":0},"end":{"line":94,"column":7}},"94":{"start":{"line":95,"column":0},"end":{"line":95,"column":6}},"95":{"start":{"line":96,"column":0},"end":{"line":96,"column":4}},"97":{"start":{"line":98,"column":0},"end":{"line":98,"column":16}},"98":{"start":{"line":99,"column":0},"end":{"line":99,"column":60}},"99":{"start":{"line":100,"column":0},"end":{"line":100,"column":11}},"100":{"start":{"line":101,"column":0},"end":{"line":101,"column":46}},"103":{"start":{"line":104,"column":0},"end":{"line":104,"column":12}},"104":{"start":{"line":105,"column":0},"end":{"line":105,"column":57}},"105":{"start":{"line":106,"column":0},"end":{"line":106,"column":58}},"106":{"start":{"line":107,"column":0},"end":{"line":107,"column":11}},"107":{"start":{"line":108,"column":0},"end":{"line":108,"column":77}},"108":{"start":{"line":109,"column":0},"end":{"line":109,"column":9}},"111":{"start":{"line":112,"column":0},"end":{"line":112,"column":55}},"114":{"start":{"line":115,"column":0},"end":{"line":115,"column":48}},"115":{"start":{"line":116,"column":0},"end":{"line":116,"column":60}},"116":{"start":{"line":117,"column":0},"end":{"line":117,"column":81}},"117":{"start":{"line":118,"column":0},"end":{"line":118,"column":70}},"119":{"start":{"line":120,"column":0},"end":{"line":120,"column":48}},"120":{"start":{"line":121,"column":0},"end":{"line":121,"column":86}},"121":{"start":{"line":122,"column":0},"end":{"line":122,"column":16}},"122":{"start":{"line":123,"column":0},"end":{"line":123,"column":88}},"123":{"start":{"line":124,"column":0},"end":{"line":124,"column":9}},"124":{"start":{"line":125,"column":0},"end":{"line":125,"column":23}},"125":{"start":{"line":126,"column":0},"end":{"line":126,"column":16}},"126":{"start":{"line":127,"column":0},"end":{"line":127,"column":25}},"127":{"start":{"line":128,"column":0},"end":{"line":128,"column":43}},"128":{"start":{"line":129,"column":0},"end":{"line":129,"column":76}},"129":{"start":{"line":130,"column":0},"end":{"line":130,"column":10}},"130":{"start":{"line":131,"column":0},"end":{"line":131,"column":7}},"131":{"start":{"line":132,"column":0},"end":{"line":132,"column":6}},"133":{"start":{"line":134,"column":0},"end":{"line":134,"column":64}},"134":{"start":{"line":135,"column":0},"end":{"line":135,"column":11}},"135":{"start":{"line":136,"column":0},"end":{"line":136,"column":46}},"138":{"start":{"line":139,"column":0},"end":{"line":139,"column":59}},"139":{"start":{"line":140,"column":0},"end":{"line":140,"column":81}},"140":{"start":{"line":141,"column":0},"end":{"line":141,"column":9}},"143":{"start":{"line":144,"column":0},"end":{"line":144,"column":55}},"146":{"start":{"line":147,"column":0},"end":{"line":147,"column":45}},"147":{"start":{"line":148,"column":0},"end":{"line":148,"column":78}},"150":{"start":{"line":151,"column":0},"end":{"line":151,"column":60}},"151":{"start":{"line":152,"column":0},"end":{"line":152,"column":89}},"153":{"start":{"line":154,"column":0},"end":{"line":154,"column":22}},"154":{"start":{"line":155,"column":0},"end":{"line":155,"column":90}},"155":{"start":{"line":156,"column":0},"end":{"line":156,"column":16}},"156":{"start":{"line":157,"column":0},"end":{"line":157,"column":91}},"157":{"start":{"line":158,"column":0},"end":{"line":158,"column":9}},"158":{"start":{"line":159,"column":0},"end":{"line":159,"column":23}},"159":{"start":{"line":160,"column":0},"end":{"line":160,"column":16}},"160":{"start":{"line":161,"column":0},"end":{"line":161,"column":25}},"161":{"start":{"line":162,"column":0},"end":{"line":162,"column":47}},"162":{"start":{"line":163,"column":0},"end":{"line":163,"column":76}},"163":{"start":{"line":164,"column":0},"end":{"line":164,"column":10}},"164":{"start":{"line":165,"column":0},"end":{"line":165,"column":7}},"165":{"start":{"line":166,"column":0},"end":{"line":166,"column":6}},"166":{"start":{"line":167,"column":0},"end":{"line":167,"column":4}},"168":{"start":{"line":169,"column":0},"end":{"line":169,"column":8}},"169":{"start":{"line":170,"column":0},"end":{"line":170,"column":64}},"170":{"start":{"line":171,"column":0},"end":{"line":171,"column":11}},"171":{"start":{"line":172,"column":0},"end":{"line":172,"column":43}},"172":{"start":{"line":173,"column":0},"end":{"line":173,"column":25}},"173":{"start":{"line":174,"column":0},"end":{"line":174,"column":58}},"174":{"start":{"line":175,"column":0},"end":{"line":175,"column":47}},"175":{"start":{"line":176,"column":0},"end":{"line":176,"column":11}},"178":{"start":{"line":179,"column":0},"end":{"line":179,"column":36}},"179":{"start":{"line":180,"column":0},"end":{"line":180,"column":72}},"180":{"start":{"line":181,"column":0},"end":{"line":181,"column":16}},"181":{"start":{"line":182,"column":0},"end":{"line":182,"column":18}},"182":{"start":{"line":183,"column":0},"end":{"line":183,"column":27}},"183":{"start":{"line":184,"column":0},"end":{"line":184,"column":75}},"184":{"start":{"line":185,"column":0},"end":{"line":185,"column":12}},"185":{"start":{"line":186,"column":0},"end":{"line":186,"column":9}},"186":{"start":{"line":187,"column":0},"end":{"line":187,"column":23}},"187":{"start":{"line":188,"column":0},"end":{"line":188,"column":16}},"188":{"start":{"line":189,"column":0},"end":{"line":189,"column":25}},"189":{"start":{"line":190,"column":0},"end":{"line":190,"column":48}},"190":{"start":{"line":191,"column":0},"end":{"line":191,"column":76}},"191":{"start":{"line":192,"column":0},"end":{"line":192,"column":10}},"192":{"start":{"line":193,"column":0},"end":{"line":193,"column":7}},"193":{"start":{"line":194,"column":0},"end":{"line":194,"column":6}},"195":{"start":{"line":196,"column":0},"end":{"line":196,"column":69}},"196":{"start":{"line":197,"column":0},"end":{"line":197,"column":11}},"197":{"start":{"line":198,"column":0},"end":{"line":198,"column":42}},"199":{"start":{"line":200,"column":0},"end":{"line":200,"column":26}},"200":{"start":{"line":201,"column":0},"end":{"line":201,"column":73}},"201":{"start":{"line":202,"column":0},"end":{"line":202,"column":16}},"202":{"start":{"line":203,"column":0},"end":{"line":203,"column":18}},"203":{"start":{"line":204,"column":0},"end":{"line":204,"column":27}},"204":{"start":{"line":205,"column":0},"end":{"line":205,"column":69}},"205":{"start":{"line":206,"column":0},"end":{"line":206,"column":12}},"206":{"start":{"line":207,"column":0},"end":{"line":207,"column":9}},"207":{"start":{"line":208,"column":0},"end":{"line":208,"column":23}},"208":{"start":{"line":209,"column":0},"end":{"line":209,"column":16}},"209":{"start":{"line":210,"column":0},"end":{"line":210,"column":25}},"210":{"start":{"line":211,"column":0},"end":{"line":211,"column":49}},"211":{"start":{"line":212,"column":0},"end":{"line":212,"column":76}},"212":{"start":{"line":213,"column":0},"end":{"line":213,"column":10}},"213":{"start":{"line":214,"column":0},"end":{"line":214,"column":7}},"214":{"start":{"line":215,"column":0},"end":{"line":215,"column":6}},"215":{"start":{"line":216,"column":0},"end":{"line":216,"column":4}},"217":{"start":{"line":218,"column":0},"end":{"line":218,"column":15}},"218":{"start":{"line":219,"column":0},"end":{"line":219,"column":69}},"219":{"start":{"line":220,"column":0},"end":{"line":220,"column":11}},"221":{"start":{"line":222,"column":0},"end":{"line":222,"column":36}},"223":{"start":{"line":224,"column":0},"end":{"line":224,"column":51}},"224":{"start":{"line":225,"column":0},"end":{"line":225,"column":74}},"225":{"start":{"line":226,"column":0},"end":{"line":226,"column":9}},"227":{"start":{"line":228,"column":0},"end":{"line":228,"column":74}},"228":{"start":{"line":229,"column":0},"end":{"line":229,"column":23}},"229":{"start":{"line":230,"column":0},"end":{"line":230,"column":16}},"230":{"start":{"line":231,"column":0},"end":{"line":231,"column":25}},"231":{"start":{"line":232,"column":0},"end":{"line":232,"column":47}},"232":{"start":{"line":233,"column":0},"end":{"line":233,"column":76}},"233":{"start":{"line":234,"column":0},"end":{"line":234,"column":10}},"234":{"start":{"line":235,"column":0},"end":{"line":235,"column":7}},"235":{"start":{"line":236,"column":0},"end":{"line":236,"column":6}},"236":{"start":{"line":237,"column":0},"end":{"line":237,"column":4}},"237":{"start":{"line":238,"column":0},"end":{"line":238,"column":2}},"242":{"start":{"line":243,"column":0},"end":{"line":243,"column":37}},"243":{"start":{"line":244,"column":0},"end":{"line":244,"column":18}},"244":{"start":{"line":245,"column":0},"end":{"line":245,"column":16}},"245":{"start":{"line":246,"column":0},"end":{"line":246,"column":15}},"246":{"start":{"line":247,"column":0},"end":{"line":247,"column":27}},"247":{"start":{"line":248,"column":0},"end":{"line":248,"column":30}},"248":{"start":{"line":249,"column":0},"end":{"line":249,"column":7}},"249":{"start":{"line":250,"column":0},"end":{"line":250,"column":78}},"251":{"start":{"line":252,"column":0},"end":{"line":252,"column":40}},"252":{"start":{"line":253,"column":0},"end":{"line":253,"column":78}},"253":{"start":{"line":254,"column":0},"end":{"line":254,"column":5}},"256":{"start":{"line":257,"column":0},"end":{"line":257,"column":69}},"258":{"start":{"line":259,"column":0},"end":{"line":259,"column":78}},"259":{"start":{"line":260,"column":0},"end":{"line":260,"column":32}},"260":{"start":{"line":261,"column":0},"end":{"line":261,"column":76}},"262":{"start":{"line":263,"column":0},"end":{"line":263,"column":84}},"263":{"start":{"line":264,"column":0},"end":{"line":264,"column":91}},"266":{"start":{"line":267,"column":0},"end":{"line":267,"column":37}},"267":{"start":{"line":268,"column":0},"end":{"line":268,"column":7}},"268":{"start":{"line":269,"column":0},"end":{"line":269,"column":5}},"271":{"start":{"line":272,"column":0},"end":{"line":272,"column":96}},"272":{"start":{"line":273,"column":0},"end":{"line":273,"column":84}},"273":{"start":{"line":274,"column":0},"end":{"line":274,"column":19}},"274":{"start":{"line":275,"column":0},"end":{"line":275,"column":77}},"275":{"start":{"line":276,"column":0},"end":{"line":276,"column":12}},"276":{"start":{"line":277,"column":0},"end":{"line":277,"column":21}},"277":{"start":{"line":278,"column":0},"end":{"line":278,"column":57}},"278":{"start":{"line":279,"column":0},"end":{"line":279,"column":72}},"279":{"start":{"line":280,"column":0},"end":{"line":280,"column":6}},"280":{"start":{"line":281,"column":0},"end":{"line":281,"column":3}},"281":{"start":{"line":282,"column":0},"end":{"line":282,"column":1}}},"s":{"0":0,"6":1,"7":1,"8":1,"9":4,"10":4,"11":4,"12":4,"13":4,"14":4,"15":4,"17":4,"18":2,"19":4,"20":1,"21":1,"22":1,"23":1,"24":1,"25":1,"26":1,"27":4,"28":1,"29":1,"30":1,"31":1,"32":1,"33":1,"34":4,"36":1,"37":3,"38":3,"39":3,"40":3,"41":3,"42":3,"43":3,"45":3,"46":1,"47":1,"48":1,"49":1,"50":1,"51":1,"52":1,"53":3,"54":1,"55":1,"56":1,"57":1,"58":1,"59":1,"60":3,"62":1,"63":4,"64":4,"65":4,"66":4,"67":4,"68":4,"69":4,"70":4,"71":4,"72":4,"73":4,"74":4,"75":4,"76":4,"78":4,"80":2,"81":4,"82":1,"83":1,"84":1,"85":1,"86":1,"87":4,"88":1,"89":1,"90":1,"91":1,"92":1,"93":1,"94":4,"95":1,"97":1,"98":1,"99":0,"100":0,"103":0,"104":0,"105":0,"106":0,"107":0,"108":0,"111":0,"114":0,"115":0,"116":0,"117":0,"119":0,"120":0,"121":0,"122":0,"123":0,"124":0,"125":0,"126":0,"127":0,"128":0,"129":0,"130":0,"131":0,"133":1,"134":0,"135":0,"138":0,"139":0,"140":0,"143":0,"146":0,"147":0,"150":0,"151":0,"153":0,"154":0,"155":0,"156":0,"157":0,"158":0,"159":0,"160":0,"161":0,"162":0,"163":0,"164":0,"165":0,"1
[...]
art":{"line":17,"column":0},"end":{"line":17,"column":17}},"17":{"start":{"line":18,"column":0},"end":{"line":18,"column":20}},"18":{"start":{"line":19,"column":0},"end":{"line":19,"column":21}},"19":{"start":{"line":20,"column":0},"end":{"line":20,"column":18}},"20":{"start":{"line":21,"column":0},"end":{"line":21,"column":15}},"21":{"start":{"line":22,"column":0},"end":{"line":22,"column":19}},"23":{"start":{"line":24,"column":0},"end":{"line":24,"column":64}},"24":{"start":{"line":25,"column":0},"end":{"line":25,"column":66}},"26":{"start":{"line":27,"column":0},"end":{"line":27,"column":31}},"27":{"start":{"line":28,"column":0},"end":{"line":28,"column":21}},"28":{"start":{"line":29,"column":0},"end":{"line":29,"column":97}},"29":{"start":{"line":30,"column":0},"end":{"line":30,"column":68}},"30":{"start":{"line":31,"column":0},"end":{"line":31,"column":12}},"31":{"start":{"line":32,"column":0},"end":{"line":32,"column":34}},"32":{"start":{"line":33,"column":0},"end":{"line":33,"column":5}},"33":{"start":{"line":34,"column":0},"end":{"line":34,"column":3}},"35":{"start":{"line":36,"column":0},"end":{"line":36,"column":89}},"36":{"start":{"line":37,"column":0},"end":{"line":37,"column":61}},"37":{"start":{"line":38,"column":0},"end":{"line":38,"column":62}},"38":{"start":{"line":39,"column":0},"end":{"line":39,"column":46}},"40":{"start":{"line":41,"column":0},"end":{"line":41,"column":58}},"41":{"start":{"line":42,"column":0},"end":{"line":42,"column":50}},"42":{"start":{"line":43,"column":0},"end":{"line":43,"column":3}},"44":{"start":{"line":45,"column":0},"end":{"line":45,"column":25}},"45":{"start":{"line":46,"column":0},"end":{"line":46,"column":52}},"46":{"start":{"line":47,"column":0},"end":{"line":47,"column":3}},"48":{"start":{"line":49,"column":0},"end":{"line":49,"column":20}},"49":{"start":{"line":50,"column":0},"end":{"line":50,"column":1}},"54":{"start":{"line":55,"column":0},"end":{"line":55,"column":97}},"55":{"start":{"line":56,"column":0},"end":{"line":56,"column":39}},"57":{"start":{"line":58,"column":0},"end":{"line":58,"column":29}},"58":{"start":{"line":59,"column":0},"end":{"line":59,"column":54}},"59":{"start":{"line":60,"column":0},"end":{"line":60,"column":3}},"62":{"start":{"line":63,"column":0},"end":{"line":63,"column":20}},"63":{"start":{"line":64,"column":0},"end":{"line":64,"column":26}},"64":{"start":{"line":65,"column":0},"end":{"line":65,"column":22}},"65":{"start":{"line":66,"column":0},"end":{"line":66,"column":25}},"66":{"start":{"line":67,"column":0},"end":{"line":67,"column":20}},"68":{"start":{"line":69,"column":0},"end":{"line":69,"column":48}},"69":{"start":{"line":70,"column":0},"end":{"line":70,"column":49}},"70":{"start":{"line":71,"column":0},"end":{"line":71,"column":18}},"71":{"start":{"line":72,"column":0},"end":{"line":72,"column":38}},"72":{"start":{"line":73,"column":0},"end":{"line":73,"column":20}},"73":{"start":{"line":74,"column":0},"end":{"line":74,"column":66}},"74":{"start":{"line":75,"column":0},"end":{"line":75,"column":26}},"75":{"start":{"line":76,"column":0},"end":{"line":76,"column":33}},"76":{"start":{"line":77,"column":0},"end":{"line":77,"column":24}},"77":{"start":{"line":78,"column":0},"end":{"line":78,"column":16}},"78":{"start":{"line":79,"column":0},"end":{"line":79,"column":27}},"79":{"start":{"line":80,"column":0},"end":{"line":80,"column":9}},"80":{"start":{"line":81,"column":0},"end":{"line":81,"column":7}},"81":{"start":{"line":82,"column":0},"end":{"line":82,"column":5}},"82":{"start":{"line":83,"column":0},"end":{"line":83,"column":3}},"84":{"start":{"line":85,"column":0},"end":{"line":85,"column":59}},"85":{"start":{"line":86,"column":0},"end":{"line":86,"column":83}},"87":{"start":{"line":88,"column":0},"end":{"line":88,"column":28}},"88":{"start":{"line":89,"column":0},"end":{"line":89,"column":76}},"89":{"start":{"line":90,"column":0},"end":{"line":90,"column":26}},"90":{"start":{"line":91,"column":0},"end":{"line":91,"column":74}},"91":{"start":{"line":92,"column":0},"end":{"line":92,"column":5}},"92":{"start":{"line":93,"column":0},"end":{"line":93,"column":29}},"93":{"start":{"line":94,"column":0},"end":{"line":94,"column":77}},"94":{"start":{"line":95,"column":0},"end":{"line":95,"column":5}},"95":{"start":{"line":96,"column":0},"end":{"line":96,"column":3}},"97":{"start":{"line":98,"column":0},"end":{"line":98,"column":24}},"100":{"start":{"line":101,"column":0},"end":{"line":101,"column":63}},"101":{"start":{"line":102,"column":0},"end":{"line":102,"column":97}},"103":{"start":{"line":104,"column":0},"end":{"line":104,"column":61}},"104":{"start":{"line":105,"column":0},"end":{"line":105,"column":42}},"105":{"start":{"line":106,"column":0},"end":{"line":106,"column":62}},"106":{"start":{"line":107,"column":0},"end":{"line":107,"column":28}},"107":{"start":{"line":108,"column":0},"end":{"line":108,"column":5}},"108":{"start":{"line":109,"column":0},"end":{"line":109,"column":3}},"111":{"start":{"line":112,"column":0},"end":{"line":112,"column":28}},"112":{"start":{"line":113,"column":0},"end":{"line":113,"column":52}},"114":{"start":{"line":115,"column":0},"end":{"line":115,"column":26}},"115":{"start":{"line":116,"column":0},"end":{"line":116,"column":117}},"116":{"start":{"line":117,"column":0},"end":{"line":117,"column":5}},"118":{"start":{"line":119,"column":0},"end":{"line":119,"column":29}},"119":{"start":{"line":120,"column":0},"end":{"line":120,"column":111}},"120":{"start":{"line":121,"column":0},"end":{"line":121,"column":5}},"122":{"start":{"line":123,"column":0},"end":{"line":123,"column":20}},"123":{"start":{"line":124,"column":0},"end":{"line":124,"column":105}},"124":{"start":{"line":125,"column":0},"end":{"line":125,"column":3}},"126":{"start":{"line":127,"column":0},"end":{"line":127,"column":23}},"127":{"start":{"line":128,"column":0},"end":{"line":128,"column":1}},"132":{"start":{"line":133,"column":0},"end":{"line":133,"column":44}},"133":{"start":{"line":134,"column":0},"end":{"line":134,"column":21}},"134":{"start":{"line":135,"column":0},"end":{"line":135,"column":73}},"136":{"start":{"line":137,"column":0},"end":{"line":137,"column":99}},"137":{"start":{"line":138,"column":0},"end":{"line":138,"column":9}},"138":{"start":{"line":139,"column":0},"end":{"line":139,"column":61}},"140":{"start":{"line":141,"column":0},"end":{"line":141,"column":21}},"141":{"start":{"line":142,"column":0},"end":{"line":142,"column":84}},"142":{"start":{"line":143,"column":0},"end":{"line":143,"column":16}},"143":{"start":{"line":144,"column":0},"end":{"line":144,"column":32}},"144":{"start":{"line":145,"column":0},"end":{"line":145,"column":19}},"145":{"start":{"line":146,"column":0},"end":{"line":146,"column":55}},"146":{"start":{"line":147,"column":0},"end":{"line":147,"column":30}},"147":{"start":{"line":148,"column":0},"end":{"line":148,"column":34}},"148":{"start":{"line":149,"column":0},"end":{"line":149,"column":34}},"149":{"start":{"line":150,"column":0},"end":{"line":150,"column":12}},"150":{"start":{"line":151,"column":0},"end":{"line":151,"column":48}},"151":{"start":{"line":152,"column":0},"end":{"line":152,"column":10}},"152":{"start":{"line":153,"column":0},"end":{"line":153,"column":7}},"154":{"start":{"line":155,"column":0},"end":{"line":155,"column":52}},"156":{"start":{"line":157,"column":0},"end":{"line":157,"column":38}},"157":{"start":{"line":158,"column":0},"end":{"line":158,"column":76}},"158":{"start":{"line":159,"column":0},"end":{"line":159,"column":16}},"159":{"start":{"line":160,"column":0},"end":{"line":160,"column":32}},"160":{"start":{"line":161,"column":0},"end":{"line":161,"column":19}},"161":{"start":{"line":162,"column":0},"end":{"line":162,"column":66}},"162":{"start":{"line":163,"column":0},"end":{"line":163,"column":30}},"163":{"start":{"line":164,"column":0},"end":{"line":164,"column":34}},"164":{"start":{"line":165,"column":0},"end":{"line":165,"column":34}},"165":{"start":{"line":166,"column":0},"end":{"line":166,"column":12}},"166":{"start":{"line":167,"column":0},"end":{"line":167,"column":59}},"167":{"start":{"line":168,"column":0},"end":{"line":168,"column":10}},"168":{"start":{"line":169,"column":0},"end":{"line":169,"column":7}},"170":{"start":{"line":171,"column":0},"end":{"line":171,"column":63}},"173":{"start":{"line":174,"column":0},"end":{"line":174,"column":29}},"174":{"start":{"line":175,"column":0},"end":{"line":175,"column":33}},"175":{"start":{"line":176,"column":0},"end":{"line":176,"column":33}},"177":{"start":{"line":178,"column":0},"end":{"line":178,"column":52}},"178":{"start":{"line":179,"column":0},"end":{"line":179,"column":53}},"179":{"start":{"line":180,"column":0},"end":{"line":180,"column":63}},"180":{"start":{"line":181,"column":0},"end":{"line":181,"column":30}},"181":{"start":{"line":182,"column":0},"end":{"line":182,"column":37}},"182":{"start":{"line":183,"column":0},"end":{"line":183,"column":36}},"183":{"start":{"line":184,"column":0},"end":{"line":184,"column":20}},"184":{"start":{"line":185,"column":0},"end":{"line":185,"column":36}},"185":{"start":{"line":186,"column":0},"end":{"line":186,"column":13}},"186":{"start":{"line":187,"column":0},"end":{"line":187,"column":11}},"187":{"start":{"line":188,"column":0},"end":{"line":188,"column":9}},"188":{"start":{"line":189,"column":0},"end":{"line":189,"column":7}},"191":{"start":{"line":192,"column":0},"end":{"line":192,"column":62}},"193":{"start":{"line":194,"column":0},"end":{"line":194,"column":71}},"195":{"start":{"line":196,"column":0},"end":{"line":196,"column":14}},"196":{"start":{"line":197,"column":0},"end":{"line":197,"column":15}},"197":{"start":{"line":198,"column":0},"end":{"line":198,"column":18}},"198":{"start":{"line":199,"column":0},"end":{"line":199,"column":20}},"199":{"start":{"line":200,"column":0},"end":{"line":200,"column":49}},"200":{"start":{"line":201,"column":0},"end":{"line":201,"column":64}},"201":{"start":{"line":202,"column":0},"end":{"line":202,"column":15}},"202":{"start":{"line":203,"column":0},"end":{"line":203,"column":14}},"203":{"start":{"line":204,"column":0},"end":{"line":204,"column":51}},"204":{"start":{"line":205,"column":0},"end":{"line":205,"column":30}},"205":{"start":{"line":206,"column":0},"end":{"line":206,"column":21}},"206":{"start":{"line":207,"column":0},"end":{"line":207,"column":97}},"207":{"start":{"line":208,"column":0},"end":{"line":208,"column":15}},"208":{"start":{"line":209,"column":0},"end":{"line":209,"column":14}},"209":{"start":{"line":210,"column":0},"end":{"line":210,"column":49}},"210":{"start":{"line":211,"column":0},"end":{"line":211,"column":30}},"211":{"start":{"line":212,"column":0},"end":{"line":212,"column":87}},"212":{"start":{"line":213,"column":0},"end":{"line":213,"column":15}},"213":{"start":{"line":214,"column":0},"end":{"line":214,"column":14}},"214":{"start":{"line":215,"column":0},"end":{"line":215,"column":12}},"215":{"start":{"line":216,"column":0},"end":{"line":216,"column":10}},"216":{"start":{"line":217,"column":0},"end":{"line":217,"column":17}},"217":{"start":{"line":218,"column":0},"end":{"line":218,"column":32}},"218":{"start":{"line":219,"column":0},"end":{"line":219,"column":21}},"219":{"start":{"line":220,"column":0},"end":{"line":220,"column":25}},"220":{"start":{"line":221,"column":0},"end":{"line":221,"column":25}},"221":{"start":{"line":222,"column":0},"end":{"line":222,"column":10}},"222":{"start":{"line":223,"column":0},"end":{"line":223,"column":25}},"223":{"start":{"line":224,"column":0},"end":{"line":224,"column":8}},"224":{"start":{"line":225,"column":0},"end":{"line":225,"column":21}},"225":{"start":{"line":226,"column":0},"end":{"line":226,"column":79}},"226":{"start":{"line":227,"column":0},"end":{"line":227,"column":14}},"227":{"start":{"line":228,"column":0},"end":{"line":228,"column":30}},"228":{"start":{"line":229,"column":0},"end":{"line":229,"column":17}},"229":{"start":{"line":230,"column":0},"end":{"line":230,"column":69}},"230":{"start":{"line":231,"column":0},"end":{"line":231,"column":28}},"231":{"start":{"line":232,"column":0},"end":{"line":232,"column":32}},"232":{"start":{"line":233,"column":0},"end":{"line":233,"column":32}},"233":{"start":{"line":234,"column":0},"end":{"line":234,"column":10}},"234":{"start":{"line":235,"column":0},"end":{"line":235,"column":62}},"235":{"start":{"line":236,"column":0},"end":{"line":236,"column":8}},"236":{"start":{"line":237,"column":0},"end":{"line":237,"column":5}},"237":{"start":{"line":238,"column":0},"end":{"line":238,"column":4}},"238":{"start":{"line":239,"column":0},"end":{"line":239,"column":2}},"240":{"start":{"line":241,"column":0},"end":{"line":241,"column":33}}},"s":{"0":0,"14":2,"15":2,"16":2,"17":2,"18":2,"19":2,"20":2,"21":2,"23":2,"24":2,"26":2,"27":2,"28":0,"29":0,"30":0,"31":0,"32":0,"33":0,"35":2,"36":2,"37":2,"38":2,"40":2,"41":1,"42":1,"44":2,"45":0,"46":0,"48":2,"49":2,"54":1,"55":1,"57":1,"58":0,"59":0,"62":1,"63":1,"64":1,"65":1,"66":1,"68":1,"69":1,"70":2,"71":2,"72":0,"73":2,"74":2,"75":2,"76":1,"77":1,"78":1,"79":1,"80":2,"81":2,"82":1,"84":1,"85":1,"87":1,"88":1,"89":1,"90":1,"91":1,"92":1,"93":1,"94":1,"95":1,"97":1,"100":1,"101":1,"103":1,"104":2,"105":2,"106":2,"107":2,"108":1,"111":1,"112":1,"114":1,"115":1,"116":1,"118":1,"119":1,"120":1,"122":1,"123":1,"124":1,"126":1,"127":1,"132":1,"133":1,"134":1,"136":1,"137":4,"138":4,"140":4,"141":1,"142":1,"143":1,"144":1,"145":1,"146":1,"147":1,"148":1,"149":1,"150":1,"151":1,"152":1,"154":3,"156":4,"157":1,"158":1,"159":1,"160":1,"161":1,"162":1,"163":1,"164":1,"165":1,"166":1,"167":1,"168":1,"170":1,"173":1,"174":1,"175":1,"177":1,"178":1,"179":2,"180":2,"181":2,"182":1,"183":1,"184":1,"185":1,"186":2,"187":2,"188":1,"191":1,"193":1,"195":1,"196":1,"197":1,"198":1,"199":1,"200":1,"201":1,"202":1,"203":1,"204":1,"205":1,"206":1,"207":1,"208":1,"209":1,"210":1,"211":1,"212":1,"213":1,"214":1,"215":1,"216":1,"217":1,"218":1,"219":1,"220":1,"221":1,"222":1,"223":1,"224":1,"225":1,"226":1,"227":1,"228":1,"229":1,"230":1,"231":1,"232":1,"233":1,"234":1,"235":1,"236":1,"237":4,"238":1,"240":1},"branchMap":{"0":{"type":"branch","line":1,"loc":{"start":{"line":1,"column":0},"end":{"line":1,"column":8}},"locations":[{"start":{"line":1,"column":0},"end":{"line":1,"column":8}}]},"1":{"type":"branch","line":1,"loc":{"start":{"line":1,"column":0},"end":{"line":1,"column":8}},"locations":[{"start":{"line":1,"column":0},"end":{"line":1,"column":8}}]},"2":{"type":"branch","line":15,"loc":{"start":{"line":15,"column":0},"end":{"line":50,"column":1}},"locations":[{"start":{"line":15,"column":0},"end":{"line":50,"column":1}}]},"3":{"type":"branch","line":25,"loc":{"start":{"line":25,"column":42},"end":{"line":25,"column":66}},"locations":[{"start":{"line":25,"column":42},"end":{"line":25,"column":66}}]},"4":{"type":"branch","line":28,"loc":{"start":{"line":28,"column":20},"end":{"line":34,"column":3}},"locations":[{"start":{"line":28,"column":20},"end":{"line":34,"column":3}}]},"5":{"type":"branch","line":36,"loc":{"start":{"line":36,"column":45},"end":{"line":36,"column":82}},"locations":[{"start":{"line":36,"column":45},"end":{"line":36,"column":82}}]},"6":{"type":"branch","line":41,"loc":{"start":{"line":41,"column":13},"end":{"line":41,"column":57}},"locations":[{"start":{"line":41,"column":13},"end":{"line":41,"column":57}}]},"7":{"type":"branch","line":41,"loc":{"start":{"line":41,"column":57},"end":{"line":43,"column":3}},"locations":[{"start":{"line":41,"column":57},"end":{"line":43,"column":3}}]},"8":{"type":"branch","line":45,"loc":{"start":{"line":45,"column":24},"end":{"line":47,"column":3}},"locations":[{"start":{"line":45,"column":24},"end":{"line":47,"column":3}}]},"9":{"type":"branch","line":55,"loc":{"start":{"line":55,"column":0},"end":{"line":128,"column":1}},"locations":[{"start":{"line":55,"column":0},"end":{"line":128,"column":1}}]},"10":{"type":"branch","line":58,"loc":{"start":{"line":58,"column":28},"end":{"line":60,"column":3}},"locations":[{"start":{"line":58,"column":28},"end":{"line":60,"column":3}}]},"11":{"type":"branch","line":70,"loc":{"start":{"line":70,"column":48},"end":{"line":82,"column":5}},"locations":[{"start":{"line":70,"column":48},"end":{"line":82,"column":5}}]},"12":{"type":"branch","line":72,"loc":{"start":{"line":72,"column":37},"end":{"line":74,"column":17}},"locations":[{"start":{"line":72,"column":37},"end":{"line":74,"column":17}}]},"13":{"type":"branch","line":76,"loc":{"start":{"line":76,"column":32},"end":{"line":80,"column":9}},"locations":[{"start":{"line":76,"column":32},"end":{"line":80,"column":9}}]},"14":{"type":"branch","line":104,"loc":{"start":{"line":104,"column":60},"end":{"line":108,"column":5}},"locations":[{"start":{"line":104,"column":60},"end":{"line":108,"column":5}}]},"15":{"type":"branch","line":137,"loc":{"start":{"line":137,"column":7},"end":{"line":238,"column":4}},"locations":[{"start":{"line":137,"column":7},"end":{"line":238,"column":4}}]},"16":{"type":"branch","line":141,"loc":{"start":{"line":141,"column":20},"end":{"line":153,"column":7}},"locations":[{"start":{"line":141,"column":20},"end":{"line":153,"column":7}}]},"17":{"type":"branch","line":153,"loc":{"start":{"line":153,"column":6},"end":{"line":155,"column":52}},"locations":[{"start":{"line":153,"column":6},"end":{"line":155,"column":52}}]},"18":{"type":"branch","line":155,"loc":{"start":{"line":155,"column":50},"end":{"line":157,"column":37}},"locations":[{"start":{"line":155,"column":50},"end":{"line":157,"column":37}}]},"19":{"type":"branch","line":157,"loc":{"start":{"line":157,"column":37},"end":{"line":237,"column":5}},"locations":[{"start":{"line":157,"column":37},"end":{"line":237,"column":5}}]},"20":{"type":"branch","line":179,"loc":{"start":{"line":179,"column":52},"end":{"line":188,"column":9}},"locations":[{"start":{"line":179,"column":52},"end":{"line":188,"column":9}}]},"21":{"type":"branch","line":182,"loc":{"start":{"line":182,"column":36},"end":{"line":186,"column":13}},"locations":[{"start":{"line":182,"column":36},"end":{"line":186,"column":13}}]},"22":{"type":"branch","line":201,"loc":{"start":{"line":201,"column":14},"end":{"line":201,"column":64}},"locations":[{"start":{"line":201,"column":14},"end":{"line":201,"column":64}}]},"23":{"type":"branch","line":205,"loc":{"start":{"line":205,"column":14},"end":{"line":207,"column":97}},"locations":[{"start":{"line":205,"column":14},"end":{"line":207,"column":97}}]},"24":{"type":"branch","line":207,"loc":{"start":{"line":207,"column":45},"end":{"line":207,"column":88}},"locations":[{"start":{"line":207,"column":45},"end":{"line":207,"column":88}}]},"25":{"type":"branch","line":211,"loc":{"start":{"line":211,"column":14},"end":{"line":212,"column":87}},"locations":[{"start":{"line":211,"column":14},"end":{"line":212,"column":87}}]},"26":{"type":"branch","line":212,"loc":{"start":{"line":212,"column":51},"end":{"line":212,"column":78}},"locations":[{"start":{"line":212,"column":51},"end":{"line":212,"column":78}}]}},"b":{"0":[7],"1":[0],"2":[2],"3":[0],"4":[0],"5":[0],"6":[1],"7":[1],"8":[0],"9":[1],"10":[0],"11":[2],"12":[0],"13":[1],"14":[2],"15":[4],"16":[1],"17":[3],"18":[2],"19":[1],"20":[2],"21":[1],"22":[1],"23":[1],"24":[2],"25":[1],"26":[2]},"fnMap":{"0":{"name":"get","decl":{"start":{"line":1,"column":0},"end":{"line":1,"column":8}},"loc":{"start":{"line":1,"column":0},"end":{"line":1,"column":8}},"line":1},"1":{"name":"formatEnvVarStatus","decl":{"start":{"line":15,"column":0},"end":{"line":50,"column":1}},"loc":{"start":{"line":15,"column":0},"end":{"line":50,"column":1}},"line":15},"2":{"name":"generateEnvStatusMessage","decl":{"start":{"line":55,"column":0},"end":{"line":128,"column":1}},"loc":{"start":{"line":55,"column":0},"end":{"line":128,"column":1}},"line":55},"3":{"name":"get","decl":{"start":{"line":137,"column":7},"end":{"line":238,"column":4}},"loc":{"start":{"line":137,"column":7},"end":{"line":238,"column":4}},"line":137}},"f":{"0":7,"1":2,"2":1,"3":4}}
}
