{
  "/Users/shawwalters/eliza/packages/autonomous-starter/src/plugin-manager/index.ts": {
    "path": "/Users/shawwalters/eliza/packages/autonomous-starter/src/plugin-manager/index.ts",
    "all": false,
    "statementMap": {
      "0": {
        "start": { "line": 1, "column": 0 },
        "end": { "line": 1, "column": 44 }
      },
      "1": {
        "start": { "line": 2, "column": 0 },
        "end": { "line": 2, "column": 71 }
      },
      "2": {
        "start": { "line": 3, "column": 0 },
        "end": { "line": 3, "column": 70 }
      },
      "3": {
        "start": { "line": 4, "column": 0 },
        "end": { "line": 4, "column": 56 }
      },
      "4": {
        "start": { "line": 5, "column": 0 },
        "end": { "line": 5, "column": 60 }
      },
      "6": {
        "start": { "line": 7, "column": 0 },
        "end": { "line": 7, "column": 44 }
      },
      "7": {
        "start": { "line": 8, "column": 0 },
        "end": { "line": 8, "column": 25 }
      },
      "8": {
        "start": { "line": 9, "column": 0 },
        "end": { "line": 9, "column": 77 }
      },
      "10": {
        "start": { "line": 11, "column": 0 },
        "end": { "line": 11, "column": 35 }
      },
      "11": {
        "start": { "line": 12, "column": 0 },
        "end": { "line": 12, "column": 35 }
      },
      "12": {
        "start": { "line": 13, "column": 0 },
        "end": { "line": 13, "column": 50 }
      },
      "14": {
        "start": { "line": 15, "column": 0 },
        "end": { "line": 15, "column": 62 }
      },
      "16": {
        "start": { "line": 17, "column": 0 },
        "end": { "line": 17, "column": 4 }
      },
      "17": {
        "start": { "line": 18, "column": 0 },
        "end": { "line": 18, "column": 2 }
      },
      "20": {
        "start": { "line": 21, "column": 0 },
        "end": { "line": 21, "column": 71 }
      },
      "21": {
        "start": { "line": 22, "column": 0 },
        "end": { "line": 22, "column": 24 }
      }
    },
    "s": {
      "0": 0,
      "1": 1,
      "2": 1,
      "3": 1,
      "4": 1,
      "6": 1,
      "7": 1,
      "8": 1,
      "10": 1,
      "11": 1,
      "12": 1,
      "14": 1,
      "16": 0,
      "17": 1,
      "20": 1,
      "21": 1
    },
    "branchMap": {
      "0": {
        "type": "branch",
        "line": 1,
        "loc": {
          "start": { "line": 1, "column": 0 },
          "end": { "line": 1, "column": 44 }
        },
        "locations": [
          {
            "start": { "line": 1, "column": 0 },
            "end": { "line": 1, "column": 44 }
          }
        ]
      },
      "1": {
        "type": "branch",
        "line": 1,
        "loc": {
          "start": { "line": 1, "column": 0 },
          "end": { "line": 1, "column": 44 }
        },
        "locations": [
          {
            "start": { "line": 1, "column": 0 },
            "end": { "line": 1, "column": 44 }
          }
        ]
      }
    },
    "b": { "0": [6], "1": [0] },
    "fnMap": {
      "0": {
        "name": "get",
        "decl": {
          "start": { "line": 1, "column": 0 },
          "end": { "line": 1, "column": 44 }
        },
        "loc": {
          "start": { "line": 1, "column": 0 },
          "end": { "line": 1, "column": 44 }
        },
        "line": 1
      },
      "1": {
        "name": "init",
        "decl": {
          "start": { "line": 15, "column": 8 },
          "end": { "line": 17, "column": 4 }
        },
        "loc": {
          "start": { "line": 15, "column": 8 },
          "end": { "line": 17, "column": 4 }
        },
        "line": 15
      }
    },
    "f": { "0": 6, "1": 0 }
  },
  "/Users/shawwalters/eliza/packages/autonomous-starter/src/plugin-manager/types.ts": {
    "path": "/Users/shawwalters/eliza/packages/autonomous-starter/src/plugin-manager/types.ts",
    "all": false,
    "statementMap": {
      "0": {
        "start": { "line": 1, "column": 0 },
        "end": { "line": 1, "column": 65 }
      },
      "2": {
        "start": { "line": 3, "column": 0 },
        "end": { "line": 3, "column": 26 }
      },
      "3": {
        "start": { "line": 4, "column": 0 },
        "end": { "line": 4, "column": 24 }
      },
      "4": {
        "start": { "line": 5, "column": 0 },
        "end": { "line": 5, "column": 18 }
      },
      "5": {
        "start": { "line": 6, "column": 0 },
        "end": { "line": 6, "column": 20 }
      },
      "6": {
        "start": { "line": 7, "column": 0 },
        "end": { "line": 7, "column": 18 }
      },
      "7": {
        "start": { "line": 8, "column": 0 },
        "end": { "line": 8, "column": 24 }
      },
      "58": {
        "start": { "line": 59, "column": 0 },
        "end": { "line": 59, "column": 26 }
      },
      "59": {
        "start": { "line": 60, "column": 0 },
        "end": { "line": 60, "column": 37 }
      },
      "60": {
        "start": { "line": 61, "column": 0 },
        "end": { "line": 61, "column": 31 }
      },
      "61": {
        "start": { "line": 62, "column": 0 },
        "end": { "line": 62, "column": 33 }
      },
      "62": {
        "start": { "line": 63, "column": 0 },
        "end": { "line": 63, "column": 37 }
      },
      "63": {
        "start": { "line": 64, "column": 0 },
        "end": { "line": 64, "column": 31 }
      },
      "64": {
        "start": { "line": 65, "column": 0 },
        "end": { "line": 65, "column": 43 }
      },
      "65": {
        "start": { "line": 66, "column": 0 },
        "end": { "line": 66, "column": 11 }
      }
    },
    "s": {
      "0": 0,
      "2": 1,
      "3": 1,
      "4": 1,
      "5": 1,
      "6": 1,
      "7": 1,
      "58": 1,
      "59": 1,
      "60": 1,
      "61": 1,
      "62": 1,
      "63": 1,
      "64": 1,
      "65": 1
    },
    "branchMap": {
      "0": {
        "type": "branch",
        "line": 1,
        "loc": {
          "start": { "line": 1, "column": 0 },
          "end": { "line": 1, "column": 65 }
        },
        "locations": [
          {
            "start": { "line": 1, "column": 0 },
            "end": { "line": 1, "column": 65 }
          }
        ]
      },
      "1": {
        "type": "branch",
        "line": 1,
        "loc": {
          "start": { "line": 1, "column": 0 },
          "end": { "line": 1, "column": 65 }
        },
        "locations": [
          {
            "start": { "line": 1, "column": 0 },
            "end": { "line": 1, "column": 65 }
          }
        ]
      },
      "2": {
        "type": "branch",
        "line": 3,
        "loc": {
          "start": { "line": 3, "column": 7 },
          "end": { "line": 3, "column": 26 }
        },
        "locations": [
          {
            "start": { "line": 3, "column": 7 },
            "end": { "line": 3, "column": 26 }
          }
        ]
      }
    },
    "b": { "0": [162], "1": [0], "2": [2] },
    "fnMap": {
      "0": {
        "name": "get",
        "decl": {
          "start": { "line": 1, "column": 0 },
          "end": { "line": 1, "column": 65 }
        },
        "loc": {
          "start": { "line": 1, "column": 0 },
          "end": { "line": 1, "column": 65 }
        },
        "line": 1
      }
    },
    "f": { "0": 162 }
  },
  "/Users/shawwalters/eliza/packages/autonomous-starter/src/plugin-manager/actions/loadPlugin.ts": {
    "path": "/Users/shawwalters/eliza/packages/autonomous-starter/src/plugin-manager/actions/loadPlugin.ts",
    "all": false,
    "statementMap": {
      "0": {
        "start": { "line": 1, "column": 0 },
        "end": { "line": 1, "column": 8 }
      },
      "11": {
        "start": { "line": 12, "column": 0 },
        "end": { "line": 12, "column": 41 }
      },
      "12": {
        "start": { "line": 13, "column": 0 },
        "end": { "line": 13, "column": 22 }
      },
      "13": {
        "start": { "line": 14, "column": 0 },
        "end": { "line": 14, "column": 79 }
      },
      "14": {
        "start": { "line": 15, "column": 0 },
        "end": { "line": 15, "column": 80 }
      },
      "16": {
        "start": { "line": 17, "column": 0 },
        "end": { "line": 17, "column": 13 }
      },
      "17": {
        "start": { "line": 18, "column": 0 },
        "end": { "line": 18, "column": 5 }
      },
      "18": {
        "start": { "line": 19, "column": 0 },
        "end": { "line": 19, "column": 7 }
      },
      "19": {
        "start": { "line": 20, "column": 0 },
        "end": { "line": 20, "column": 25 }
      },
      "20": {
        "start": { "line": 21, "column": 0 },
        "end": { "line": 21, "column": 18 }
      },
      "21": {
        "start": { "line": 22, "column": 0 },
        "end": { "line": 22, "column": 50 }
      },
      "22": {
        "start": { "line": 23, "column": 0 },
        "end": { "line": 23, "column": 35 }
      },
      "23": {
        "start": { "line": 24, "column": 0 },
        "end": { "line": 24, "column": 10 }
      },
      "24": {
        "start": { "line": 25, "column": 0 },
        "end": { "line": 25, "column": 8 }
      },
      "25": {
        "start": { "line": 26, "column": 0 },
        "end": { "line": 26, "column": 7 }
      },
      "26": {
        "start": { "line": 27, "column": 0 },
        "end": { "line": 27, "column": 25 }
      },
      "27": {
        "start": { "line": 28, "column": 0 },
        "end": { "line": 28, "column": 18 }
      },
      "28": {
        "start": { "line": 29, "column": 0 },
        "end": { "line": 29, "column": 48 }
      },
      "29": {
        "start": { "line": 30, "column": 0 },
        "end": { "line": 30, "column": 35 }
      },
      "30": {
        "start": { "line": 31, "column": 0 },
        "end": { "line": 31, "column": 23 }
      },
      "31": {
        "start": { "line": 32, "column": 0 },
        "end": { "line": 32, "column": 10 }
      },
      "32": {
        "start": { "line": 33, "column": 0 },
        "end": { "line": 33, "column": 8 }
      },
      "33": {
        "start": { "line": 34, "column": 0 },
        "end": { "line": 34, "column": 6 }
      },
      "34": {
        "start": { "line": 35, "column": 0 },
        "end": { "line": 35, "column": 5 }
      },
      "35": {
        "start": { "line": 36, "column": 0 },
        "end": { "line": 36, "column": 7 }
      },
      "36": {
        "start": { "line": 37, "column": 0 },
        "end": { "line": 37, "column": 25 }
      },
      "37": {
        "start": { "line": 38, "column": 0 },
        "end": { "line": 38, "column": 18 }
      },
      "38": {
        "start": { "line": 39, "column": 0 },
        "end": { "line": 39, "column": 60 }
      },
      "39": {
        "start": { "line": 40, "column": 0 },
        "end": { "line": 40, "column": 35 }
      },
      "40": {
        "start": { "line": 41, "column": 0 },
        "end": { "line": 41, "column": 10 }
      },
      "41": {
        "start": { "line": 42, "column": 0 },
        "end": { "line": 42, "column": 8 }
      },
      "42": {
        "start": { "line": 43, "column": 0 },
        "end": { "line": 43, "column": 7 }
      },
      "43": {
        "start": { "line": 44, "column": 0 },
        "end": { "line": 44, "column": 25 }
      },
      "44": {
        "start": { "line": 45, "column": 0 },
        "end": { "line": 45, "column": 18 }
      },
      "45": {
        "start": { "line": 46, "column": 0 },
        "end": { "line": 46, "column": 60 }
      },
      "46": {
        "start": { "line": 47, "column": 0 },
        "end": { "line": 47, "column": 35 }
      },
      "47": {
        "start": { "line": 48, "column": 0 },
        "end": { "line": 48, "column": 23 }
      },
      "48": {
        "start": { "line": 49, "column": 0 },
        "end": { "line": 49, "column": 10 }
      },
      "49": {
        "start": { "line": 50, "column": 0 },
        "end": { "line": 50, "column": 8 }
      },
      "50": {
        "start": { "line": 51, "column": 0 },
        "end": { "line": 51, "column": 6 }
      },
      "51": {
        "start": { "line": 52, "column": 0 },
        "end": { "line": 52, "column": 4 }
      },
      "53": {
        "start": { "line": 54, "column": 0 },
        "end": { "line": 54, "column": 92 }
      },
      "54": {
        "start": { "line": 55, "column": 0 },
        "end": { "line": 55, "column": 87 }
      },
      "56": {
        "start": { "line": 57, "column": 0 },
        "end": { "line": 57, "column": 25 }
      },
      "57": {
        "start": { "line": 58, "column": 0 },
        "end": { "line": 58, "column": 77 }
      },
      "58": {
        "start": { "line": 59, "column": 0 },
        "end": { "line": 59, "column": 19 }
      },
      "59": {
        "start": { "line": 60, "column": 0 },
        "end": { "line": 60, "column": 5 }
      },
      "62": {
        "start": { "line": 63, "column": 0 },
        "end": { "line": 63, "column": 50 }
      },
      "63": {
        "start": { "line": 64, "column": 0 },
        "end": { "line": 64, "column": 99 }
      },
      "65": {
        "start": { "line": 66, "column": 0 },
        "end": { "line": 66, "column": 38 }
      },
      "66": {
        "start": { "line": 67, "column": 0 },
        "end": { "line": 67, "column": 4 }
      },
      "68": {
        "start": { "line": 69, "column": 0 },
        "end": { "line": 69, "column": 16 }
      },
      "69": {
        "start": { "line": 70, "column": 0 },
        "end": { "line": 70, "column": 27 }
      },
      "70": {
        "start": { "line": 71, "column": 0 },
        "end": { "line": 71, "column": 20 }
      },
      "71": {
        "start": { "line": 72, "column": 0 },
        "end": { "line": 72, "column": 18 }
      },
      "72": {
        "start": { "line": 73, "column": 0 },
        "end": { "line": 73, "column": 38 }
      },
      "73": {
        "start": { "line": 74, "column": 0 },
        "end": { "line": 74, "column": 30 }
      },
      "74": {
        "start": { "line": 75, "column": 0 },
        "end": { "line": 75, "column": 20 }
      },
      "75": {
        "start": { "line": 76, "column": 0 },
        "end": { "line": 76, "column": 87 }
      },
      "77": {
        "start": { "line": 78, "column": 0 },
        "end": { "line": 78, "column": 25 }
      },
      "78": {
        "start": { "line": 79, "column": 0 },
        "end": { "line": 79, "column": 21 }
      },
      "79": {
        "start": { "line": 80, "column": 0 },
        "end": { "line": 80, "column": 24 }
      },
      "80": {
        "start": { "line": 81, "column": 0 },
        "end": { "line": 81, "column": 59 }
      },
      "81": {
        "start": { "line": 82, "column": 0 },
        "end": { "line": 82, "column": 35 }
      },
      "82": {
        "start": { "line": 83, "column": 0 },
        "end": { "line": 83, "column": 11 }
      },
      "83": {
        "start": { "line": 84, "column": 0 },
        "end": { "line": 84, "column": 7 }
      },
      "84": {
        "start": { "line": 85, "column": 0 },
        "end": { "line": 85, "column": 13 }
      },
      "85": {
        "start": { "line": 86, "column": 0 },
        "end": { "line": 86, "column": 5 }
      },
      "87": {
        "start": { "line": 88, "column": 0 },
        "end": { "line": 88, "column": 9 }
      },
      "89": {
        "start": { "line": 90, "column": 0 },
        "end": { "line": 90, "column": 61 }
      },
      "90": {
        "start": { "line": 91, "column": 0 },
        "end": { "line": 91, "column": 52 }
      },
      "93": {
        "start": { "line": 94, "column": 0 },
        "end": { "line": 94, "column": 30 }
      },
      "96": {
        "start": { "line": 97, "column": 0 },
        "end": { "line": 97, "column": 37 }
      },
      "97": {
        "start": { "line": 98, "column": 0 },
        "end": { "line": 98, "column": 12 }
      },
      "98": {
        "start": { "line": 99, "column": 0 },
        "end": { "line": 99, "column": 60 }
      },
      "99": {
        "start": { "line": 100, "column": 0 },
        "end": { "line": 100, "column": 69 }
      },
      "100": {
        "start": { "line": 101, "column": 0 },
        "end": { "line": 101, "column": 11 }
      },
      "101": {
        "start": { "line": 102, "column": 0 },
        "end": { "line": 102, "column": 32 }
      },
      "102": {
        "start": { "line": 103, "column": 0 },
        "end": { "line": 103, "column": 16 }
      },
      "103": {
        "start": { "line": 104, "column": 0 },
        "end": { "line": 104, "column": 9 }
      },
      "104": {
        "start": { "line": 105, "column": 0 },
        "end": { "line": 105, "column": 7 }
      },
      "107": {
        "start": { "line": 108, "column": 0 },
        "end": { "line": 108, "column": 26 }
      },
      "108": {
        "start": { "line": 109, "column": 0 },
        "end": { "line": 109, "column": 92 }
      },
      "109": {
        "start": { "line": 110, "column": 0 },
        "end": { "line": 110, "column": 7 }
      },
      "111": {
        "start": { "line": 112, "column": 0 },
        "end": { "line": 112, "column": 26 }
      },
      "112": {
        "start": { "line": 113, "column": 0 },
        "end": { "line": 113, "column": 23 }
      },
      "113": {
        "start": { "line": 114, "column": 0 },
        "end": { "line": 114, "column": 26 }
      },
      "114": {
        "start": { "line": 115, "column": 0 },
        "end": { "line": 115, "column": 108 }
      },
      "115": {
        "start": { "line": 116, "column": 0 },
        "end": { "line": 116, "column": 37 }
      },
      "116": {
        "start": { "line": 117, "column": 0 },
        "end": { "line": 117, "column": 13 }
      },
      "117": {
        "start": { "line": 118, "column": 0 },
        "end": { "line": 118, "column": 9 }
      },
      "118": {
        "start": { "line": 119, "column": 0 },
        "end": { "line": 119, "column": 15 }
      },
      "119": {
        "start": { "line": 120, "column": 0 },
        "end": { "line": 120, "column": 7 }
      },
      "122": {
        "start": { "line": 123, "column": 0 },
        "end": { "line": 123, "column": 82 }
      },
      "123": {
        "start": { "line": 124, "column": 0 },
        "end": { "line": 124, "column": 23 }
      },
      "124": {
        "start": { "line": 125, "column": 0 },
        "end": { "line": 125, "column": 26 }
      },
      "125": {
        "start": { "line": 126, "column": 0 },
        "end": { "line": 126, "column": 181 }
      },
      "126": {
        "start": { "line": 127, "column": 0 },
        "end": { "line": 127, "column": 37 }
      },
      "127": {
        "start": { "line": 128, "column": 0 },
        "end": { "line": 128, "column": 13 }
      },
      "128": {
        "start": { "line": 129, "column": 0 },
        "end": { "line": 129, "column": 9 }
      },
      "129": {
        "start": { "line": 130, "column": 0 },
        "end": { "line": 130, "column": 15 }
      },
      "130": {
        "start": { "line": 131, "column": 0 },
        "end": { "line": 131, "column": 7 }
      },
      "132": {
        "start": { "line": 133, "column": 0 },
        "end": { "line": 133, "column": 77 }
      },
      "134": {
        "start": { "line": 135, "column": 0 },
        "end": { "line": 135, "column": 68 }
      },
      "136": {
        "start": { "line": 137, "column": 0 },
        "end": { "line": 137, "column": 21 }
      },
      "137": {
        "start": { "line": 138, "column": 0 },
        "end": { "line": 138, "column": 24 }
      },
      "138": {
        "start": { "line": 139, "column": 0 },
        "end": { "line": 139, "column": 67 }
      },
      "139": {
        "start": { "line": 140, "column": 0 },
        "end": { "line": 140, "column": 35 }
      },
      "140": {
        "start": { "line": 141, "column": 0 },
        "end": { "line": 141, "column": 11 }
      },
      "141": {
        "start": { "line": 142, "column": 0 },
        "end": { "line": 142, "column": 7 }
      },
      "142": {
        "start": { "line": 143, "column": 0 },
        "end": { "line": 143, "column": 21 }
      },
      "143": {
        "start": { "line": 144, "column": 0 },
        "end": { "line": 144, "column": 70 }
      },
      "145": {
        "start": { "line": 146, "column": 0 },
        "end": { "line": 146, "column": 21 }
      },
      "146": {
        "start": { "line": 147, "column": 0 },
        "end": { "line": 147, "column": 24 }
      },
      "147": {
        "start": { "line": 148, "column": 0 },
        "end": { "line": 148, "column": 99 }
      },
      "148": {
        "start": { "line": 149, "column": 0 },
        "end": { "line": 149, "column": 35 }
      },
      "149": {
        "start": { "line": 150, "column": 0 },
        "end": { "line": 150, "column": 11 }
      },
      "150": {
        "start": { "line": 151, "column": 0 },
        "end": { "line": 151, "column": 7 }
      },
      "151": {
        "start": { "line": 152, "column": 0 },
        "end": { "line": 152, "column": 5 }
      },
      "152": {
        "start": { "line": 153, "column": 0 },
        "end": { "line": 153, "column": 4 }
      },
      "153": {
        "start": { "line": 154, "column": 0 },
        "end": { "line": 154, "column": 2 }
      }
    },
    "s": {
      "0": 0,
      "11": 1,
      "12": 1,
      "13": 1,
      "14": 1,
      "16": 1,
      "17": 1,
      "18": 1,
      "19": 1,
      "20": 1,
      "21": 1,
      "22": 1,
      "23": 1,
      "24": 1,
      "25": 1,
      "26": 1,
      "27": 1,
      "28": 1,
      "29": 1,
      "30": 1,
      "31": 1,
      "32": 1,
      "33": 1,
      "34": 1,
      "35": 1,
      "36": 1,
      "37": 1,
      "38": 1,
      "39": 1,
      "40": 1,
      "41": 1,
      "42": 1,
      "43": 1,
      "44": 1,
      "45": 1,
      "46": 1,
      "47": 1,
      "48": 1,
      "49": 1,
      "50": 1,
      "51": 1,
      "53": 1,
      "54": 3,
      "56": 3,
      "57": 1,
      "58": 1,
      "59": 1,
      "62": 2,
      "63": 2,
      "65": 2,
      "66": 3,
      "68": 1,
      "69": 6,
      "70": 6,
      "71": 6,
      "72": 6,
      "73": 6,
      "74": 6,
      "75": 6,
      "77": 6,
      "78": 1,
      "79": 0,
      "80": 0,
      "81": 0,
      "82": 0,
      "83": 0,
      "84": 1,
      "85": 1,
      "87": 5,
      "89": 5,
      "90": 5,
      "93": 5,
      "96": 6,
      "97": 4,
      "98": 4,
      "99": 4,
      "100": 4,
      "101": 4,
      "102": 4,
      "103": 4,
      "104": 4,
      "107": 6,
      "108": 1,
      "109": 1,
      "111": 6,
      "112": 1,
      "113": 0,
      "114": 0,
      "115": 0,
      "116": 0,
      "117": 0,
      "118": 1,
      "119": 1,
      "122": 6,
      "123": 2,
      "124": 1,
      "125": 1,
      "126": 1,
      "127": 1,
      "128": 1,
      "129": 2,
      "130": 2,
      "132": 2,
      "134": 2,
      "136": 1,
      "137": 1,
      "138": 1,
      "139": 1,
      "140": 1,
      "141": 1,
      "142": 6,
      "143": 1,
      "145": 1,
      "146": 0,
      "147": 0,
      "148": 0,
      "149": 0,
      "150": 0,
      "151": 1,
      "152": 6,
      "153": 1
    },
    "branchMap": {
      "0": {
        "type": "branch",
        "line": 1,
        "loc": {
          "start": { "line": 1, "column": 0 },
          "end": { "line": 1, "column": 8 }
        },
        "locations": [
          {
            "start": { "line": 1, "column": 0 },
            "end": { "line": 1, "column": 8 }
          }
        ]
      },
      "1": {
        "type": "branch",
        "line": 1,
        "loc": {
          "start": { "line": 1, "column": 0 },
          "end": { "line": 1, "column": 8 }
        },
        "locations": [
          {
            "start": { "line": 1, "column": 0 },
            "end": { "line": 1, "column": 8 }
          }
        ]
      },
      "2": {
        "type": "branch",
        "line": 54,
        "loc": {
          "start": { "line": 54, "column": 2 },
          "end": { "line": 67, "column": 4 }
        },
        "locations": [
          {
            "start": { "line": 54, "column": 2 },
            "end": { "line": 67, "column": 4 }
          }
        ]
      },
      "3": {
        "type": "branch",
        "line": 57,
        "loc": {
          "start": { "line": 57, "column": 24 },
          "end": { "line": 60, "column": 5 }
        },
        "locations": [
          {
            "start": { "line": 57, "column": 24 },
            "end": { "line": 60, "column": 5 }
          }
        ]
      },
      "4": {
        "type": "branch",
        "line": 60,
        "loc": {
          "start": { "line": 60, "column": 4 },
          "end": { "line": 66, "column": 38 }
        },
        "locations": [
          {
            "start": { "line": 60, "column": 4 },
            "end": { "line": 66, "column": 38 }
          }
        ]
      },
      "5": {
        "type": "branch",
        "line": 64,
        "loc": {
          "start": { "line": 64, "column": 43 },
          "end": { "line": 64, "column": 97 }
        },
        "locations": [
          {
            "start": { "line": 64, "column": 43 },
            "end": { "line": 64, "column": 97 }
          }
        ]
      },
      "6": {
        "type": "branch",
        "line": 64,
        "loc": {
          "start": { "line": 64, "column": 63 },
          "end": { "line": 64, "column": 97 }
        },
        "locations": [
          {
            "start": { "line": 64, "column": 63 },
            "end": { "line": 64, "column": 97 }
          }
        ]
      },
      "7": {
        "type": "branch",
        "line": 69,
        "loc": {
          "start": { "line": 69, "column": 2 },
          "end": { "line": 153, "column": 4 }
        },
        "locations": [
          {
            "start": { "line": 69, "column": 2 },
            "end": { "line": 153, "column": 4 }
          }
        ]
      },
      "8": {
        "type": "branch",
        "line": 78,
        "loc": {
          "start": { "line": 78, "column": 24 },
          "end": { "line": 86, "column": 5 }
        },
        "locations": [
          {
            "start": { "line": 78, "column": 24 },
            "end": { "line": 86, "column": 5 }
          }
        ]
      },
      "9": {
        "type": "branch",
        "line": 79,
        "loc": {
          "start": { "line": 79, "column": 20 },
          "end": { "line": 84, "column": 7 }
        },
        "locations": [
          {
            "start": { "line": 79, "column": 20 },
            "end": { "line": 84, "column": 7 }
          }
        ]
      },
      "10": {
        "type": "branch",
        "line": 86,
        "loc": {
          "start": { "line": 86, "column": 4 },
          "end": { "line": 97, "column": 36 }
        },
        "locations": [
          {
            "start": { "line": 86, "column": 4 },
            "end": { "line": 97, "column": 36 }
          }
        ]
      },
      "11": {
        "type": "branch",
        "line": 97,
        "loc": {
          "start": { "line": 97, "column": 36 },
          "end": { "line": 105, "column": 7 }
        },
        "locations": [
          {
            "start": { "line": 97, "column": 36 },
            "end": { "line": 105, "column": 7 }
          }
        ]
      },
      "12": {
        "type": "branch",
        "line": 100,
        "loc": {
          "start": { "line": 100, "column": 29 },
          "end": { "line": 100, "column": 69 }
        },
        "locations": [
          {
            "start": { "line": 100, "column": 29 },
            "end": { "line": 100, "column": 69 }
          }
        ]
      },
      "13": {
        "type": "branch",
        "line": 105,
        "loc": {
          "start": { "line": 105, "column": 6 },
          "end": { "line": 108, "column": 25 }
        },
        "locations": [
          {
            "start": { "line": 105, "column": 6 },
            "end": { "line": 108, "column": 25 }
          }
        ]
      },
      "14": {
        "type": "branch",
        "line": 108,
        "loc": {
          "start": { "line": 108, "column": 25 },
          "end": { "line": 110, "column": 7 }
        },
        "locations": [
          {
            "start": { "line": 108, "column": 25 },
            "end": { "line": 110, "column": 7 }
          }
        ]
      },
      "15": {
        "type": "branch",
        "line": 110,
        "loc": {
          "start": { "line": 110, "column": 6 },
          "end": { "line": 112, "column": 25 }
        },
        "locations": [
          {
            "start": { "line": 110, "column": 6 },
            "end": { "line": 112, "column": 25 }
          }
        ]
      },
      "16": {
        "type": "branch",
        "line": 112,
        "loc": {
          "start": { "line": 112, "column": 25 },
          "end": { "line": 120, "column": 7 }
        },
        "locations": [
          {
            "start": { "line": 112, "column": 25 },
            "end": { "line": 120, "column": 7 }
          }
        ]
      },
      "17": {
        "type": "branch",
        "line": 113,
        "loc": {
          "start": { "line": 113, "column": 22 },
          "end": { "line": 118, "column": 9 }
        },
        "locations": [
          {
            "start": { "line": 113, "column": 22 },
            "end": { "line": 118, "column": 9 }
          }
        ]
      },
      "18": {
        "type": "branch",
        "line": 120,
        "loc": {
          "start": { "line": 120, "column": 6 },
          "end": { "line": 123, "column": 81 }
        },
        "locations": [
          {
            "start": { "line": 120, "column": 6 },
            "end": { "line": 123, "column": 81 }
          }
        ]
      },
      "19": {
        "type": "branch",
        "line": 123,
        "loc": {
          "start": { "line": 123, "column": 81 },
          "end": { "line": 135, "column": 68 }
        },
        "locations": [
          {
            "start": { "line": 123, "column": 81 },
            "end": { "line": 135, "column": 68 }
          }
        ]
      },
      "20": {
        "type": "branch",
        "line": 124,
        "loc": {
          "start": { "line": 124, "column": 22 },
          "end": { "line": 129, "column": 9 }
        },
        "locations": [
          {
            "start": { "line": 124, "column": 22 },
            "end": { "line": 129, "column": 9 }
          }
        ]
      },
      "21": {
        "type": "branch",
        "line": 135,
        "loc": {
          "start": { "line": 135, "column": 66 },
          "end": { "line": 142, "column": 7 }
        },
        "locations": [
          {
            "start": { "line": 135, "column": 66 },
            "end": { "line": 142, "column": 7 }
          }
        ]
      },
      "22": {
        "type": "branch",
        "line": 143,
        "loc": {
          "start": { "line": 143, "column": 4 },
          "end": { "line": 152, "column": 5 }
        },
        "locations": [
          {
            "start": { "line": 143, "column": 4 },
            "end": { "line": 152, "column": 5 }
          }
        ]
      },
      "23": {
        "type": "branch",
        "line": 146,
        "loc": {
          "start": { "line": 146, "column": 20 },
          "end": { "line": 151, "column": 7 }
        },
        "locations": [
          {
            "start": { "line": 146, "column": 20 },
            "end": { "line": 151, "column": 7 }
          }
        ]
      }
    },
    "b": {
      "0": [11],
      "1": [0],
      "2": [3],
      "3": [1],
      "4": [2],
      "5": [1],
      "6": [0],
      "7": [6],
      "8": [1],
      "9": [0],
      "10": [5],
      "11": [4],
      "12": [0],
      "13": [5],
      "14": [1],
      "15": [5],
      "16": [1],
      "17": [0],
      "18": [4],
      "19": [2],
      "20": [1],
      "21": [1],
      "22": [1],
      "23": [0]
    },
    "fnMap": {
      "0": {
        "name": "get",
        "decl": {
          "start": { "line": 1, "column": 0 },
          "end": { "line": 1, "column": 8 }
        },
        "loc": {
          "start": { "line": 1, "column": 0 },
          "end": { "line": 1, "column": 8 }
        },
        "line": 1
      },
      "1": {
        "name": "validate",
        "decl": {
          "start": { "line": 54, "column": 2 },
          "end": { "line": 67, "column": 4 }
        },
        "loc": {
          "start": { "line": 54, "column": 2 },
          "end": { "line": 67, "column": 4 }
        },
        "line": 54
      },
      "2": {
        "name": "handler",
        "decl": {
          "start": { "line": 69, "column": 2 },
          "end": { "line": 153, "column": 4 }
        },
        "loc": {
          "start": { "line": 69, "column": 2 },
          "end": { "line": 153, "column": 4 }
        },
        "line": 69
      }
    },
    "f": { "0": 11, "1": 3, "2": 6 }
  },
  "/Users/shawwalters/eliza/packages/autonomous-starter/src/plugin-manager/actions/unloadPlugin.ts": {
    "path": "/Users/shawwalters/eliza/packages/autonomous-starter/src/plugin-manager/actions/unloadPlugin.ts",
    "all": false,
    "statementMap": {
      "0": {
        "start": { "line": 1, "column": 0 },
        "end": { "line": 1, "column": 8 }
      },
      "10": {
        "start": { "line": 11, "column": 0 },
        "end": { "line": 11, "column": 43 }
      },
      "11": {
        "start": { "line": 12, "column": 0 },
        "end": { "line": 12, "column": 24 }
      },
      "12": {
        "start": { "line": 13, "column": 0 },
        "end": { "line": 13, "column": 100 }
      },
      "13": {
        "start": { "line": 14, "column": 0 },
        "end": { "line": 14, "column": 84 }
      },
      "15": {
        "start": { "line": 16, "column": 0 },
        "end": { "line": 16, "column": 13 }
      },
      "16": {
        "start": { "line": 17, "column": 0 },
        "end": { "line": 17, "column": 5 }
      },
      "17": {
        "start": { "line": 18, "column": 0 },
        "end": { "line": 18, "column": 7 }
      },
      "18": {
        "start": { "line": 19, "column": 0 },
        "end": { "line": 19, "column": 25 }
      },
      "19": {
        "start": { "line": 20, "column": 0 },
        "end": { "line": 20, "column": 18 }
      },
      "20": {
        "start": { "line": 21, "column": 0 },
        "end": { "line": 21, "column": 54 }
      },
      "21": {
        "start": { "line": 22, "column": 0 },
        "end": { "line": 22, "column": 37 }
      },
      "22": {
        "start": { "line": 23, "column": 0 },
        "end": { "line": 23, "column": 10 }
      },
      "23": {
        "start": { "line": 24, "column": 0 },
        "end": { "line": 24, "column": 8 }
      },
      "24": {
        "start": { "line": 25, "column": 0 },
        "end": { "line": 25, "column": 7 }
      },
      "25": {
        "start": { "line": 26, "column": 0 },
        "end": { "line": 26, "column": 25 }
      },
      "26": {
        "start": { "line": 27, "column": 0 },
        "end": { "line": 27, "column": 18 }
      },
      "27": {
        "start": { "line": 28, "column": 0 },
        "end": { "line": 28, "column": 52 }
      },
      "28": {
        "start": { "line": 29, "column": 0 },
        "end": { "line": 29, "column": 37 }
      },
      "29": {
        "start": { "line": 30, "column": 0 },
        "end": { "line": 30, "column": 23 }
      },
      "30": {
        "start": { "line": 31, "column": 0 },
        "end": { "line": 31, "column": 10 }
      },
      "31": {
        "start": { "line": 32, "column": 0 },
        "end": { "line": 32, "column": 8 }
      },
      "32": {
        "start": { "line": 33, "column": 0 },
        "end": { "line": 33, "column": 6 }
      },
      "33": {
        "start": { "line": 34, "column": 0 },
        "end": { "line": 34, "column": 5 }
      },
      "34": {
        "start": { "line": 35, "column": 0 },
        "end": { "line": 35, "column": 7 }
      },
      "35": {
        "start": { "line": 36, "column": 0 },
        "end": { "line": 36, "column": 25 }
      },
      "36": {
        "start": { "line": 37, "column": 0 },
        "end": { "line": 37, "column": 18 }
      },
      "37": {
        "start": { "line": 38, "column": 0 },
        "end": { "line": 38, "column": 58 }
      },
      "38": {
        "start": { "line": 39, "column": 0 },
        "end": { "line": 39, "column": 37 }
      },
      "39": {
        "start": { "line": 40, "column": 0 },
        "end": { "line": 40, "column": 10 }
      },
      "40": {
        "start": { "line": 41, "column": 0 },
        "end": { "line": 41, "column": 8 }
      },
      "41": {
        "start": { "line": 42, "column": 0 },
        "end": { "line": 42, "column": 7 }
      },
      "42": {
        "start": { "line": 43, "column": 0 },
        "end": { "line": 43, "column": 25 }
      },
      "43": {
        "start": { "line": 44, "column": 0 },
        "end": { "line": 44, "column": 18 }
      },
      "44": {
        "start": { "line": 45, "column": 0 },
        "end": { "line": 45, "column": 56 }
      },
      "45": {
        "start": { "line": 46, "column": 0 },
        "end": { "line": 46, "column": 37 }
      },
      "46": {
        "start": { "line": 47, "column": 0 },
        "end": { "line": 47, "column": 23 }
      },
      "47": {
        "start": { "line": 48, "column": 0 },
        "end": { "line": 48, "column": 10 }
      },
      "48": {
        "start": { "line": 49, "column": 0 },
        "end": { "line": 49, "column": 8 }
      },
      "49": {
        "start": { "line": 50, "column": 0 },
        "end": { "line": 50, "column": 6 }
      },
      "50": {
        "start": { "line": 51, "column": 0 },
        "end": { "line": 51, "column": 4 }
      },
      "52": {
        "start": { "line": 53, "column": 0 },
        "end": { "line": 53, "column": 92 }
      },
      "53": {
        "start": { "line": 54, "column": 0 },
        "end": { "line": 54, "column": 87 }
      },
      "55": {
        "start": { "line": 56, "column": 0 },
        "end": { "line": 56, "column": 25 }
      },
      "56": {
        "start": { "line": 57, "column": 0 },
        "end": { "line": 57, "column": 79 }
      },
      "57": {
        "start": { "line": 58, "column": 0 },
        "end": { "line": 58, "column": 19 }
      },
      "58": {
        "start": { "line": 59, "column": 0 },
        "end": { "line": 59, "column": 5 }
      },
      "61": {
        "start": { "line": 62, "column": 0 },
        "end": { "line": 62, "column": 50 }
      },
      "62": {
        "start": { "line": 63, "column": 0 },
        "end": { "line": 63, "column": 71 }
      },
      "66": {
        "start": { "line": 67, "column": 0 },
        "end": { "line": 67, "column": 36 }
      },
      "67": {
        "start": { "line": 68, "column": 0 },
        "end": { "line": 68, "column": 4 }
      },
      "69": {
        "start": { "line": 70, "column": 0 },
        "end": { "line": 70, "column": 16 }
      },
      "70": {
        "start": { "line": 71, "column": 0 },
        "end": { "line": 71, "column": 27 }
      },
      "71": {
        "start": { "line": 72, "column": 0 },
        "end": { "line": 72, "column": 20 }
      },
      "72": {
        "start": { "line": 73, "column": 0 },
        "end": { "line": 73, "column": 18 }
      },
      "73": {
        "start": { "line": 74, "column": 0 },
        "end": { "line": 74, "column": 38 }
      },
      "74": {
        "start": { "line": 75, "column": 0 },
        "end": { "line": 75, "column": 30 }
      },
      "75": {
        "start": { "line": 76, "column": 0 },
        "end": { "line": 76, "column": 20 }
      },
      "76": {
        "start": { "line": 77, "column": 0 },
        "end": { "line": 77, "column": 87 }
      },
      "78": {
        "start": { "line": 79, "column": 0 },
        "end": { "line": 79, "column": 25 }
      },
      "79": {
        "start": { "line": 80, "column": 0 },
        "end": { "line": 80, "column": 21 }
      },
      "80": {
        "start": { "line": 81, "column": 0 },
        "end": { "line": 81, "column": 24 }
      },
      "81": {
        "start": { "line": 82, "column": 0 },
        "end": { "line": 82, "column": 59 }
      },
      "82": {
        "start": { "line": 83, "column": 0 },
        "end": { "line": 83, "column": 37 }
      },
      "83": {
        "start": { "line": 84, "column": 0 },
        "end": { "line": 84, "column": 11 }
      },
      "84": {
        "start": { "line": 85, "column": 0 },
        "end": { "line": 85, "column": 7 }
      },
      "85": {
        "start": { "line": 86, "column": 0 },
        "end": { "line": 86, "column": 13 }
      },
      "86": {
        "start": { "line": 87, "column": 0 },
        "end": { "line": 87, "column": 5 }
      },
      "88": {
        "start": { "line": 89, "column": 0 },
        "end": { "line": 89, "column": 9 }
      },
      "90": {
        "start": { "line": 91, "column": 0 },
        "end": { "line": 91, "column": 61 }
      },
      "91": {
        "start": { "line": 92, "column": 0 },
        "end": { "line": 92, "column": 52 }
      },
      "94": {
        "start": { "line": 95, "column": 0 },
        "end": { "line": 95, "column": 32 }
      },
      "97": {
        "start": { "line": 98, "column": 0 },
        "end": { "line": 98, "column": 37 }
      },
      "98": {
        "start": { "line": 99, "column": 0 },
        "end": { "line": 99, "column": 92 }
      },
      "99": {
        "start": { "line": 100, "column": 0 },
        "end": { "line": 100, "column": 34 }
      },
      "100": {
        "start": { "line": 101, "column": 0 },
        "end": { "line": 101, "column": 16 }
      },
      "101": {
        "start": { "line": 102, "column": 0 },
        "end": { "line": 102, "column": 9 }
      },
      "102": {
        "start": { "line": 103, "column": 0 },
        "end": { "line": 103, "column": 7 }
      },
      "105": {
        "start": { "line": 106, "column": 0 },
        "end": { "line": 106, "column": 28 }
      },
      "106": {
        "start": { "line": 107, "column": 0 },
        "end": { "line": 107, "column": 75 }
      },
      "108": {
        "start": { "line": 109, "column": 0 },
        "end": { "line": 109, "column": 41 }
      },
      "109": {
        "start": { "line": 110, "column": 0 },
        "end": { "line": 110, "column": 25 }
      },
      "110": {
        "start": { "line": 111, "column": 0 },
        "end": { "line": 111, "column": 28 }
      },
      "111": {
        "start": { "line": 112, "column": 0 },
        "end": { "line": 112, "column": 76 }
      },
      "112": {
        "start": { "line": 113, "column": 0 },
        "end": { "line": 113, "column": 41 }
      },
      "113": {
        "start": { "line": 114, "column": 0 },
        "end": { "line": 114, "column": 15 }
      },
      "114": {
        "start": { "line": 115, "column": 0 },
        "end": { "line": 115, "column": 11 }
      },
      "115": {
        "start": { "line": 116, "column": 0 },
        "end": { "line": 116, "column": 17 }
      },
      "116": {
        "start": { "line": 117, "column": 0 },
        "end": { "line": 117, "column": 9 }
      },
      "118": {
        "start": { "line": 119, "column": 0 },
        "end": { "line": 119, "column": 23 }
      },
      "119": {
        "start": { "line": 120, "column": 0 },
        "end": { "line": 120, "column": 26 }
      },
      "120": {
        "start": { "line": 121, "column": 0 },
        "end": { "line": 121, "column": 132 }
      },
      "121": {
        "start": { "line": 122, "column": 0 },
        "end": { "line": 122, "column": 39 }
      },
      "122": {
        "start": { "line": 123, "column": 0 },
        "end": { "line": 123, "column": 13 }
      },
      "123": {
        "start": { "line": 124, "column": 0 },
        "end": { "line": 124, "column": 9 }
      },
      "124": {
        "start": { "line": 125, "column": 0 },
        "end": { "line": 125, "column": 15 }
      },
      "125": {
        "start": { "line": 126, "column": 0 },
        "end": { "line": 126, "column": 7 }
      },
      "127": {
        "start": { "line": 128, "column": 0 },
        "end": { "line": 128, "column": 83 }
      },
      "129": {
        "start": { "line": 130, "column": 0 },
        "end": { "line": 130, "column": 72 }
      },
      "131": {
        "start": { "line": 132, "column": 0 },
        "end": { "line": 132, "column": 21 }
      },
      "132": {
        "start": { "line": 133, "column": 0 },
        "end": { "line": 133, "column": 24 }
      },
      "133": {
        "start": { "line": 134, "column": 0 },
        "end": { "line": 134, "column": 71 }
      },
      "134": {
        "start": { "line": 135, "column": 0 },
        "end": { "line": 135, "column": 37 }
      },
      "135": {
        "start": { "line": 136, "column": 0 },
        "end": { "line": 136, "column": 11 }
      },
      "136": {
        "start": { "line": 137, "column": 0 },
        "end": { "line": 137, "column": 7 }
      },
      "137": {
        "start": { "line": 138, "column": 0 },
        "end": { "line": 138, "column": 21 }
      },
      "138": {
        "start": { "line": 139, "column": 0 },
        "end": { "line": 139, "column": 74 }
      },
      "141": {
        "start": { "line": 142, "column": 0 },
        "end": { "line": 142, "column": 82 }
      },
      "142": {
        "start": { "line": 143, "column": 0 },
        "end": { "line": 143, "column": 91 }
      },
      "144": {
        "start": { "line": 145, "column": 0 },
        "end": { "line": 145, "column": 21 }
      },
      "145": {
        "start": { "line": 146, "column": 0 },
        "end": { "line": 146, "column": 36 }
      },
      "146": {
        "start": { "line": 147, "column": 0 },
        "end": { "line": 147, "column": 26 }
      },
      "147": {
        "start": { "line": 148, "column": 0 },
        "end": { "line": 148, "column": 155 }
      },
      "148": {
        "start": { "line": 149, "column": 0 },
        "end": { "line": 149, "column": 39 }
      },
      "149": {
        "start": { "line": 150, "column": 0 },
        "end": { "line": 150, "column": 13 }
      },
      "150": {
        "start": { "line": 151, "column": 0 },
        "end": { "line": 151, "column": 16 }
      },
      "151": {
        "start": { "line": 152, "column": 0 },
        "end": { "line": 152, "column": 26 }
      },
      "152": {
        "start": { "line": 153, "column": 0 },
        "end": { "line": 153, "column": 61 }
      },
      "153": {
        "start": { "line": 154, "column": 0 },
        "end": { "line": 154, "column": 39 }
      },
      "154": {
        "start": { "line": 155, "column": 0 },
        "end": { "line": 155, "column": 13 }
      },
      "155": {
        "start": { "line": 156, "column": 0 },
        "end": { "line": 156, "column": 9 }
      },
      "156": {
        "start": { "line": 157, "column": 0 },
        "end": { "line": 157, "column": 7 }
      },
      "157": {
        "start": { "line": 158, "column": 0 },
        "end": { "line": 158, "column": 5 }
      },
      "158": {
        "start": { "line": 159, "column": 0 },
        "end": { "line": 159, "column": 4 }
      },
      "159": {
        "start": { "line": 160, "column": 0 },
        "end": { "line": 160, "column": 2 }
      }
    },
    "s": {
      "0": 0,
      "10": 1,
      "11": 1,
      "12": 1,
      "13": 1,
      "15": 1,
      "16": 1,
      "17": 1,
      "18": 1,
      "19": 1,
      "20": 1,
      "21": 1,
      "22": 1,
      "23": 1,
      "24": 1,
      "25": 1,
      "26": 1,
      "27": 1,
      "28": 1,
      "29": 1,
      "30": 1,
      "31": 1,
      "32": 1,
      "33": 1,
      "34": 1,
      "35": 1,
      "36": 1,
      "37": 1,
      "38": 1,
      "39": 1,
      "40": 1,
      "41": 1,
      "42": 1,
      "43": 1,
      "44": 1,
      "45": 1,
      "46": 1,
      "47": 1,
      "48": 1,
      "49": 1,
      "50": 1,
      "52": 1,
      "53": 2,
      "55": 2,
      "56": 1,
      "57": 1,
      "58": 1,
      "61": 1,
      "62": 1,
      "66": 1,
      "67": 2,
      "69": 1,
      "70": 6,
      "71": 6,
      "72": 6,
      "73": 6,
      "74": 6,
      "75": 6,
      "76": 6,
      "78": 6,
      "79": 1,
      "80": 0,
      "81": 0,
      "82": 0,
      "83": 0,
      "84": 0,
      "85": 1,
      "86": 1,
      "88": 5,
      "90": 5,
      "91": 5,
      "94": 5,
      "97": 6,
      "98": 4,
      "99": 3,
      "100": 3,
      "101": 3,
      "102": 4,
      "105": 6,
      "106": 2,
      "108": 2,
      "109": 1,
      "110": 0,
      "111": 0,
      "112": 0,
      "113": 0,
      "114": 0,
      "115": 1,
      "116": 1,
      "118": 2,
      "119": 0,
      "120": 0,
      "121": 0,
      "122": 0,
      "123": 0,
      "124": 1,
      "125": 1,
      "127": 3,
      "129": 3,
      "131": 1,
      "132": 1,
      "133": 1,
      "134": 1,
      "135": 1,
      "136": 1,
      "137": 6,
      "138": 2,
      "141": 2,
      "142": 2,
      "144": 2,
      "145": 1,
      "146": 1,
      "147": 1,
      "148": 1,
      "149": 1,
      "150": 1,
      "151": 0,
      "152": 0,
      "153": 0,
      "154": 0,
      "155": 0,
      "156": 1,
      "157": 2,
      "158": 6,
      "159": 1
    },
    "branchMap": {
      "0": {
        "type": "branch",
        "line": 1,
        "loc": {
          "start": { "line": 1, "column": 0 },
          "end": { "line": 1, "column": 8 }
        },
        "locations": [
          {
            "start": { "line": 1, "column": 0 },
            "end": { "line": 1, "column": 8 }
          }
        ]
      },
      "1": {
        "type": "branch",
        "line": 1,
        "loc": {
          "start": { "line": 1, "column": 0 },
          "end": { "line": 1, "column": 8 }
        },
        "locations": [
          {
            "start": { "line": 1, "column": 0 },
            "end": { "line": 1, "column": 8 }
          }
        ]
      },
      "2": {
        "type": "branch",
        "line": 53,
        "loc": {
          "start": { "line": 53, "column": 2 },
          "end": { "line": 68, "column": 4 }
        },
        "locations": [
          {
            "start": { "line": 53, "column": 2 },
            "end": { "line": 68, "column": 4 }
          }
        ]
      },
      "3": {
        "type": "branch",
        "line": 56,
        "loc": {
          "start": { "line": 56, "column": 24 },
          "end": { "line": 67, "column": 36 }
        },
        "locations": [
          {
            "start": { "line": 56, "column": 24 },
            "end": { "line": 67, "column": 36 }
          }
        ]
      },
      "4": {
        "type": "branch",
        "line": 63,
        "loc": {
          "start": { "line": 63, "column": 41 },
          "end": { "line": 63, "column": 69 }
        },
        "locations": [
          {
            "start": { "line": 63, "column": 41 },
            "end": { "line": 63, "column": 69 }
          }
        ]
      },
      "5": {
        "type": "branch",
        "line": 70,
        "loc": {
          "start": { "line": 70, "column": 2 },
          "end": { "line": 159, "column": 4 }
        },
        "locations": [
          {
            "start": { "line": 70, "column": 2 },
            "end": { "line": 159, "column": 4 }
          }
        ]
      },
      "6": {
        "type": "branch",
        "line": 79,
        "loc": {
          "start": { "line": 79, "column": 24 },
          "end": { "line": 87, "column": 5 }
        },
        "locations": [
          {
            "start": { "line": 79, "column": 24 },
            "end": { "line": 87, "column": 5 }
          }
        ]
      },
      "7": {
        "type": "branch",
        "line": 80,
        "loc": {
          "start": { "line": 80, "column": 20 },
          "end": { "line": 85, "column": 7 }
        },
        "locations": [
          {
            "start": { "line": 80, "column": 20 },
            "end": { "line": 85, "column": 7 }
          }
        ]
      },
      "8": {
        "type": "branch",
        "line": 87,
        "loc": {
          "start": { "line": 87, "column": 4 },
          "end": { "line": 98, "column": 36 }
        },
        "locations": [
          {
            "start": { "line": 87, "column": 4 },
            "end": { "line": 98, "column": 36 }
          }
        ]
      },
      "9": {
        "type": "branch",
        "line": 98,
        "loc": {
          "start": { "line": 98, "column": 36 },
          "end": { "line": 103, "column": 7 }
        },
        "locations": [
          {
            "start": { "line": 98, "column": 36 },
            "end": { "line": 103, "column": 7 }
          }
        ]
      },
      "10": {
        "type": "branch",
        "line": 99,
        "loc": {
          "start": { "line": 99, "column": 58 },
          "end": { "line": 99, "column": 91 }
        },
        "locations": [
          {
            "start": { "line": 99, "column": 58 },
            "end": { "line": 99, "column": 91 }
          }
        ]
      },
      "11": {
        "type": "branch",
        "line": 99,
        "loc": {
          "start": { "line": 99, "column": 91 },
          "end": { "line": 102, "column": 9 }
        },
        "locations": [
          {
            "start": { "line": 99, "column": 91 },
            "end": { "line": 102, "column": 9 }
          }
        ]
      },
      "12": {
        "type": "branch",
        "line": 103,
        "loc": {
          "start": { "line": 103, "column": 6 },
          "end": { "line": 106, "column": 27 }
        },
        "locations": [
          {
            "start": { "line": 103, "column": 6 },
            "end": { "line": 106, "column": 27 }
          }
        ]
      },
      "13": {
        "type": "branch",
        "line": 106,
        "loc": {
          "start": { "line": 106, "column": 27 },
          "end": { "line": 126, "column": 7 }
        },
        "locations": [
          {
            "start": { "line": 106, "column": 27 },
            "end": { "line": 126, "column": 7 }
          }
        ]
      },
      "14": {
        "type": "branch",
        "line": 109,
        "loc": {
          "start": { "line": 109, "column": 40 },
          "end": { "line": 119, "column": 22 }
        },
        "locations": [
          {
            "start": { "line": 109, "column": 40 },
            "end": { "line": 119, "column": 22 }
          }
        ]
      },
      "15": {
        "type": "branch",
        "line": 110,
        "loc": {
          "start": { "line": 110, "column": 24 },
          "end": { "line": 115, "column": 11 }
        },
        "locations": [
          {
            "start": { "line": 110, "column": 24 },
            "end": { "line": 115, "column": 11 }
          }
        ]
      },
      "16": {
        "type": "branch",
        "line": 119,
        "loc": {
          "start": { "line": 119, "column": 22 },
          "end": { "line": 124, "column": 9 }
        },
        "locations": [
          {
            "start": { "line": 119, "column": 22 },
            "end": { "line": 124, "column": 9 }
          }
        ]
      },
      "17": {
        "type": "branch",
        "line": 124,
        "loc": {
          "start": { "line": 124, "column": 8 },
          "end": { "line": 126, "column": 7 }
        },
        "locations": [
          {
            "start": { "line": 124, "column": 8 },
            "end": { "line": 126, "column": 7 }
          }
        ]
      },
      "18": {
        "type": "branch",
        "line": 126,
        "loc": {
          "start": { "line": 126, "column": 6 },
          "end": { "line": 130, "column": 72 }
        },
        "locations": [
          {
            "start": { "line": 126, "column": 6 },
            "end": { "line": 130, "column": 72 }
          }
        ]
      },
      "19": {
        "type": "branch",
        "line": 130,
        "loc": {
          "start": { "line": 130, "column": 70 },
          "end": { "line": 137, "column": 7 }
        },
        "locations": [
          {
            "start": { "line": 130, "column": 70 },
            "end": { "line": 137, "column": 7 }
          }
        ]
      },
      "20": {
        "type": "branch",
        "line": 138,
        "loc": {
          "start": { "line": 138, "column": 4 },
          "end": { "line": 158, "column": 5 }
        },
        "locations": [
          {
            "start": { "line": 138, "column": 4 },
            "end": { "line": 158, "column": 5 }
          }
        ]
      },
      "21": {
        "type": "branch",
        "line": 142,
        "loc": {
          "start": { "line": 142, "column": 58 },
          "end": { "line": 142, "column": 82 }
        },
        "locations": [
          {
            "start": { "line": 142, "column": 58 },
            "end": { "line": 142, "column": 82 }
          }
        ]
      },
      "22": {
        "type": "branch",
        "line": 145,
        "loc": {
          "start": { "line": 145, "column": 20 },
          "end": { "line": 157, "column": 7 }
        },
        "locations": [
          {
            "start": { "line": 145, "column": 20 },
            "end": { "line": 157, "column": 7 }
          }
        ]
      },
      "23": {
        "type": "branch",
        "line": 151,
        "loc": {
          "start": { "line": 151, "column": 8 },
          "end": { "line": 156, "column": 9 }
        },
        "locations": [
          {
            "start": { "line": 151, "column": 8 },
            "end": { "line": 156, "column": 9 }
          }
        ]
      },
      "24": {
        "type": "branch",
        "line": 107,
        "loc": {
          "start": { "line": 107, "column": 45 },
          "end": { "line": 107, "column": 73 }
        },
        "locations": [
          {
            "start": { "line": 107, "column": 45 },
            "end": { "line": 107, "column": 73 }
          }
        ]
      }
    },
    "b": {
      "0": [10],
      "1": [0],
      "2": [2],
      "3": [1],
      "4": [1],
      "5": [6],
      "6": [1],
      "7": [0],
      "8": [5],
      "9": [4],
      "10": [3],
      "11": [3],
      "12": [5],
      "13": [2],
      "14": [1],
      "15": [0],
      "16": [0],
      "17": [1],
      "18": [3],
      "19": [1],
      "20": [2],
      "21": [0],
      "22": [1],
      "23": [0],
      "24": [1]
    },
    "fnMap": {
      "0": {
        "name": "get",
        "decl": {
          "start": { "line": 1, "column": 0 },
          "end": { "line": 1, "column": 8 }
        },
        "loc": {
          "start": { "line": 1, "column": 0 },
          "end": { "line": 1, "column": 8 }
        },
        "line": 1
      },
      "1": {
        "name": "validate",
        "decl": {
          "start": { "line": 53, "column": 2 },
          "end": { "line": 68, "column": 4 }
        },
        "loc": {
          "start": { "line": 53, "column": 2 },
          "end": { "line": 68, "column": 4 }
        },
        "line": 53
      },
      "2": {
        "name": "handler",
        "decl": {
          "start": { "line": 70, "column": 2 },
          "end": { "line": 159, "column": 4 }
        },
        "loc": {
          "start": { "line": 70, "column": 2 },
          "end": { "line": 159, "column": 4 }
        },
        "line": 70
      }
    },
    "f": { "0": 10, "1": 2, "2": 6 }
  },
  "/Users/shawwalters/eliza/packages/autonomous-starter/src/plugin-manager/examples/examplePlugin.ts": {
    "path": "/Users/shawwalters/eliza/packages/autonomous-starter/src/plugin-manager/examples/examplePlugin.ts",
    "all": true,
    "statementMap": {
      "0": {
        "start": { "line": 1, "column": 0 },
        "end": { "line": 1, "column": 13 }
      },
      "12": {
        "start": { "line": 13, "column": 0 },
        "end": { "line": 13, "column": 31 }
      },
      "13": {
        "start": { "line": 14, "column": 0 },
        "end": { "line": 14, "column": 25 }
      },
      "14": {
        "start": { "line": 15, "column": 0 },
        "end": { "line": 15, "column": 60 }
      },
      "15": {
        "start": { "line": 16, "column": 0 },
        "end": { "line": 16, "column": 82 }
      },
      "17": {
        "start": { "line": 18, "column": 0 },
        "end": { "line": 18, "column": 13 }
      },
      "18": {
        "start": { "line": 19, "column": 0 },
        "end": { "line": 19, "column": 5 }
      },
      "19": {
        "start": { "line": 20, "column": 0 },
        "end": { "line": 20, "column": 7 }
      },
      "20": {
        "start": { "line": 21, "column": 0 },
        "end": { "line": 21, "column": 21 }
      },
      "21": {
        "start": { "line": 22, "column": 0 },
        "end": { "line": 22, "column": 18 }
      },
      "22": {
        "start": { "line": 23, "column": 0 },
        "end": { "line": 23, "column": 41 }
      },
      "23": {
        "start": { "line": 24, "column": 0 },
        "end": { "line": 24, "column": 38 }
      },
      "24": {
        "start": { "line": 25, "column": 0 },
        "end": { "line": 25, "column": 10 }
      },
      "25": {
        "start": { "line": 26, "column": 0 },
        "end": { "line": 26, "column": 8 }
      },
      "26": {
        "start": { "line": 27, "column": 0 },
        "end": { "line": 27, "column": 7 }
      },
      "27": {
        "start": { "line": 28, "column": 0 },
        "end": { "line": 28, "column": 26 }
      },
      "28": {
        "start": { "line": 29, "column": 0 },
        "end": { "line": 29, "column": 18 }
      },
      "29": {
        "start": { "line": 30, "column": 0 },
        "end": { "line": 30, "column": 55 }
      },
      "30": {
        "start": { "line": 31, "column": 0 },
        "end": { "line": 31, "column": 38 }
      },
      "31": {
        "start": { "line": 32, "column": 0 },
        "end": { "line": 32, "column": 10 }
      },
      "32": {
        "start": { "line": 33, "column": 0 },
        "end": { "line": 33, "column": 8 }
      },
      "33": {
        "start": { "line": 34, "column": 0 },
        "end": { "line": 34, "column": 6 }
      },
      "34": {
        "start": { "line": 35, "column": 0 },
        "end": { "line": 35, "column": 4 }
      },
      "36": {
        "start": { "line": 37, "column": 0 },
        "end": { "line": 37, "column": 92 }
      },
      "38": {
        "start": { "line": 39, "column": 0 },
        "end": { "line": 39, "column": 16 }
      },
      "39": {
        "start": { "line": 40, "column": 0 },
        "end": { "line": 40, "column": 4 }
      },
      "41": {
        "start": { "line": 42, "column": 0 },
        "end": { "line": 42, "column": 16 }
      },
      "42": {
        "start": { "line": 43, "column": 0 },
        "end": { "line": 43, "column": 27 }
      },
      "43": {
        "start": { "line": 44, "column": 0 },
        "end": { "line": 44, "column": 20 }
      },
      "44": {
        "start": { "line": 45, "column": 0 },
        "end": { "line": 45, "column": 18 }
      },
      "45": {
        "start": { "line": 46, "column": 0 },
        "end": { "line": 46, "column": 38 }
      },
      "46": {
        "start": { "line": 47, "column": 0 },
        "end": { "line": 47, "column": 30 }
      },
      "47": {
        "start": { "line": 48, "column": 0 },
        "end": { "line": 48, "column": 20 }
      },
      "48": {
        "start": { "line": 49, "column": 0 },
        "end": { "line": 49, "column": 50 }
      },
      "50": {
        "start": { "line": 51, "column": 0 },
        "end": { "line": 51, "column": 19 }
      },
      "51": {
        "start": { "line": 52, "column": 0 },
        "end": { "line": 52, "column": 22 }
      },
      "52": {
        "start": { "line": 53, "column": 0 },
        "end": { "line": 53, "column": 116 }
      },
      "53": {
        "start": { "line": 54, "column": 0 },
        "end": { "line": 54, "column": 36 }
      },
      "54": {
        "start": { "line": 55, "column": 0 },
        "end": { "line": 55, "column": 9 }
      },
      "55": {
        "start": { "line": 56, "column": 0 },
        "end": { "line": 56, "column": 5 }
      },
      "56": {
        "start": { "line": 57, "column": 0 },
        "end": { "line": 57, "column": 4 }
      },
      "57": {
        "start": { "line": 58, "column": 0 },
        "end": { "line": 58, "column": 2 }
      },
      "60": {
        "start": { "line": 61, "column": 0 },
        "end": { "line": 61, "column": 35 }
      },
      "61": {
        "start": { "line": 62, "column": 0 },
        "end": { "line": 62, "column": 26 }
      },
      "62": {
        "start": { "line": 63, "column": 0 },
        "end": { "line": 63, "column": 72 }
      },
      "64": {
        "start": { "line": 65, "column": 0 },
        "end": { "line": 65, "column": 93 }
      },
      "65": {
        "start": { "line": 66, "column": 0 },
        "end": { "line": 66, "column": 36 }
      },
      "66": {
        "start": { "line": 67, "column": 0 },
        "end": { "line": 67, "column": 46 }
      },
      "68": {
        "start": { "line": 69, "column": 0 },
        "end": { "line": 69, "column": 12 }
      },
      "69": {
        "start": { "line": 70, "column": 0 },
        "end": { "line": 70, "column": 145 }
      },
      "70": {
        "start": { "line": 71, "column": 0 },
        "end": { "line": 71, "column": 15 }
      },
      "71": {
        "start": { "line": 72, "column": 0 },
        "end": { "line": 72, "column": 27 }
      },
      "72": {
        "start": { "line": 73, "column": 0 },
        "end": { "line": 73, "column": 29 }
      },
      "73": {
        "start": { "line": 74, "column": 0 },
        "end": { "line": 74, "column": 70 }
      },
      "74": {
        "start": { "line": 75, "column": 0 },
        "end": { "line": 75, "column": 8 }
      },
      "75": {
        "start": { "line": 76, "column": 0 },
        "end": { "line": 76, "column": 13 }
      },
      "76": {
        "start": { "line": 77, "column": 0 },
        "end": { "line": 77, "column": 43 }
      },
      "77": {
        "start": { "line": 78, "column": 0 },
        "end": { "line": 78, "column": 25 }
      },
      "78": {
        "start": { "line": 79, "column": 0 },
        "end": { "line": 79, "column": 8 }
      },
      "79": {
        "start": { "line": 80, "column": 0 },
        "end": { "line": 80, "column": 6 }
      },
      "80": {
        "start": { "line": 81, "column": 0 },
        "end": { "line": 81, "column": 4 }
      },
      "81": {
        "start": { "line": 82, "column": 0 },
        "end": { "line": 82, "column": 2 }
      },
      "84": {
        "start": { "line": 85, "column": 0 },
        "end": { "line": 85, "column": 38 }
      },
      "85": {
        "start": { "line": 86, "column": 0 },
        "end": { "line": 86, "column": 25 }
      },
      "86": {
        "start": { "line": 87, "column": 0 },
        "end": { "line": 87, "column": 83 }
      },
      "88": {
        "start": { "line": 89, "column": 0 },
        "end": { "line": 89, "column": 27 }
      },
      "89": {
        "start": { "line": 90, "column": 0 },
        "end": { "line": 90, "column": 31 }
      },
      "91": {
        "start": { "line": 92, "column": 0 },
        "end": { "line": 92, "column": 72 }
      },
      "92": {
        "start": { "line": 93, "column": 0 },
        "end": { "line": 93, "column": 69 }
      },
      "95": {
        "start": { "line": 96, "column": 0 },
        "end": { "line": 96, "column": 45 }
      },
      "96": {
        "start": { "line": 97, "column": 0 },
        "end": { "line": 97, "column": 94 }
      },
      "98": {
        "start": { "line": 99, "column": 0 },
        "end": { "line": 99, "column": 33 }
      },
      "99": {
        "start": { "line": 100, "column": 0 },
        "end": { "line": 100, "column": 95 }
      },
      "101": {
        "start": { "line": 102, "column": 0 },
        "end": { "line": 102, "column": 5 }
      },
      "103": {
        "start": { "line": 104, "column": 0 },
        "end": { "line": 104, "column": 59 }
      },
      "104": {
        "start": { "line": 105, "column": 0 },
        "end": { "line": 105, "column": 4 }
      },
      "105": {
        "start": { "line": 106, "column": 0 },
        "end": { "line": 106, "column": 2 }
      }
    },
    "s": {
      "0": 0,
      "12": 0,
      "13": 0,
      "14": 0,
      "15": 0,
      "17": 0,
      "18": 0,
      "19": 0,
      "20": 0,
      "21": 0,
      "22": 0,
      "23": 0,
      "24": 0,
      "25": 0,
      "26": 0,
      "27": 0,
      "28": 0,
      "29": 0,
      "30": 0,
      "31": 0,
      "32": 0,
      "33": 0,
      "34": 0,
      "36": 0,
      "38": 0,
      "39": 0,
      "41": 0,
      "42": 0,
      "43": 0,
      "44": 0,
      "45": 0,
      "46": 0,
      "47": 0,
      "48": 0,
      "50": 0,
      "51": 0,
      "52": 0,
      "53": 0,
      "54": 0,
      "55": 0,
      "56": 0,
      "57": 0,
      "60": 0,
      "61": 0,
      "62": 0,
      "64": 0,
      "65": 0,
      "66": 0,
      "68": 0,
      "69": 0,
      "70": 0,
      "71": 0,
      "72": 0,
      "73": 0,
      "74": 0,
      "75": 0,
      "76": 0,
      "77": 0,
      "78": 0,
      "79": 0,
      "80": 0,
      "81": 0,
      "84": 0,
      "85": 0,
      "86": 0,
      "88": 0,
      "89": 0,
      "91": 0,
      "92": 0,
      "95": 0,
      "96": 0,
      "98": 0,
      "99": 0,
      "101": 0,
      "103": 0,
      "104": 0,
      "105": 0
    },
    "branchMap": {
      "0": {
        "type": "branch",
        "line": 1,
        "loc": {
          "start": { "line": 1, "column": 2935 },
          "end": { "line": 106, "column": 2 }
        },
        "locations": [
          {
            "start": { "line": 1, "column": 2935 },
            "end": { "line": 106, "column": 2 }
          }
        ]
      }
    },
    "b": { "0": [0] },
    "fnMap": {
      "0": {
        "name": "(empty-report)",
        "decl": {
          "start": { "line": 1, "column": 2935 },
          "end": { "line": 106, "column": 2 }
        },
        "loc": {
          "start": { "line": 1, "column": 2935 },
          "end": { "line": 106, "column": 2 }
        },
        "line": 1
      }
    },
    "f": { "0": 0 }
  },
  "/Users/shawwalters/eliza/packages/autonomous-starter/src/plugin-manager/providers/pluginStateProvider.ts": {
    "path": "/Users/shawwalters/eliza/packages/autonomous-starter/src/plugin-manager/providers/pluginStateProvider.ts",
    "all": false,
    "statementMap": {
      "0": {
        "start": { "line": 1, "column": 0 },
        "end": { "line": 1, "column": 8 }
      },
      "9": {
        "start": { "line": 10, "column": 0 },
        "end": { "line": 10, "column": 58 }
      },
      "11": {
        "start": { "line": 12, "column": 0 },
        "end": { "line": 12, "column": 46 }
      },
      "12": {
        "start": { "line": 13, "column": 0 },
        "end": { "line": 13, "column": 22 }
      },
      "13": {
        "start": { "line": 14, "column": 0 },
        "end": { "line": 14, "column": 14 }
      },
      "14": {
        "start": { "line": 15, "column": 0 },
        "end": { "line": 15, "column": 133 }
      },
      "16": {
        "start": { "line": 17, "column": 0 },
        "end": { "line": 17, "column": 93 }
      },
      "17": {
        "start": { "line": 18, "column": 0 },
        "end": { "line": 18, "column": 9 }
      },
      "18": {
        "start": { "line": 19, "column": 0 },
        "end": { "line": 19, "column": 89 }
      },
      "20": {
        "start": { "line": 21, "column": 0 },
        "end": { "line": 21, "column": 27 }
      },
      "21": {
        "start": { "line": 22, "column": 0 },
        "end": { "line": 22, "column": 16 }
      },
      "22": {
        "start": { "line": 23, "column": 0 },
        "end": { "line": 23, "column": 58 }
      },
      "23": {
        "start": { "line": 24, "column": 0 },
        "end": { "line": 24, "column": 21 }
      },
      "24": {
        "start": { "line": 25, "column": 0 },
        "end": { "line": 25, "column": 17 }
      },
      "25": {
        "start": { "line": 26, "column": 0 },
        "end": { "line": 26, "column": 54 }
      },
      "26": {
        "start": { "line": 27, "column": 0 },
        "end": { "line": 27, "column": 12 }
      },
      "27": {
        "start": { "line": 28, "column": 0 },
        "end": { "line": 28, "column": 10 }
      },
      "28": {
        "start": { "line": 29, "column": 0 },
        "end": { "line": 29, "column": 7 }
      },
      "30": {
        "start": { "line": 31, "column": 0 },
        "end": { "line": 31, "column": 52 }
      },
      "31": {
        "start": { "line": 32, "column": 0 },
        "end": { "line": 32, "column": 84 }
      },
      "32": {
        "start": { "line": 33, "column": 0 },
        "end": { "line": 33, "column": 82 }
      },
      "33": {
        "start": { "line": 34, "column": 0 },
        "end": { "line": 34, "column": 82 }
      },
      "34": {
        "start": { "line": 35, "column": 0 },
        "end": { "line": 35, "column": 88 }
      },
      "37": {
        "start": { "line": 38, "column": 0 },
        "end": { "line": 38, "column": 53 }
      },
      "38": {
        "start": { "line": 39, "column": 0 },
        "end": { "line": 39, "column": 70 }
      },
      "40": {
        "start": { "line": 41, "column": 0 },
        "end": { "line": 41, "column": 48 }
      },
      "41": {
        "start": { "line": 42, "column": 0 },
        "end": { "line": 42, "column": 78 }
      },
      "42": {
        "start": { "line": 43, "column": 0 },
        "end": { "line": 43, "column": 9 }
      },
      "44": {
        "start": { "line": 45, "column": 0 },
        "end": { "line": 45, "column": 27 }
      },
      "45": {
        "start": { "line": 46, "column": 0 },
        "end": { "line": 46, "column": 47 }
      },
      "46": {
        "start": { "line": 47, "column": 0 },
        "end": { "line": 47, "column": 9 }
      },
      "48": {
        "start": { "line": 49, "column": 0 },
        "end": { "line": 49, "column": 30 }
      },
      "49": {
        "start": { "line": 50, "column": 0 },
        "end": { "line": 50, "column": 81 }
      },
      "50": {
        "start": { "line": 51, "column": 0 },
        "end": { "line": 51, "column": 9 }
      },
      "52": {
        "start": { "line": 53, "column": 0 },
        "end": { "line": 53, "column": 33 }
      },
      "53": {
        "start": { "line": 54, "column": 0 },
        "end": { "line": 54, "column": 8 }
      },
      "55": {
        "start": { "line": 56, "column": 0 },
        "end": { "line": 56, "column": 36 }
      },
      "57": {
        "start": { "line": 58, "column": 0 },
        "end": { "line": 58, "column": 37 }
      },
      "58": {
        "start": { "line": 59, "column": 0 },
        "end": { "line": 59, "column": 22 }
      },
      "59": {
        "start": { "line": 60, "column": 0 },
        "end": { "line": 60, "column": 95 }
      },
      "60": {
        "start": { "line": 61, "column": 0 },
        "end": { "line": 61, "column": 10 }
      },
      "61": {
        "start": { "line": 62, "column": 0 },
        "end": { "line": 62, "column": 7 }
      },
      "63": {
        "start": { "line": 64, "column": 0 },
        "end": { "line": 64, "column": 36 }
      },
      "64": {
        "start": { "line": 65, "column": 0 },
        "end": { "line": 65, "column": 22 }
      },
      "65": {
        "start": { "line": 66, "column": 0 },
        "end": { "line": 66, "column": 99 }
      },
      "66": {
        "start": { "line": 67, "column": 0 },
        "end": { "line": 67, "column": 10 }
      },
      "67": {
        "start": { "line": 68, "column": 0 },
        "end": { "line": 68, "column": 7 }
      },
      "69": {
        "start": { "line": 70, "column": 0 },
        "end": { "line": 70, "column": 36 }
      },
      "70": {
        "start": { "line": 71, "column": 0 },
        "end": { "line": 71, "column": 22 }
      },
      "71": {
        "start": { "line": 72, "column": 0 },
        "end": { "line": 72, "column": 93 }
      },
      "72": {
        "start": { "line": 73, "column": 0 },
        "end": { "line": 73, "column": 10 }
      },
      "73": {
        "start": { "line": 74, "column": 0 },
        "end": { "line": 74, "column": 7 }
      },
      "75": {
        "start": { "line": 76, "column": 0 },
        "end": { "line": 76, "column": 39 }
      },
      "76": {
        "start": { "line": 77, "column": 0 },
        "end": { "line": 77, "column": 22 }
      },
      "77": {
        "start": { "line": 78, "column": 0 },
        "end": { "line": 78, "column": 91 }
      },
      "78": {
        "start": { "line": 79, "column": 0 },
        "end": { "line": 79, "column": 10 }
      },
      "79": {
        "start": { "line": 80, "column": 0 },
        "end": { "line": 80, "column": 7 }
      },
      "82": {
        "start": { "line": 83, "column": 0 },
        "end": { "line": 83, "column": 50 }
      },
      "83": {
        "start": { "line": 84, "column": 0 },
        "end": { "line": 84, "column": 30 }
      },
      "84": {
        "start": { "line": 85, "column": 0 },
        "end": { "line": 85, "column": 67 }
      },
      "85": {
        "start": { "line": 86, "column": 0 },
        "end": { "line": 86, "column": 9 }
      },
      "87": {
        "start": { "line": 88, "column": 0 },
        "end": { "line": 88, "column": 39 }
      },
      "88": {
        "start": { "line": 89, "column": 0 },
        "end": { "line": 89, "column": 22 }
      },
      "89": {
        "start": { "line": 90, "column": 0 },
        "end": { "line": 90, "column": 82 }
      },
      "90": {
        "start": { "line": 91, "column": 0 },
        "end": { "line": 91, "column": 33 }
      },
      "91": {
        "start": { "line": 92, "column": 0 },
        "end": { "line": 92, "column": 25 }
      },
      "92": {
        "start": { "line": 93, "column": 0 },
        "end": { "line": 93, "column": 10 }
      },
      "93": {
        "start": { "line": 94, "column": 0 },
        "end": { "line": 94, "column": 7 }
      },
      "95": {
        "start": { "line": 96, "column": 0 },
        "end": { "line": 96, "column": 18 }
      },
      "96": {
        "start": { "line": 97, "column": 0 },
        "end": { "line": 97, "column": 27 }
      },
      "97": {
        "start": { "line": 98, "column": 0 },
        "end": { "line": 98, "column": 33 }
      },
      "98": {
        "start": { "line": 99, "column": 0 },
        "end": { "line": 99, "column": 59 }
      },
      "100": {
        "start": { "line": 101, "column": 0 },
        "end": { "line": 101, "column": 14 }
      },
      "101": {
        "start": { "line": 102, "column": 0 },
        "end": { "line": 102, "column": 13 }
      },
      "102": {
        "start": { "line": 103, "column": 0 },
        "end": { "line": 103, "column": 17 }
      },
      "103": {
        "start": { "line": 104, "column": 0 },
        "end": { "line": 104, "column": 39 }
      },
      "104": {
        "start": { "line": 105, "column": 0 },
        "end": { "line": 105, "column": 44 }
      },
      "105": {
        "start": { "line": 106, "column": 0 },
        "end": { "line": 106, "column": 42 }
      },
      "106": {
        "start": { "line": 107, "column": 0 },
        "end": { "line": 107, "column": 42 }
      },
      "107": {
        "start": { "line": 108, "column": 0 },
        "end": { "line": 108, "column": 48 }
      },
      "108": {
        "start": { "line": 109, "column": 0 },
        "end": { "line": 109, "column": 56 }
      },
      "109": {
        "start": { "line": 110, "column": 0 },
        "end": { "line": 110, "column": 10 }
      },
      "110": {
[...]
          "start": { "line": 167, "column": 6 },
          "end": { "line": 186, "column": 13 }
        },
        "locations": [
          {
            "start": { "line": 167, "column": 6 },
            "end": { "line": 186, "column": 13 }
          }
        ]
      },
      "37": {
        "type": "branch",
        "line": 186,
        "loc": {
          "start": { "line": 186, "column": 4 },
          "end": { "line": 202, "column": 5 }
        },
        "locations": [
          {
            "start": { "line": 186, "column": 4 },
            "end": { "line": 202, "column": 5 }
          }
        ]
      },
      "38": {
        "type": "branch",
        "line": 187,
        "loc": {
          "start": { "line": 187, "column": 54 },
          "end": { "line": 187, "column": 78 }
        },
        "locations": [
          {
            "start": { "line": 187, "column": 54 },
            "end": { "line": 187, "column": 78 }
          }
        ]
      },
      "39": {
        "type": "branch",
        "line": 205,
        "loc": {
          "start": { "line": 205, "column": 2 },
          "end": { "line": 257, "column": 3 }
        },
        "locations": [
          {
            "start": { "line": 205, "column": 2 },
            "end": { "line": 257, "column": 3 }
          }
        ]
      },
      "40": {
        "type": "branch",
        "line": 208,
        "loc": {
          "start": { "line": 208, "column": 22 },
          "end": { "line": 210, "column": 5 }
        },
        "locations": [
          {
            "start": { "line": 208, "column": 22 },
            "end": { "line": 210, "column": 5 }
          }
        ]
      },
      "41": {
        "type": "branch",
        "line": 210,
        "loc": {
          "start": { "line": 210, "column": 4 },
          "end": { "line": 212, "column": 52 }
        },
        "locations": [
          {
            "start": { "line": 210, "column": 4 },
            "end": { "line": 212, "column": 52 }
          }
        ]
      },
      "42": {
        "type": "branch",
        "line": 212,
        "loc": {
          "start": { "line": 212, "column": 52 },
          "end": { "line": 215, "column": 5 }
        },
        "locations": [
          {
            "start": { "line": 212, "column": 52 },
            "end": { "line": 215, "column": 5 }
          }
        ]
      },
      "43": {
        "type": "branch",
        "line": 215,
        "loc": {
          "start": { "line": 215, "column": 4 },
          "end": { "line": 219, "column": 20 }
        },
        "locations": [
          {
            "start": { "line": 215, "column": 4 },
            "end": { "line": 219, "column": 20 }
          }
        ]
      },
      "44": {
        "type": "branch",
        "line": 219,
        "loc": {
          "start": { "line": 219, "column": 20 },
          "end": { "line": 221, "column": 5 }
        },
        "locations": [
          {
            "start": { "line": 219, "column": 20 },
            "end": { "line": 221, "column": 5 }
          }
        ]
      },
      "45": {
        "type": "branch",
        "line": 221,
        "loc": {
          "start": { "line": 221, "column": 4 },
          "end": { "line": 226, "column": 31 }
        },
        "locations": [
          {
            "start": { "line": 221, "column": 4 },
            "end": { "line": 226, "column": 31 }
          }
        ]
      },
      "46": {
        "type": "branch",
        "line": 226,
        "loc": {
          "start": { "line": 226, "column": 31 },
          "end": { "line": 228, "column": 7 }
        },
        "locations": [
          {
            "start": { "line": 226, "column": 31 },
            "end": { "line": 228, "column": 7 }
          }
        ]
      },
      "47": {
        "type": "branch",
        "line": 228,
        "loc": {
          "start": { "line": 228, "column": 6 },
          "end": { "line": 231, "column": 64 }
        },
        "locations": [
          {
            "start": { "line": 228, "column": 6 },
            "end": { "line": 231, "column": 64 }
          }
        ]
      },
      "48": {
        "type": "branch",
        "line": 231,
        "loc": {
          "start": { "line": 231, "column": 62 },
          "end": { "line": 246, "column": 13 }
        },
        "locations": [
          {
            "start": { "line": 231, "column": 62 },
            "end": { "line": 246, "column": 13 }
          }
        ]
      },
      "49": {
        "type": "branch",
        "line": 246,
        "loc": {
          "start": { "line": 246, "column": 4 },
          "end": { "line": 256, "column": 5 }
        },
        "locations": [
          {
            "start": { "line": 246, "column": 4 },
            "end": { "line": 256, "column": 5 }
          }
        ]
      },
      "50": {
        "type": "branch",
        "line": 247,
        "loc": {
          "start": { "line": 247, "column": 54 },
          "end": { "line": 247, "column": 78 }
        },
        "locations": [
          {
            "start": { "line": 247, "column": 54 },
            "end": { "line": 247, "column": 78 }
          }
        ]
      },
      "51": {
        "type": "branch",
        "line": 218,
        "loc": {
          "start": { "line": 218, "column": 49 },
          "end": { "line": 218, "column": 83 }
        },
        "locations": [
          {
            "start": { "line": 218, "column": 49 },
            "end": { "line": 218, "column": 83 }
          }
        ]
      },
      "52": {
        "type": "branch",
        "line": 259,
        "loc": {
          "start": { "line": 259, "column": 2 },
          "end": { "line": 284, "column": 3 }
        },
        "locations": [
          {
            "start": { "line": 259, "column": 2 },
            "end": { "line": 284, "column": 3 }
          }
        ]
      },
      "53": {
        "type": "branch",
        "line": 262,
        "loc": {
          "start": { "line": 262, "column": 36 },
          "end": { "line": 264, "column": 5 }
        },
        "locations": [
          {
            "start": { "line": 262, "column": 36 },
            "end": { "line": 264, "column": 5 }
          }
        ]
      },
      "54": {
        "type": "branch",
        "line": 264,
        "loc": {
          "start": { "line": 264, "column": 4 },
          "end": { "line": 283, "column": 20 }
        },
        "locations": [
          {
            "start": { "line": 264, "column": 4 },
            "end": { "line": 283, "column": 20 }
          }
        ]
      },
      "55": {
        "type": "branch",
        "line": 286,
        "loc": {
          "start": { "line": 286, "column": 2 },
          "end": { "line": 326, "column": 3 }
        },
        "locations": [
          {
            "start": { "line": 286, "column": 2 },
            "end": { "line": 326, "column": 3 }
          }
        ]
      },
      "56": {
        "type": "branch",
        "line": 302,
        "loc": {
          "start": { "line": 302, "column": 27 },
          "end": { "line": 306, "column": 5 }
        },
        "locations": [
          {
            "start": { "line": 302, "column": 27 },
            "end": { "line": 306, "column": 5 }
          }
        ]
      },
      "57": {
        "type": "branch",
        "line": 309,
        "loc": {
          "start": { "line": 309, "column": 25 },
          "end": { "line": 319, "column": 5 }
        },
        "locations": [
          {
            "start": { "line": 309, "column": 25 },
            "end": { "line": 319, "column": 5 }
          }
        ]
      },
      "58": {
        "type": "branch",
        "line": 312,
        "loc": {
          "start": { "line": 312, "column": 63 },
          "end": { "line": 315, "column": 17 }
        },
        "locations": [
          {
            "start": { "line": 312, "column": 63 },
            "end": { "line": 315, "column": 17 }
          }
        ]
      },
      "59": {
        "type": "branch",
        "line": 315,
        "loc": {
          "start": { "line": 315, "column": 8 },
          "end": { "line": 317, "column": 9 }
        },
        "locations": [
          {
            "start": { "line": 315, "column": 8 },
            "end": { "line": 317, "column": 9 }
          }
        ]
      },
      "60": {
        "type": "branch",
        "line": 322,
        "loc": {
          "start": { "line": 322, "column": 31 },
          "end": { "line": 324, "column": 5 }
        },
        "locations": [
          {
            "start": { "line": 322, "column": 31 },
            "end": { "line": 324, "column": 5 }
          }
        ]
      },
      "61": {
        "type": "branch",
        "line": 328,
        "loc": {
          "start": { "line": 328, "column": 2 },
          "end": { "line": 386, "column": 3 }
        },
        "locations": [
          {
            "start": { "line": 328, "column": 2 },
            "end": { "line": 386, "column": 3 }
          }
        ]
      },
      "62": {
        "type": "branch",
        "line": 354,
        "loc": {
          "start": { "line": 354, "column": 15 },
          "end": { "line": 354, "column": 54 }
        },
        "locations": [
          {
            "start": { "line": 354, "column": 15 },
            "end": { "line": 354, "column": 54 }
          }
        ]
      },
      "63": {
        "type": "branch",
        "line": 354,
        "loc": {
          "start": { "line": 354, "column": 54 },
          "end": { "line": 363, "column": 5 }
        },
        "locations": [
          {
            "start": { "line": 354, "column": 54 },
            "end": { "line": 363, "column": 5 }
          }
        ]
      },
      "64": {
        "type": "branch",
        "line": 366,
        "loc": {
          "start": { "line": 366, "column": 15 },
          "end": { "line": 366, "column": 50 }
        },
        "locations": [
          {
            "start": { "line": 366, "column": 15 },
            "end": { "line": 366, "column": 50 }
          }
        ]
      },
      "65": {
        "type": "branch",
        "line": 366,
        "loc": {
          "start": { "line": 366, "column": 50 },
          "end": { "line": 377, "column": 5 }
        },
        "locations": [
          {
            "start": { "line": 366, "column": 50 },
            "end": { "line": 377, "column": 5 }
          }
        ]
      },
      "66": {
        "type": "branch",
        "line": 372,
        "loc": {
          "start": { "line": 372, "column": 31 },
          "end": { "line": 374, "column": 11 }
        },
        "locations": [
          {
            "start": { "line": 372, "column": 31 },
            "end": { "line": 374, "column": 11 }
          }
        ]
      },
      "67": {
        "type": "branch",
        "line": 376,
        "loc": {
          "start": { "line": 376, "column": 6 },
          "end": { "line": 377, "column": 5 }
        },
        "locations": [
          {
            "start": { "line": 376, "column": 6 },
            "end": { "line": 377, "column": 5 }
          }
        ]
      },
      "68": {
        "type": "branch",
        "line": 377,
        "loc": {
          "start": { "line": 377, "column": 4 },
          "end": { "line": 385, "column": 5 }
        },
        "locations": [
          {
            "start": { "line": 377, "column": 4 },
            "end": { "line": 385, "column": 5 }
          }
        ]
      },
      "69": {
        "type": "branch",
        "line": 333,
        "loc": {
          "start": { "line": 333, "column": 55 },
          "end": { "line": 333, "column": 84 }
        },
        "locations": [
          {
            "start": { "line": 333, "column": 55 },
            "end": { "line": 333, "column": 84 }
          }
        ]
      },
      "70": {
        "type": "branch",
        "line": 345,
        "loc": {
          "start": { "line": 345, "column": 57 },
          "end": { "line": 345, "column": 88 }
        },
        "locations": [
          {
            "start": { "line": 345, "column": 57 },
            "end": { "line": 345, "column": 88 }
          }
        ]
      },
      "71": {
        "type": "branch",
        "line": 357,
        "loc": {
          "start": { "line": 357, "column": 58 },
          "end": { "line": 357, "column": 90 }
        },
        "locations": [
          {
            "start": { "line": 357, "column": 58 },
            "end": { "line": 357, "column": 90 }
          }
        ]
      },
      "72": {
        "type": "branch",
        "line": 381,
        "loc": {
          "start": { "line": 381, "column": 51 },
          "end": { "line": 381, "column": 80 }
        },
        "locations": [
          {
            "start": { "line": 381, "column": 51 },
            "end": { "line": 381, "column": 80 }
          }
        ]
      }
    },
    "b": {
      "0": [59],
      "1": [0],
      "2": [2],
      "3": [57],
      "4": [57],
      "5": [3],
      "6": [57],
      "7": [55],
      "8": [1],
      "9": [55],
      "10": [1],
      "11": [55],
      "12": [1],
      "13": [55],
      "14": [4],
      "15": [57],
      "16": [3],
      "17": [15],
      "18": [23],
      "19": [1],
      "20": [2],
      "21": [38],
      "22": [26],
      "23": [1],
      "24": [25],
      "25": [2],
      "26": [1],
      "27": [24],
      "28": [2],
      "29": [2],
      "30": [1],
      "31": [23],
      "32": [1],
      "33": [22],
      "34": [3],
      "35": [1],
      "36": [20],
      "37": [2],
      "38": [0],
      "39": [10],
      "40": [1],
      "41": [9],
      "42": [1],
      "43": [8],
      "44": [2],
      "45": [6],
      "46": [1],
      "47": [5],
      "48": [4],
      "49": [2],
      "50": [0],
      "51": [2],
      "52": [37],
      "53": [1],
      "54": [36],
      "55": [20],
      "56": [1],
      "57": [4],
      "58": [3],
      "59": [1],
      "60": [1],
      "61": [5],
      "62": [1],
      "63": [1],
      "64": [3],
      "65": [3],
      "66": [2],
      "67": [2],
      "68": [4],
      "69": [6],
      "70": [6],
      "71": [2],
      "72": [4]
    },
    "fnMap": {
      "0": {
        "name": "get",
        "decl": {
          "start": { "line": 1, "column": 0 },
          "end": { "line": 1, "column": 8 }
        },
        "loc": {
          "start": { "line": 1, "column": 0 },
          "end": { "line": 1, "column": 8 }
        },
        "line": 1
      },
      "1": {
        "name": "<static_initializer>",
        "decl": {
          "start": { "line": 21, "column": 2 },
          "end": { "line": 21, "column": 85 }
        },
        "loc": {
          "start": { "line": 21, "column": 2 },
          "end": { "line": 21, "column": 85 }
        },
        "line": 21
      },
      "2": {
        "name": "<instance_members_initializer>",
        "decl": {
          "start": { "line": 22, "column": 11 },
          "end": { "line": 30, "column": 52 }
        },
        "loc": {
          "start": { "line": 22, "column": 11 },
          "end": { "line": 30, "column": 52 }
        },
        "line": 22
      },
      "3": {
        "name": "PluginManagerService",
        "decl": {
          "start": { "line": 32, "column": 2 },
          "end": { "line": 52, "column": 3 }
        },
        "loc": {
          "start": { "line": 32, "column": 2 },
          "end": { "line": 52, "column": 3 }
        },
        "line": 32
      },
      "4": {
        "name": "start",
        "decl": {
          "start": { "line": 54, "column": 2 },
          "end": { "line": 60, "column": 3 }
        },
        "loc": {
          "start": { "line": 54, "column": 2 },
          "end": { "line": 60, "column": 3 }
        },
        "line": 54
      },
      "5": {
        "name": "storeOriginalComponents",
        "decl": {
          "start": { "line": 62, "column": 10 },
          "end": { "line": 90, "column": 3 }
        },
        "loc": {
          "start": { "line": 62, "column": 10 },
          "end": { "line": 90, "column": 3 }
        },
        "line": 62
      },
      "6": {
        "name": "initializeRegistry",
        "decl": {
          "start": { "line": 92, "column": 10 },
          "end": { "line": 108, "column": 3 }
        },
        "loc": {
          "start": { "line": 92, "column": 10 },
          "end": { "line": 108, "column": 3 }
        },
        "line": 92
      },
      "7": {
        "name": "getPlugin",
        "decl": {
          "start": { "line": 110, "column": 2 },
          "end": { "line": 112, "column": 3 }
        },
        "loc": {
          "start": { "line": 110, "column": 2 },
          "end": { "line": 112, "column": 3 }
        },
        "line": 110
      },
      "8": {
        "name": "getAllPlugins",
        "decl": {
          "start": { "line": 114, "column": 2 },
          "end": { "line": 116, "column": 3 }
        },
        "loc": {
          "start": { "line": 114, "column": 2 },
          "end": { "line": 116, "column": 3 }
        },
        "line": 114
      },
      "9": {
        "name": "getLoadedPlugins",
        "decl": {
          "start": { "line": 118, "column": 2 },
          "end": { "line": 120, "column": 3 }
        },
        "loc": {
          "start": { "line": 118, "column": 2 },
          "end": { "line": 120, "column": 3 }
        },
        "line": 118
      },
      "10": {
        "name": "updatePluginState",
        "decl": {
          "start": { "line": 122, "column": 2 },
          "end": { "line": 127, "column": 3 }
        },
        "loc": {
          "start": { "line": 122, "column": 2 },
          "end": { "line": 127, "column": 3 }
        },
        "line": 122
      },
      "11": {
        "name": "loadPlugin",
        "decl": {
          "start": { "line": 129, "column": 2 },
          "end": { "line": 203, "column": 3 }
        },
        "loc": {
          "start": { "line": 129, "column": 2 },
          "end": { "line": 203, "column": 3 }
        },
        "line": 129
      },
      "12": {
        "name": "unloadPlugin",
        "decl": {
          "start": { "line": 205, "column": 2 },
          "end": { "line": 257, "column": 3 }
        },
        "loc": {
          "start": { "line": 205, "column": 2 },
          "end": { "line": 257, "column": 3 }
        },
        "line": 205
      },
      "13": {
        "name": "registerPlugin",
        "decl": {
          "start": { "line": 259, "column": 2 },
          "end": { "line": 284, "column": 3 }
        },
        "loc": {
          "start": { "line": 259, "column": 2 },
          "end": { "line": 284, "column": 3 }
        },
        "line": 259
      },
      "14": {
        "name": "registerPluginComponents",
        "decl": {
          "start": { "line": 286, "column": 2 },
          "end": { "line": 326, "column": 3 }
        },
        "loc": {
          "start": { "line": 286, "column": 2 },
          "end": { "line": 326, "column": 3 }
        },
        "line": 286
      },
      "15": {
        "name": "unregisterPluginComponents",
        "decl": {
          "start": { "line": 328, "column": 2 },
          "end": { "line": 386, "column": 3 }
        },
        "loc": {
          "start": { "line": 328, "column": 2 },
          "end": { "line": 386, "column": 3 }
        },
        "line": 328
      },
      "16": {
        "name": "stop",
        "decl": {
          "start": { "line": 388, "column": 2 },
          "end": { "line": 391, "column": 3 }
        },
        "loc": {
          "start": { "line": 388, "column": 2 },
          "end": { "line": 391, "column": 3 }
        },
        "line": 388
      }
    },
    "f": {
      "0": 59,
      "1": 2,
      "2": 57,
      "3": 57,
      "4": 0,
      "5": 57,
      "6": 57,
      "7": 15,
      "8": 23,
      "9": 1,
      "10": 38,
      "11": 26,
      "12": 10,
      "13": 37,
      "14": 20,
      "15": 5,
      "16": 0
    }
  }
}
